#
# There is insufficient memory for the Java Runtime Environment to continue.
# Native memory allocation (mmap) failed to map 65536 bytes. Error detail: Failed to commit metaspace.
# Possible reasons:
#   The system is out of physical RAM or swap space
#   This process is running with CompressedOops enabled, and the Java Heap may be blocking the growth of the native heap
# Possible solutions:
#   Reduce memory load on the system
#   Increase physical memory or swap space
#   Check if swap backing store is full
#   Decrease Java heap size (-Xmx/-Xms)
#   Decrease number of Java threads
#   Decrease Java thread stack sizes (-Xss)
#   Set larger code cache with -XX:ReservedCodeCacheSize=
#   JVM is running with Zero Based Compressed Oops mode in which the Java heap is
#     placed in the first 32GB address space. The Java Heap base address is the
#     maximum limit for the native heap growth. Please use -XX:HeapBaseMinAddress
#     to set the Java Heap base and to place the Java Heap above 32GB virtual address.
# This output file may be truncated or incomplete.
#
#  Out of Memory Error (virtualSpaceNode.cpp:110), pid=2388, tid=14428
#
# JRE version: OpenJDK Runtime Environment Microsoft-11369865 (17.0.15+6) (build 17.0.15+6-LTS)
# Java VM: OpenJDK 64-Bit Server VM Microsoft-11369865 (17.0.15+6-LTS, mixed mode, emulated-client, sharing, tiered, compressed oops, compressed class ptrs, g1 gc, windows-amd64)
# No core dump will be written. Minidumps are not enabled by default on client versions of Windows
#

---------------  S U M M A R Y ------------

Command Line: -XX:TieredStopAtLevel=1 -Dspring.output.ansi.enabled=always -Dcom.sun.management.jmxremote -Dspring.jmx.enabled=true -Dspring.liveBeansView.mbeanDomain -Dspring.application.admin.enabled=true -Dmanagement.endpoints.jmx.exposure.include=* -javaagent:C:\Program Files\JetBrains\IntelliJ IDEA 2025.1\lib\idea_rt.jar=56138 -Dfile.encoding=UTF-8 com.example.demo.DemoApplication

Host: Intel(R) Core(TM) i7-4600U CPU @ 2.10GHz, 4 cores, 14G,  Windows 10 , 64 bit Build 19041 (10.0.19041.5678)
Time: Fri May  2 12:16:37 2025 AUS Eastern Standard Time elapsed time: 3.119500 seconds (0d 0h 0m 3s)

---------------  T H R E A D  ---------------

Current thread (0x000001c0806a6f20):  JavaThread "background-preinit" [_thread_in_vm, id=14428, stack(0x0000004f5c200000,0x0000004f5c300000)]

Stack: [0x0000004f5c200000,0x0000004f5c300000]
Native frames: (J=compiled Java code, j=interpreted, Vv=VM code, C=native code)
V  [jvm.dll+0x6887a9]
V  [jvm.dll+0x83f5a8]
V  [jvm.dll+0x841053]
V  [jvm.dll+0x8416c3]
V  [jvm.dll+0x2496ef]
V  [jvm.dll+0x83b35d]
V  [jvm.dll+0x62cb0e]
V  [jvm.dll+0x1c1720]
V  [jvm.dll+0x62f470]
V  [jvm.dll+0x62d4b6]
V  [jvm.dll+0x23d41f]
V  [jvm.dll+0x637375]
V  [jvm.dll+0x1eb48d]
V  [jvm.dll+0x1eb995]
V  [jvm.dll+0x1ec33c]
V  [jvm.dll+0x1e19f1]
V  [jvm.dll+0x54bd14]
V  [jvm.dll+0x7b94d8]
V  [jvm.dll+0x7b95c4]
V  [jvm.dll+0x418223]
V  [jvm.dll+0x41ed19]
C  [java.dll+0x17ec]

Java frames: (J=compiled Java code, j=interpreted, Vv=VM code)
J 1120  java.lang.ClassLoader.defineClass1(Ljava/lang/ClassLoader;Ljava/lang/String;[BIILjava/security/ProtectionDomain;Ljava/lang/String;)Ljava/lang/Class; java.base@17.0.15 (0 bytes) @ 0x000001c0ac971963 [0x000001c0ac9718a0+0x00000000000000c3]
J 1294 c1 java.lang.ClassLoader.defineClass(Ljava/lang/String;[BIILjava/security/ProtectionDomain;)Ljava/lang/Class; java.base@17.0.15 (43 bytes) @ 0x000001c0ac9bc8ec [0x000001c0ac9bc7e0+0x000000000000010c]
J 1295 c1 jdk.internal.loader.BuiltinClassLoader.defineClass(Ljava/lang/String;Ljdk/internal/loader/Resource;)Ljava/lang/Class; java.base@17.0.15 (121 bytes) @ 0x000001c0ac9be074 [0x000001c0ac9bdba0+0x00000000000004d4]
J 1289 c1 jdk.internal.loader.BuiltinClassLoader.findClassOnClassPathOrNull(Ljava/lang/String;)Ljava/lang/Class; java.base@17.0.15 (64 bytes) @ 0x000001c0ac9babec [0x000001c0ac9ba920+0x00000000000002cc]
J 1075 c1 jdk.internal.loader.BuiltinClassLoader.loadClassOrNull(Ljava/lang/String;Z)Ljava/lang/Class; java.base@17.0.15 (143 bytes) @ 0x000001c0ac96253c [0x000001c0ac9620a0+0x000000000000049c]
J 1200 c1 jdk.internal.loader.ClassLoaders$AppClassLoader.loadClass(Ljava/lang/String;Z)Ljava/lang/Class; java.base@17.0.15 (40 bytes) @ 0x000001c0ac99392c [0x000001c0ac9937e0+0x000000000000014c]
J 1182 c1 java.lang.ClassLoader.loadClass(Ljava/lang/String;)Ljava/lang/Class; java.base@17.0.15 (7 bytes) @ 0x000001c0ac98d364 [0x000001c0ac98d320+0x0000000000000044]
v  ~StubRoutines::call_stub
j  com.fasterxml.jackson.databind.ObjectMapper.<init>(Lcom/fasterxml/jackson/core/JsonFactory;Lcom/fasterxml/jackson/databind/ser/DefaultSerializerProvider;Lcom/fasterxml/jackson/databind/deser/DefaultDeserializationContext;)V+87
j  com.fasterxml.jackson.databind.ObjectMapper.<init>()V+4
j  org.springframework.http.converter.json.Jackson2ObjectMapperBuilder.build()Lcom/fasterxml/jackson/databind/ObjectMapper;+81
j  org.springframework.http.converter.json.MappingJackson2HttpMessageConverter.<init>()V+4
j  org.springframework.http.converter.support.AllEncompassingFormHttpMessageConverter.<init>()V+55
j  org.springframework.boot.autoconfigure.BackgroundPreinitializer$MessageConverterInitializer.run()V+4
j  org.springframework.boot.autoconfigure.BackgroundPreinitializer$1.runSafely(Ljava/lang/Runnable;)Z+1
j  org.springframework.boot.autoconfigure.BackgroundPreinitializer$1.run()V+32
j  java.lang.Thread.run()V+11 java.base@17.0.15
v  ~StubRoutines::call_stub

Compiled method (n/a)    3169 1120     n 0       java.lang.ClassLoader::defineClass1 (native)
 total in heap  [0x000001c0ac971710,0x000001c0ac971bf0] = 1248
 relocation     [0x000001c0ac971868,0x000001c0ac9718a0] = 56
 main code      [0x000001c0ac9718a0,0x000001c0ac971bf0] = 848

[Constant Pool (empty)]

[MachCode]
[Entry Point]
  # {method} {0x000001c0bb010f28} 'defineClass1' '(Ljava/lang/ClassLoader;Ljava/lang/String;[BIILjava/security/ProtectionDomain;Ljava/lang/String;)Ljava/lang/Class;' in 'java/lang/ClassLoader'
  # parm0:    rdx:rdx   = 'java/lang/ClassLoader'
  # parm1:    r8:r8     = 'java/lang/String'
  # parm2:    r9:r9     = '[B'
  # parm3:    rdi       = int
  # parm4:    rsi       = int
  # parm5:    rcx:rcx   = 'java/security/ProtectionDomain'
  # parm6:    [sp+0xa0]   = 'java/lang/String'  (sp of caller)
  0x000001c0ac9718a0: 448b 5208 | 49bb 0000 | 00bb c001 | 0000 4d03 | d349 3bc2 | 0f84 0600 

  0x000001c0ac9718b8: ;   {runtime_call ic_miss_stub}
  0x000001c0ac9718b8: 0000 e9c1 | f7c9 ff90 
[Verified Entry Point]
  0x000001c0ac9718c0: 8984 2400 | 90ff ff55 | 488b ec48 | 81ec 9000 | 0000 4881 | 7d10 0000 | 0000 488d | 4510 480f 
  0x000001c0ac9718e0: 4445 1048 | 8944 2440 | 4889 4c24 | 7048 83f9 | 0048 8d44 | 2470 480f | 4444 2470 | 4889 4424 
  0x000001c0ac971900: 3848 8974 | 2430 4889 | 7c24 284c | 894c 2458 | 4983 f900 | 488d 4424 | 5848 0f44 | 4424 5848 
  0x000001c0ac971920: 8944 2420 | 4c89 4424 | 5049 83f8 | 004c 8d4c | 2450 4c0f | 444c 2450 | 4889 5424 | 4848 83fa 
  0x000001c0ac971940: 004c 8d44 | 2448 4c0f | 4444 2448 

  0x000001c0ac97194c: ;   {oop(a 'java/lang/Class'{0x0000000715221ac8} = 'java/lang/ClassLoader')}
  0x000001c0ac97194c: 49be c81a | 2215 0700 | 0000 4c89 | 7424 784c | 8d74 2478 | 498b d6c5 

  0x000001c0ac971964: ;   {internal_word}
  0x000001c0ac971964: f877 49ba | 6319 97ac | c001 0000 | 4d89 97a0 | 0200 0049 | 89a7 9802 

  0x000001c0ac97197c: ;   {external_word}
  0x000001c0ac97197c: 0000 49ba | ad37 66e6 | f87f 0000 | 4180 3a00 | 0f84 5200 | 0000 5241 

  0x000001c0ac971994: ;   {metadata({method} {0x000001c0bb010f28} 'defineClass1' '(Ljava/lang/ClassLoader;Ljava/lang/String;[BIILjava/security/ProtectionDomain;Ljava/lang/String;)Ljava/lang/Class;' in 'java/lang/ClassLoader')}
  0x000001c0ac971994: 5041 5148 | ba20 0f01 | bbc0 0100 | 0049 8bcf | 4883 ec20 | f7c4 0f00 | 0000 0f84 | 1a00 0000 
  0x000001c0ac9719b4: 4883 ec08 

  0x000001c0ac9719b8: ;   {runtime_call}
  0x000001c0ac9719b8: 49ba 90e9 | 1be6 f87f | 0000 41ff | d248 83c4 | 08e9 0d00 

  0x000001c0ac9719cc: ;   {runtime_call}
  0x000001c0ac9719cc: 0000 49ba | 90e9 1be6 | f87f 0000 | 41ff d248 | 83c4 2041 | 5941 585a | 498d 8fb8 | 0200 0041 
  0x000001c0ac9719ec: c787 4003 | 0000 0400 

  0x000001c0ac9719f4: ;   {runtime_call}
  0x000001c0ac9719f4: 0000 49ba | ac16 6821 | f97f 0000 | 41ff d2c5 | f877 41c7 | 8740 0300 | 0005 0000 | 00f0 8344 
  0x000001c0ac971a14: 24c0 0049 | 3baf 4803 | 0000 0f87 | 1100 0000 | 4181 bf30 | 0300 0000 | 0000 000f | 842c 0000 
  0x000001c0ac971a34: 00c5 f877 | 4889 45f8 | 498b cf4c | 8be4 4883 | ec20 4883 

  0x000001c0ac971a48: ;   {runtime_call}
  0x000001c0ac971a48: e4f0 49ba | 90f7 2be6 | f87f 0000 | 41ff d249 | 8be4 4d33 | e448 8b45 | f841 c787 | 4003 0000 
  0x000001c0ac971a68: 0800 0000 | 4181 bfb0 | 0300 0002 | 0000 000f | 843f 0100 

  0x000001c0ac971a7c: ;   {external_word}
  0x000001c0ac971a7c: 0049 baad | 3766 e6f8 | 7f00 0041 | 803a 000f | 8450 0000 | 0048 8945 

  0x000001c0ac971a94: ;   {metadata({method} {0x000001c0bb010f28} 'defineClass1' '(Ljava/lang/ClassLoader;Ljava/lang/String;[BIILjava/security/ProtectionDomain;Ljava/lang/String;)Ljava/lang/Class;' in 'java/lang/ClassLoader')}
  0x000001c0ac971a94: f848 ba20 | 0f01 bbc0 | 0100 0049 | 8bcf 4883 | ec20 f7c4 | 0f00 0000 | 0f84 1a00 | 0000 4883 
  0x000001c0ac971ab4: ;   {runtime_call}
  0x000001c0ac971ab4: ec08 49ba | 90e9 1be6 | f87f 0000 | 41ff d248 | 83c4 08e9 | 0d00 0000 

  0x000001c0ac971acc: ;   {runtime_call}
  0x000001c0ac971acc: 49ba 90e9 | 1be6 f87f | 0000 41ff | d248 83c4 | 2048 8b45 | f849 c787 | 9802 0000 | 0000 0000 
  0x000001c0ac971aec: 49c7 87a0 | 0200 0000 | 0000 00c5 | f877 4885 | c00f 8493 | 0000 0048 | f7c0 0100 | 0000 0f84 
  0x000001c0ac971b0c: 8300 0000 | 488b 40ff | 4180 7f38 | 000f 846f | 0000 0048 | 83f8 000f | 8465 0000 | 0049 8b4f 
  0x000001c0ac971b2c: 2048 83f9 | 000f 8414 | 0000 0048 | 83e9 0849 | 894f 2049 | 034f 3048 | 8901 e943 | 0000 0050 
  0x000001c0ac971b4c: 498b d748 | 8bc8 4883 | ec20 f7c4 | 0f00 0000 | 0f84 1a00 | 0000 4883 

  0x000001c0ac971b64: ;   {runtime_call}
  0x000001c0ac971b64: ec08 49ba | a08b dae5 | f87f 0000 | 41ff d248 | 83c4 08e9 | 0d00 0000 

  0x000001c0ac971b7c: ;   {runtime_call}
  0x000001c0ac971b7c: 49ba a08b | dae5 f87f | 0000 41ff | d248 83c4 | 2058 e903 | 0000 0048 | 8b00 498b | 8fd8 0000 
  0x000001c0ac971b9c: 00c7 8100 | 0100 0000 | 0000 00c9 | 4981 7f08 | 0000 0000 | 0f85 0100 

  0x000001c0ac971bb4: ;   {runtime_call StubRoutines (1)}
  0x000001c0ac971bb4: 0000 c3e9 | 44f3 c4ff | c5f8 7748 | 8945 f84c | 8be4 4883 | ec20 4883 

  0x000001c0ac971bcc: ;   {runtime_call}
  0x000001c0ac971bcc: e4f0 49ba | a01a 1ce6 | f87f 0000 | 41ff d249 | 8be4 4d33 | e448 8b45 | f8e9 93fe | ffff f4f4 
  0x000001c0ac971bec: f4f4 f4f4 
[/MachCode]


Compiled method (c1)    3188 1294       1       java.lang.ClassLoader::defineClass (43 bytes)
 total in heap  [0x000001c0ac9bc610,0x000001c0ac9bcbb0] = 1440
 relocation     [0x000001c0ac9bc768,0x000001c0ac9bc7c8] = 96
 main code      [0x000001c0ac9bc7e0,0x000001c0ac9bc980] = 416
 stub code      [0x000001c0ac9bc980,0x000001c0ac9bc9f8] = 120
 metadata       [0x000001c0ac9bc9f8,0x000001c0ac9bca28] = 48
 scopes data    [0x000001c0ac9bca28,0x000001c0ac9bcae0] = 184
 scopes pcs     [0x000001c0ac9bcae0,0x000001c0ac9bcb80] = 160
 dependencies   [0x000001c0ac9bcb80,0x000001c0ac9bcb88] = 8
 nul chk table  [0x000001c0ac9bcb88,0x000001c0ac9bcbb0] = 40

[Constant Pool (empty)]

[MachCode]
[Entry Point]
  # {method} {0x000001c0bb010cc0} 'defineClass' '(Ljava/lang/String;[BIILjava/security/ProtectionDomain;)Ljava/lang/Class;' in 'java/lang/ClassLoader'
  # this:     rdx:rdx   = 'java/lang/ClassLoader'
  # parm0:    r8:r8     = 'java/lang/String'
  # parm1:    r9:r9     = '[B'
  # parm2:    rdi       = int
  # parm3:    rsi       = int
  # parm4:    rcx:rcx   = 'java/security/ProtectionDomain'
  #           [sp+0xc0]  (sp of caller)
  0x000001c0ac9bc7e0: 448b 5208 | 49bb 0000 | 00bb c001 | 0000 4d03 | d34c 3bd0 

  0x000001c0ac9bc7f4: ;   {runtime_call ic_miss_stub}
  0x000001c0ac9bc7f4: 0f85 8648 | c5ff 660f | 1f44 0000 
[Verified Entry Point]
  0x000001c0ac9bc800: 8984 2400 | 90ff ff55 | 4881 ecb0 | 0000 0048 | 8954 2478 | 89b4 2494 | 0000 0089 | bc24 9000 
  0x000001c0ac9bc820: 0000 4c89 | 8c24 8800 | 0000 498b | d84c 8bc3 | 4c8b c948 | 8bca 488b | d148 899c | 2480 0000 
  0x000001c0ac9bc840: 0066 0f1f 

  0x000001c0ac9bc844: ;   {optimized virtual_call}
  0x000001c0ac9bc844: 4400 00e8 

  0x000001c0ac9bc848: ; ImmutableOopMap {[120]=Oop [136]=Oop [128]=Oop }
                      ;*invokevirtual preDefineClass {reexecute=0 rethrow=0 return_oop=0}
                      ; - java.lang.ClassLoader::defineClass@4 (line 1015)
  0x000001c0ac9bc848: 74bf ffff | 4889 8424 | 9800 0000 

  0x000001c0ac9bc854: ; implicit exception: dispatches to 0x000001c0ac9bc92a
  0x000001c0ac9bc854: 448b 4010 | 49c1 e003 | 4983 f800 | 0f85 0f00 

  0x000001c0ac9bc864: ;   {oop(NULL)}
  0x000001c0ac9bc864: 0000 48bb | 0000 0000 | 0000 0000 | e942 0000 | 0045 8b40 | 0c49 c1e0 | 0349 83f8 | 000f 850f 
  0x000001c0ac9bc884: ;   {oop(NULL)}
  0x000001c0ac9bc884: 0000 0048 | bb00 0000 | 0000 0000 | 00e9 2100 | 0000 418b | 5038 48c1 | e203 483b | 0266 0f1f 
  0x000001c0ac9bc8a4: ;   {optimized virtual_call}
  0x000001c0ac9bc8a4: 4400 00e8 

  0x000001c0ac9bc8a8: ; ImmutableOopMap {[120]=Oop [136]=Oop [128]=Oop [152]=Oop }
                      ;*invokevirtual toExternalForm {reexecute=0 rethrow=0 return_oop=0}
                      ; - java.net.URL::toExternalForm@5 (line 1039)
                      ; - java.net.URL::toString@1 (line 1025)
                      ; - java.lang.ClassLoader::defineClassSourceLocation@22 (line 917)
                      ; - java.lang.ClassLoader::defineClass@12 (line 1016)
  0x000001c0ac9bc8a8: 74fe fdff | 488b d848 | 8b84 2498 | 0000 008b | b424 9400 | 0000 8bbc | 2490 0000 | 004c 8b8c 
  0x000001c0ac9bc8c8: 2488 0000 | 004c 8b84 | 2480 0000 | 0048 8b54 | 2478 4c8b | da49 8bd3 | 488b c848 

  0x000001c0ac9bc8e4: ;   {static_call}
  0x000001c0ac9bc8e4: 891c 24e8 

  0x000001c0ac9bc8e8: ; ImmutableOopMap {[152]=Oop [120]=Oop }
                      ;*invokestatic defineClass1 {reexecute=0 rethrow=0 return_oop=0}
                      ; - java.lang.ClassLoader::defineClass@27 (line 1017)
  0x000001c0ac9bc8e8: d44f fbff | 4c8b c04c | 8b8c 2498 | 0000 0048 | 8b54 2478 | 4889 8424 | a000 0000 

  0x000001c0ac9bc904: ;   {optimized virtual_call}
  0x000001c0ac9bc904: 6666 90e8 

  0x000001c0ac9bc908: ; ImmutableOopMap {[160]=Oop }
                      ;*invokevirtual postDefineClass {reexecute=0 rethrow=0 return_oop=0}
                      ; - java.lang.ClassLoader::defineClass@37 (line 1018)
  0x000001c0ac9bc908: f4cd ffff | 488b 8424 | a000 0000 | 4881 c4b0 | 0000 005d 

  0x000001c0ac9bc91c: ;   {poll_return}
  0x000001c0ac9bc91c: 493b a748 | 0300 000f | 8715 0000 

  0x000001c0ac9bc928: ;   {runtime_call throw_null_pointer_exception Runtime1 stub}
  0x000001c0ac9bc928: 00c3 e8f1 

  0x000001c0ac9bc92c: ; ImmutableOopMap {[120]=Oop [136]=Oop [128]=Oop rax=Oop [152]=Oop }
                      ;*invokevirtual getCodeSource {reexecute=0 rethrow=0 return_oop=0}
                      ; - java.lang.ClassLoader::defineClassSourceLocation@1 (line 914)
                      ; - java.lang.ClassLoader::defineClass@12 (line 1016)
                      ;   {runtime_call throw_null_pointer_exception Runtime1 stub}
  0x000001c0ac9bc92c: 52cf ffe8 

  0x000001c0ac9bc930: ; ImmutableOopMap {[120]=Oop [136]=Oop [128]=Oop rax=Oop [152]=Oop }
                      ;*invokevirtual getLocation {reexecute=0 rethrow=0 return_oop=0}
                      ; - java.lang.ClassLoader::defineClassSourceLocation@12 (line 916)
                      ; - java.lang.ClassLoader::defineClass@12 (line 1016)
  0x000001c0ac9bc930: ec52 cfff 

  0x000001c0ac9bc934: ;   {runtime_call throw_null_pointer_exception Runtime1 stub}
  0x000001c0ac9bc934: e8e7 52cf 

  0x000001c0ac9bc938: ; ImmutableOopMap {[120]=Oop [136]=Oop [128]=Oop [152]=Oop r8=Oop }
                      ;*invokevirtual toString {reexecute=0 rethrow=0 return_oop=0}
                      ; - java.lang.ClassLoader::defineClassSourceLocation@22 (line 917)
                      ; - java.lang.ClassLoader::defineClass@12 (line 1016)
                      ;   {runtime_call throw_null_pointer_exception Runtime1 stub}
  0x000001c0ac9bc938: ffe8 e252 

  0x000001c0ac9bc93c: ; ImmutableOopMap {[120]=Oop [136]=Oop [128]=Oop [152]=Oop r8=Oop rdx=Oop }
                      ;*invokevirtual toExternalForm {reexecute=0 rethrow=0 return_oop=0}
                      ; - java.net.URL::toExternalForm@5 (line 1039)
                      ; - java.net.URL::toString@1 (line 1025)
                      ; - java.lang.ClassLoader::defineClassSourceLocation@22 (line 917)
                      ; - java.lang.ClassLoader::defineClass@12 (line 1016)
                      ;   {internal_word}
  0x000001c0ac9bc93c: cfff 49ba | 1cc9 9bac | c001 0000 | 4d89 9760 

  0x000001c0ac9bc94c: ;   {runtime_call SafepointBlob}
  0x000001c0ac9bc94c: 0300 00e9 | acb0 c5ff | 9090 498b | 87d8 0300 | 0049 c787 | d803 0000 | 0000 0000 | 49c7 87e0 
  0x000001c0ac9bc96c: 0300 0000 | 0000 0048 | 81c4 b000 

  0x000001c0ac9bc978: ;   {runtime_call unwind_exception Runtime1 stub}
  0x000001c0ac9bc978: 0000 5de9 | 8043 cfff 
[Stub Code]
  0x000001c0ac9bc980: ;   {no_reloc}
  0x000001c0ac9bc980: 0f1f 4400 

  0x000001c0ac9bc984: ;   {static_stub}
  0x000001c0ac9bc984: 0048 bb00 | 0000 0000 

  0x000001c0ac9bc98c: ;   {runtime_call}
  0x000001c0ac9bc98c: 0000 00e9 | fbff ffff 

  0x000001c0ac9bc994: ;   {static_stub}
  0x000001c0ac9bc994: 9048 bb00 | 0000 0000 

  0x000001c0ac9bc99c: ;   {runtime_call}
  0x000001c0ac9bc99c: 0000 00e9 | fbff ffff 

  0x000001c0ac9bc9a4: ;   {static_stub}
  0x000001c0ac9bc9a4: 9048 bb00 | 0000 0000 

  0x000001c0ac9bc9ac: ;   {runtime_call}
  0x000001c0ac9bc9ac: 0000 00e9 | fbff ffff 

  0x000001c0ac9bc9b4: ;   {static_stub}
  0x000001c0ac9bc9b4: 9048 bb00 | 0000 0000 

  0x000001c0ac9bc9bc: ;   {runtime_call}
  0x000001c0ac9bc9bc: 0000 00e9 | fbff ffff 
[Exception Handler]
  0x000001c0ac9bc9c4: ;   {runtime_call handle_exception_from_callee Runtime1 stub}
  0x000001c0ac9bc9c4: e837 73cf 

  0x000001c0ac9bc9c8: ;   {external_word}
  0x000001c0ac9bc9c8: ff48 b920 | 4a40 e6f8 | 7f00 0048 

  0x000001c0ac9bc9d4: ;   {runtime_call}
  0x000001c0ac9bc9d4: 83e4 f049 | baf0 cf08 | e6f8 7f00 | 0041 ffd2 

  0x000001c0ac9bc9e4: ;   {section_word}
  0x000001c0ac9bc9e4: f449 bae5 | c99b acc0 | 0100 0041 

  0x000001c0ac9bc9f0: ;   {runtime_call DeoptimizationBlob}
  0x000001c0ac9bc9f0: 52e9 aaa2 | c5ff f4f4 
[/MachCode]


Compiled method (c1)    3204 1295       1       jdk.internal.loader.BuiltinClassLoader::defineClass (121 bytes)
 total in heap  [0x000001c0ac9bd910,0x000001c0ac9be7a8] = 3736
 relocation     [0x000001c0ac9bda68,0x000001c0ac9bdb98] = 304
 main code      [0x000001c0ac9bdba0,0x000001c0ac9be1e0] = 1600
 stub code      [0x000001c0ac9be1e0,0x000001c0ac9be328] = 328
 metadata       [0x000001c0ac9be328,0x000001c0ac9be370] = 72
 scopes data    [0x000001c0ac9be370,0x000001c0ac9be5c8] = 600
 scopes pcs     [0x000001c0ac9be5c8,0x000001c0ac9be768] = 416
 dependencies   [0x000001c0ac9be768,0x000001c0ac9be770] = 8
 handler table  [0x000001c0ac9be770,0x000001c0ac9be788] = 24
 nul chk table  [0x000001c0ac9be788,0x000001c0ac9be7a8] = 32

[Constant Pool (empty)]

[MachCode]
[Entry Point]
  # {method} {0x000001c0bb436670} 'defineClass' '(Ljava/lang/String;Ljdk/internal/loader/Resource;)Ljava/lang/Class;' in 'jdk/internal/loader/BuiltinClassLoader'
  # this:     rdx:rdx   = 'jdk/internal/loader/BuiltinClassLoader'
  # parm0:    r8:r8     = 'java/lang/String'
  # parm1:    r9:r9     = 'jdk/internal/loader/Resource'
  #           [sp+0x110]  (sp of caller)
  0x000001c0ac9bdba0: 448b 5208 | 49bb 0000 | 00bb c001 | 0000 4d03 | d34c 3bd0 

  0x000001c0ac9bdbb4: ;   {runtime_call ic_miss_stub}
  0x000001c0ac9bdbb4: 0f85 c634 | c5ff 660f | 1f44 0000 
[Verified Entry Point]
  0x000001c0ac9bdbc0: 8984 2400 | 90ff ff55 | 4881 ec00 | 0100 0048 | 8994 24a0 | 0000 004c | 8984 2490 | 0000 004c 
  0x000001c0ac9bdbe0: 898c 2498 | 0000 0049 | 8bd1 6666 | 9048 b818 | 4e19 bbc0 

  0x000001c0ac9bdbf4: ;   {virtual_call}
  0x000001c0ac9bdbf4: 0100 00e8 

  0x000001c0ac9bdbf8: ; ImmutableOopMap {[152]=Oop [160]=Oop [144]=Oop }
                      ;*invokevirtual getCodeSourceURL {reexecute=0 rethrow=0 return_oop=0}
                      ; - jdk.internal.loader.BuiltinClassLoader::defineClass@1 (line 842)
  0x000001c0ac9bdbf8: a445 0000 | 4889 8424 | a800 0000 | 4c8b 8424 | 9000 0000 

  0x000001c0ac9bdc0c: ; implicit exception: dispatches to 0x000001c0ac9be0d3
  0x000001c0ac9bdc0c: 418b 7014 | 48c1 e603 

  0x000001c0ac9bdc14: ; implicit exception: dispatches to 0x000001c0ac9be0d8
  0x000001c0ac9bdc14: 8b56 0c45 | 0fbe 4810 | 498b c9c1 | e118 c1f9 | 18d3 fa48 | 8bfa ffcf | 4183 f900 | ba00 0000 
  0x000001c0ac9bdc34: 000f 8505 | 0000 00ba | 0100 0000 | 83e2 0183 | fa00 488b | d641 b82e | 0000 004c | 8bcf 0f84 
  0x000001c0ac9bdc54: 1100 0000 | 0f1f 8000 

  0x000001c0ac9bdc5c: ;   {static_call}
  0x000001c0ac9bdc5c: 0000 00e8 

  0x000001c0ac9bdc60: ; ImmutableOopMap {[152]=Oop [160]=Oop [168]=Oop [144]=Oop }
                      ;*invokestatic lastIndexOf {reexecute=0 rethrow=0 return_oop=0}
                      ; - java.lang.String::lastIndexOf@13 (line 2489)
                      ; - java.lang.String::lastIndexOf@8 (line 2451)
                      ; - jdk.internal.loader.BuiltinClassLoader::defineClass@8 (line 845)
  0x000001c0ac9bdc60: 3c84 e5ff | e90b 0000 | 0066 0f1f 

  0x000001c0ac9bdc6c: ;   {static_call}
  0x000001c0ac9bdc6c: 4400 00e8 

  0x000001c0ac9bdc70: ; ImmutableOopMap {[152]=Oop [160]=Oop [168]=Oop [144]=Oop }
                      ;*invokestatic lastIndexOf {reexecute=0 rethrow=0 return_oop=0}
                      ; - java.lang.String::lastIndexOf@25 (line 2490)
                      ; - java.lang.String::lastIndexOf@8 (line 2451)
                      ; - jdk.internal.loader.BuiltinClassLoader::defineClass@8 (line 845)
  0x000001c0ac9bdc70: 0c3d c5ff | 83f8 ff0f | 8467 0000 | 0041 b800 | 0000 004c | 8bc8 488b | 9424 9000 

  0x000001c0ac9bdc8c: ;   {optimized virtual_call}
  0x000001c0ac9bdc8c: 0000 90e8 

  0x000001c0ac9bdc90: ; ImmutableOopMap {[152]=Oop [160]=Oop [168]=Oop [144]=Oop }
                      ;*invokevirtual substring {reexecute=0 rethrow=0 return_oop=0}
                      ; - jdk.internal.loader.BuiltinClassLoader::defineClass@23 (line 847)
  0x000001c0ac9bdc90: ec83 e4ff | 488b 9424 | 9800 0000 | 4889 8424 | b000 0000 | 9048 b818 | 4e19 bbc0 

  0x000001c0ac9bdcac: ;   {virtual_call}
  0x000001c0ac9bdcac: 0100 00e8 

  0x000001c0ac9bdcb0: ; ImmutableOopMap {[152]=Oop [160]=Oop [168]=Oop [144]=Oop [176]=Oop }
                      ;*invokevirtual getManifest {reexecute=0 rethrow=0 return_oop=0}
                      ; - jdk.internal.loader.BuiltinClassLoader::defineClass@29 (line 848)
  0x000001c0ac9bdcb0: cc4e 0000 | 4c8b 8424 | b000 0000 | 4c8b c848 | 8bbc 24a8 | 0000 0048 | 8b94 24a0 | 0000 0066 
  0x000001c0ac9bdcd0: 0f1f 4400 | 0048 b888 | b707 bbc0 

  0x000001c0ac9bdcdc: ;   {virtual_call}
  0x000001c0ac9bdcdc: 0100 00e8 

  0x000001c0ac9bdce0: ; ImmutableOopMap {[152]=Oop [160]=Oop [168]=Oop [144]=Oop }
                      ;*invokevirtual defineOrCheckPackage {reexecute=0 rethrow=0 return_oop=0}
                      ; - jdk.internal.loader.BuiltinClassLoader::defineClass@40 (line 849)
  0x000001c0ac9bdce0: bcf0 ffff | 4c8b 8c24 | 9800 0000 | 488d 9424 | e000 0000 | 4c89 4a08 | 498b 0148 | 83c8 0148 
  0x000001c0ac9bdd00: 8902 f049 | 0fb1 110f | 8413 0000 | 0048 2bc4 | 4881 e007 | f0ff ff48 | 8902 0f85 | bd03 0000 
  0x000001c0ac9bdd20: 418b 510c | 48c1 e203 | 4883 fa00 | 0f85 4700 | 0000 498b | d148 b818 | 4e19 bbc0 

  0x000001c0ac9bdd3c: ;   {virtual_call}
  0x000001c0ac9bdd3c: 0100 00e8 

  0x000001c0ac9bdd40: ; ImmutableOopMap {[160]=Oop [168]=Oop [144]=Oop [152]=Oop [232]=Oop }
                      ;*invokevirtual getInputStream {reexecute=0 rethrow=0 return_oop=0}
                      ; - jdk.internal.loader.Resource::cachedInputStream@9 (line 77)
                      ; - jdk.internal.loader.Resource::getByteBuffer@1 (line 163)
                      ; - jdk.internal.loader.BuiltinClassLoader::defineClass@45 (line 853)
  0x000001c0ac9bdd40: dc6e 0000 | 410f be57 | 3883 fa00 | 4c8b 8c24 | 9800 0000 | 0f85 9603 | 0000 4c8b | d049 c1ea 
  0x000001c0ac9bdd60: 0345 8951 | 0c49 8bd1 | 4833 d048 | c1ea 1548 | 83fa 000f | 8597 0300 | 0041 8b51 | 0c48 c1e2 
  0x000001c0ac9bdd80: 0348 8d84 | 24e0 0000 | 0048 8b30 | 4885 f60f | 840f 0000 | 0048 8b78 | 08f0 480f | b137 0f85 
  0x000001c0ac9bdda0: 8403 0000 | 4883 fa00 | 0f84 4400 

  0x000001c0ac9bddac: ;   {metadata('sun/nio/ByteBuffered')}
  0x000001c0ac9bddac: 0000 48b8 | b0bc 0dbb | c001 0000 | 8b5a 0849 | ba00 0000 | bbc0 0100 | 0049 03da | 483b 4320 
  0x000001c0ac9bddcc: 0f84 2500 | 0000 483b | d80f 841c | 0000 0053 

  0x000001c0ac9bdddc: ;   {runtime_call slow_subtype_check Runtime1 stub}
  0x000001c0ac9bdddc: 50e8 1e6b | cfff 5b5b | 83fb 000f | 8405 0000 | 00e9 0500 | 0000 4833 | f6eb 0a48 | be01 0000 
  0x000001c0ac9bddfc: 0000 0000 | 0083 fe00 | 0f84 6700 | 0000 4883 | fa00 0f84 | 4400 0000 

  0x000001c0ac9bde14: ;   {metadata('sun/nio/ByteBuffered')}
  0x000001c0ac9bde14: 48bb b0bc | 0dbb c001 | 0000 8b7a | 0849 ba00 | 0000 bbc0 | 0100 0049 | 03fa 483b | 5f20 0f84 
  0x000001c0ac9bde34: 2000 0000 | 483b fb0f | 8417 0000 

  0x000001c0ac9bde40: ;   {runtime_call slow_subtype_check Runtime1 stub}
  0x000001c0ac9bde40: 0057 53e8 | b86a cfff | 5f5f 83ff | 000f 84eb | 0200 00e9 | 0000 0000 | 0f1f 4400 | 0048 b8ff 
  0x000001c0ac9bde60: ffff ffff 

  0x000001c0ac9bde64: ;   {virtual_call}
  0x000001c0ac9bde64: ffff ffe8 

  0x000001c0ac9bde68: ; ImmutableOopMap {[160]=Oop [168]=Oop [144]=Oop [152]=Oop }
                      ;*invokeinterface getByteBuffer {reexecute=0 rethrow=0 return_oop=0}
                      ; - jdk.internal.loader.Resource::getByteBuffer@16 (line 165)
                      ; - jdk.internal.loader.BuiltinClassLoader::defineClass@45 (line 853)
  0x000001c0ac9bde68: 1438 c5ff | e90a 0000 

  0x000001c0ac9bde70: ;   {oop(NULL)}
  0x000001c0ac9bde70: 0048 b800 | 0000 0000 | 0000 0048 | 83f8 000f | 84e5 0000 | 0048 8984 | 24b8 0000 | 0048 8b94 
  0x000001c0ac9bde90: 2498 0000 | 0048 b8ff | ffff ffff 

  0x000001c0ac9bde9c: ;   {virtual_call}
  0x000001c0ac9bde9c: ffff ffe8 

  0x000001c0ac9bdea0: ; ImmutableOopMap {[160]=Oop [168]=Oop [144]=Oop [184]=Oop }
                      ;*invokevirtual getCodeSigners {reexecute=0 rethrow=0 return_oop=0}
                      ; - jdk.internal.loader.BuiltinClassLoader::defineClass@56 (line 855)
  0x000001c0ac9bdea0: dc37 c5ff 

  0x000001c0ac9bdea4: ;   {metadata('java/security/CodeSource')}
  0x000001c0ac9bdea4: 4c8b c848 | bab0 ee00 | bbc0 0100 | 0049 8b87 | 0801 0000 | 488d 7828 | 493b bf18 | 0100 000f 
  0x000001c0ac9bdec4: 877e 0200 | 0049 89bf | 0801 0000 | 48c7 0001 | 0000 0048 | 8bca 49ba | 0000 00bb | c001 0000 
  0x000001c0ac9bdee4: 492b ca89 | 4808 4833 | c989 480c | 4833 c948 | 8948 1048 | 8948 1848 | 8948 204c | 8b84 24a8 
  0x000001c0ac9bdf04: 0000 0048 | 8bd0 4889 | 8424 c000 | 0000 0f1f 

  0x000001c0ac9bdf14: ;   {optimized virtual_call}
  0x000001c0ac9bdf14: 4400 00e8 

  0x000001c0ac9bdf18: ; ImmutableOopMap {[160]=Oop [144]=Oop [184]=Oop [192]=Oop }
                      ;*invokespecial <init> {reexecute=0 rethrow=0 return_oop=0}
                      ; - jdk.internal.loader.BuiltinClassLoader::defineClass@68 (line 856)
  0x000001c0ac9bdf18: 6434 c5ff | 4c8b 8424 | c000 0000 | 488b 9424 | a000 0000 

  0x000001c0ac9bdf2c: ;   {optimized virtual_call}
  0x000001c0ac9bdf2c: 6666 90e8 

  0x000001c0ac9bdf30: ; ImmutableOopMap {[160]=Oop [144]=Oop [184]=Oop }
                      ;*invokevirtual getProtectionDomain {reexecute=0 rethrow=0 return_oop=0}
                      ; - java.security.SecureClassLoader::defineClass@5 (line 182)
                      ; - jdk.internal.loader.BuiltinClassLoader::defineClass@79 (line 857)
  0x000001c0ac9bdf30: 4c34 c5ff | 4c8b 8424 | 9000 0000 | 4c8b 8c24 | b800 0000 | 488b f848 | 8b94 24a0 

  0x000001c0ac9bdf4c: ;   {optimized virtual_call}
  0x000001c0ac9bdf4c: 0000 00e8 

  0x000001c0ac9bdf50: ; ImmutableOopMap {}
                      ;*invokevirtual defineClass {reexecute=0 rethrow=0 return_oop=0}
                      ; - java.security.SecureClassLoader::defineClass@8 (line 182)
                      ; - jdk.internal.loader.BuiltinClassLoader::defineClass@79 (line 857)
  0x000001c0ac9bdf50: 2c34 c5ff | 4881 c400 | 0100 005d 

  0x000001c0ac9bdf5c: ;   {poll_return}
  0x000001c0ac9bdf5c: 493b a748 | 0300 000f | 87eb 0100 | 00c3 4c8b | 8c24 9800 | 0000 498b | d148 b818 | 4e19 bbc0 
  0x000001c0ac9bdf7c: ;   {virtual_call}
  0x000001c0ac9bdf7c: 0100 00e8 

  0x000001c0ac9bdf80: ; ImmutableOopMap {[160]=Oop [144]=Oop [152]=Oop [168]=Oop }
                      ;*invokevirtual getBytes {reexecute=0 rethrow=0 return_oop=0}
                      ; - jdk.internal.loader.BuiltinClassLoader::defineClass@84 (line 859)
  0x000001c0ac9bdf80: 5c87 0000 | 4889 8424 | c800 0000 | 488b 9424 | 9800 0000 | 9048 b818 | 4e19 bbc0 

  0x000001c0ac9bdf9c: ;   {virtual_call}
  0x000001c0ac9bdf9c: 0100 00e8 

  0x000001c0ac9bdfa0: ; ImmutableOopMap {[160]=Oop [144]=Oop [168]=Oop [200]=Oop }
                      ;*invokevirtual getCodeSigners {reexecute=0 rethrow=0 return_oop=0}
                      ; - jdk.internal.loader.BuiltinClassLoader::defineClass@90 (line 860)
  0x000001c0ac9bdfa0: fc8c 0000 

  0x000001c0ac9bdfa4: ;   {metadata('java/security/CodeSource')}
  0x000001c0ac9bdfa4: 4c8b c848 | bab0 ee00 | bbc0 0100 | 0049 8b87 | 0801 0000 | 488d 7828 | 493b bf18 | 0100 000f 
  0x000001c0ac9bdfc4: 87a1 0100 | 0049 89bf | 0801 0000 | 48c7 0001 | 0000 0048 | 8bca 49ba | 0000 00bb | c001 0000 
  0x000001c0ac9bdfe4: 492b ca89 | 4808 4833 | c989 480c | 4833 c948 | 8948 1048 | 8948 1848 | 8948 204c | 8b84 24a8 
  0x000001c0ac9be004: 0000 0048 | 8bd0 4889 | 8424 d000 | 0000 0f1f 

  0x000001c0ac9be014: ;   {optimized virtual_call}
  0x000001c0ac9be014: 4400 00e8 

  0x000001c0ac9be018: ; ImmutableOopMap {[160]=Oop [144]=Oop [200]=Oop [208]=Oop }
                      ;*invokespecial <init> {reexecute=0 rethrow=0 return_oop=0}
                      ; - jdk.internal.loader.BuiltinClassLoader::defineClass@102 (line 861)
  0x000001c0ac9be018: e4c1 ffff | 488b 8424 | c800 0000 

  0x000001c0ac9be024: ; implicit exception: dispatches to 0x000001c0ac9be177
  0x000001c0ac9be024: 8b70 0c4c | 8b84 24d0 | 0000 0048 | 8b94 24a0 | 0000 0089 | b424 d800 

  0x000001c0ac9be03c: ;   {optimized virtual_call}
  0x000001c0ac9be03c: 0000 90e8 

  0x000001c0ac9be040: ; ImmutableOopMap {[160]=Oop [144]=Oop [200]=Oop }
                      ;*invokevirtual getProtectionDomain {reexecute=0 rethrow=0 return_oop=0}
                      ; - java.security.SecureClassLoader::defineClass@9 (line 150)
                      ; - jdk.internal.loader.BuiltinClassLoader::defineClass@117 (line 862)
  0x000001c0ac9be040: 1c89 ffff | 4c8b 8424 | 9000 0000 | 4c8b 8c24 | c800 0000 | bf00 0000 | 008b b424 | d800 0000 
  0x000001c0ac9be060: 488b c848 | 8b94 24a0 | 0000 000f 

  0x000001c0ac9be06c: ;   {optimized virtual_call}
  0x000001c0ac9be06c: 1f40 00e8 

  0x000001c0ac9be070: ; ImmutableOopMap {}
                      ;*invokevirtual defineClass {reexecute=0 rethrow=0 return_oop=0}
                      ; - java.security.SecureClassLoader::defineClass@12 (line 150)
                      ; - jdk.internal.loader.BuiltinClassLoader::defineClass@117 (line 862)
  0x000001c0ac9be070: 8ce7 ffff | 4881 c400 | 0100 005d 

  0x000001c0ac9be07c: ;   {poll_return}
  0x000001c0ac9be07c: 493b a748 | 0300 000f | 87f3 0000 | 00c3 498b | 87d8 0300 | 004d 33d2 | 4d89 97d8 | 0300 004d 
  0x000001c0ac9be09c: 33d2 4d89 | 97e0 0300 | 0048 8bf0 | 488d 8424 | e000 0000 | 488b 3848 | 85ff 0f84 | 0f00 0000 
  0x000001c0ac9be0bc: 488b 5808 | f048 0fb1 | 3b0f 85c7 | 0000 0048 | 8bc6 e9f4 

  0x000001c0ac9be0d0: ;   {runtime_call throw_null_pointer_exception Runtime1 stub}
  0x000001c0ac9be0d0: 0000 00e8 

  0x000001c0ac9be0d4: ; ImmutableOopMap {[152]=Oop [160]=Oop rax=Oop [168]=Oop r8=Oop [144]=Oop }
                      ;*invokevirtual lastIndexOf {reexecute=0 rethrow=0 return_oop=0}
                      ; - jdk.internal.loader.BuiltinClassLoader::defineClass@8 (line 845)
  0x000001c0ac9be0d4: 483b cfff 

  0x000001c0ac9be0d8: ;   {runtime_call throw_null_pointer_exception Runtime1 stub}
  0x000001c0ac9be0d8: e843 3bcf 

  0x000001c0ac9be0dc: ; ImmutableOopMap {[152]=Oop [160]=Oop rax=Oop [168]=Oop r8=Oop [144]=Oop rsi=Oop }
                      ;*arraylength {reexecute=0 rethrow=0 return_oop=0}
                      ; - java.lang.String::length@4 (line 1481)
                      ; - java.lang.String::lastIndexOf@3 (line 2451)
                      ; - jdk.internal.loader.BuiltinClassLoader::defineClass@8 (line 845)
  0x000001c0ac9be0dc: ff4c 894c | 2408 4889 

  0x000001c0ac9be0e4: ;   {runtime_call monitorenter_nofpu Runtime1 stub}
  0x000001c0ac9be0e4: 1424 e815 

  0x000001c0ac9be0e8: ; ImmutableOopMap {[160]=Oop [168]=Oop [144]=Oop r9=Oop [152]=Oop [232]=Oop }
                      ;*synchronization entry
                      ; - jdk.internal.loader.Resource::cachedInputStream@-1 (line 76)
                      ; - jdk.internal.loader.Resource::getByteBuffer@1 (line 163)
                      ; - jdk.internal.loader.BuiltinClassLoader::defineClass@45 (line 853)
  0x000001c0ac9be0e8: 6ecf ffe9 | 30fc ffff | 418b 510c | 48c1 e203 | 4883 fa00 | 0f84 58fc | ffff 4889 

  0x000001c0ac9be104: ;   {runtime_call g1_pre_barrier_slow}
  0x000001c0ac9be104: 1424 e8f5 | 9acf ffe9 | 4afc ffff | 4883 f800 | 0f84 5ffc | ffff 4c89 

  0x000001c0ac9be11c: ;   {runtime_call g1_post_barrier_slow}
  0x000001c0ac9be11c: 0c24 e8dd | 9dcf ffe9 | 51fc ffff | 488d 8424 | e000 0000 | 4889 0424 

  0x000001c0ac9be134: ;   {runtime_call monitorexit_nofpu Runtime1 stub}
  0x000001c0ac9be134: e8c7 73cf | ffe9 66fc | ffff 4889 

  0x000001c0ac9be140: ;   {runtime_call throw_class_cast_exception Runtime1 stub}
  0x000001c0ac9be140: 1424 e8d9 

  0x000001c0ac9be144: ; ImmutableOopMap {[160]=Oop [168]=Oop [144]=Oop [152]=Oop }
                      ;*checkcast {reexecute=0 rethrow=0 return_oop=0}
                      ; - jdk.internal.loader.Resource::getByteBuffer@13 (line 165)
                      ; - jdk.internal.loader.BuiltinClassLoader::defineClass@45 (line 853)
  0x000001c0ac9be144: 61cf ff48 

  0x000001c0ac9be148: ;   {runtime_call fast_new_instance Runtime1 stub}
  0x000001c0ac9be148: 8bd2 e8b1 

  0x000001c0ac9be14c: ; ImmutableOopMap {[160]=Oop [168]=Oop [144]=Oop [184]=Oop r9=Oop }
                      ;*new {reexecute=0 rethrow=0 return_oop=0}
                      ; - jdk.internal.loader.BuiltinClassLoader::defineClass@61 (line 856)
  0x000001c0ac9be14c: 43cf ffe9 | abfd ffff 

  0x000001c0ac9be154: ;   {internal_word}
  0x000001c0ac9be154: 49ba 5cdf | 9bac c001 | 0000 4d89 | 9760 0300 

  0x000001c0ac9be164: ;   {runtime_call SafepointBlob}
  0x000001c0ac9be164: 00e9 9698 | c5ff 488b 

  0x000001c0ac9be16c: ;   {runtime_call fast_new_instance Runtime1 stub}
  0x000001c0ac9be16c: d2e8 8e43 

  0x000001c0ac9be170: ; ImmutableOopMap {[160]=Oop [144]=Oop [168]=Oop [200]=Oop r9=Oop }
                      ;*new {reexecute=0 rethrow=0 return_oop=0}
                      ; - jdk.internal.loader.BuiltinClassLoader::defineClass@95 (line 861)
  0x000001c0ac9be170: cfff e988 

  0x000001c0ac9be174: ;   {runtime_call throw_null_pointer_exception Runtime1 stub}
  0x000001c0ac9be174: feff ffe8 

  0x000001c0ac9be178: ; ImmutableOopMap {[160]=Oop [144]=Oop [208]=Oop rax=Oop [200]=Oop }
                      ;*arraylength {reexecute=0 rethrow=0 return_oop=0}
                      ; - jdk.internal.loader.BuiltinClassLoader::defineClass@114 (line 862)
  0x000001c0ac9be178: a43a cfff 

  0x000001c0ac9be17c: ;   {internal_word}
  0x000001c0ac9be17c: 49ba 7ce0 | 9bac c001 | 0000 4d89 | 9760 0300 

  0x000001c0ac9be18c: ;   {runtime_call SafepointBlob}
  0x000001c0ac9be18c: 00e9 6e98 | c5ff 488d | 8424 e000 | 0000 4889 

  0x000001c0ac9be19c: ;   {runtime_call monitorexit_nofpu Runtime1 stub}
  0x000001c0ac9be19c: 0424 e85d | 73cf ffe9 | 23ff ffff | 9090 498b | 87d8 0300 | 0049 c787 | d803 0000 | 0000 0000 
  0x000001c0ac9be1bc: 49c7 87e0 | 0300 0000 | 0000 0048 | 81c4 0001 

  0x000001c0ac9be1cc: ;   {runtime_call unwind_exception Runtime1 stub}
  0x000001c0ac9be1cc: 0000 5de9 | 2c2b cfff | f4f4 f4f4 | f4f4 f4f4 | f4f4 f4f4 
[Stub Code]
  0x000001c0ac9be1e0: ;   {no_reloc}
  0x000001c0ac9be1e0: 0f1f 4400 

  0x000001c0ac9be1e4: ;   {static_stub}
  0x000001c0ac9be1e4: 0048 bb00 | 0000 0000 

  0x000001c0ac9be1ec: ;   {runtime_call}
  0x000001c0ac9be1ec: 0000 00e9 | fbff ffff 

  0x000001c0ac9be1f4: ;   {static_stub}
  0x000001c0ac9be1f4: 9048 bb00 | 0000 0000 

  0x000001c0ac9be1fc: ;   {runtime_call}
  0x000001c0ac9be1fc: 0000 00e9 | fbff ffff 

  0x000001c0ac9be204: ;   {static_stub}
  0x000001c0ac9be204: 9048 bb00 | 0000 0000 

  0x000001c0ac9be20c: ;   {runtime_call}
  0x000001c0ac9be20c: 0000 00e9 | fbff ffff 

  0x000001c0ac9be214: ;   {static_stub}
  0x000001c0ac9be214: 9048 bb00 | 0000 0000 

  0x000001c0ac9be21c: ;   {runtime_call}
  0x000001c0ac9be21c: 0000 00e9 | fbff ffff 

  0x000001c0ac9be224: ;   {static_stub}
  0x000001c0ac9be224: 9048 bb00 | 0000 0000 

  0x000001c0ac9be22c: ;   {runtime_call}
  0x000001c0ac9be22c: 0000 00e9 | fbff ffff 

  0x000001c0ac9be234: ;   {static_stub}
  0x000001c0ac9be234: 9048 bb00 | 0000 0000 

  0x000001c0ac9be23c: ;   {runtime_call}
  0x000001c0ac9be23c: 0000 00e9 | fbff ffff 

  0x000001c0ac9be244: ;   {static_stub}
  0x000001c0ac9be244: 9048 bb00 | 0000 0000 

  0x000001c0ac9be24c: ;   {runtime_call}
  0x000001c0ac9be24c: 0000 00e9 | fbff ffff 

  0x000001c0ac9be254: ;   {static_stub}
  0x000001c0ac9be254: 9048 bb00 | 0000 0000 

  0x000001c0ac9be25c: ;   {runtime_call}
  0x000001c0ac9be25c: 0000 00e9 | fbff ffff 

  0x000001c0ac9be264: ;   {static_stub}
  0x000001c0ac9be264: 9048 bb00 | 0000 0000 

  0x000001c0ac9be26c: ;   {runtime_call}
  0x000001c0ac9be26c: 0000 00e9 | fbff ffff 

  0x000001c0ac9be274: ;   {static_stub}
  0x000001c0ac9be274: 9048 bb00 | 0000 0000 

  0x000001c0ac9be27c: ;   {runtime_call}
  0x000001c0ac9be27c: 0000 00e9 | fbff ffff 

  0x000001c0ac9be284: ;   {static_stub}
  0x000001c0ac9be284: 9048 bb00 | 0000 0000 

  0x000001c0ac9be28c: ;   {runtime_call}
  0x000001c0ac9be28c: 0000 00e9 | fbff ffff 

  0x000001c0ac9be294: ;   {static_stub}
  0x000001c0ac9be294: 9048 bb00 | 0000 0000 

  0x000001c0ac9be29c: ;   {runtime_call}
  0x000001c0ac9be29c: 0000 00e9 | fbff ffff 

  0x000001c0ac9be2a4: ;   {static_stub}
  0x000001c0ac9be2a4: 9048 bb00 | 0000 0000 

  0x000001c0ac9be2ac: ;   {runtime_call}
  0x000001c0ac9be2ac: 0000 00e9 | fbff ffff 

  0x000001c0ac9be2b4: ;   {static_stub}
  0x000001c0ac9be2b4: 9048 bb00 | 0000 0000 

  0x000001c0ac9be2bc: ;   {runtime_call}
  0x000001c0ac9be2bc: 0000 00e9 | fbff ffff 

  0x000001c0ac9be2c4: ;   {static_stub}
  0x000001c0ac9be2c4: 9048 bb00 | 0000 0000 

  0x000001c0ac9be2cc: ;   {runtime_call}
  0x000001c0ac9be2cc: 0000 00e9 | fbff ffff 

  0x000001c0ac9be2d4: ;   {static_stub}
  0x000001c0ac9be2d4: 9048 bb00 | 0000 0000 

  0x000001c0ac9be2dc: ;   {runtime_call}
  0x000001c0ac9be2dc: 0000 00e9 | fbff ffff 

  0x000001c0ac9be2e4: ;   {static_stub}
  0x000001c0ac9be2e4: 9048 bb00 | 0000 0000 

  0x000001c0ac9be2ec: ;   {runtime_call}
  0x000001c0ac9be2ec: 0000 00e9 | fbff ffff 
[Exception Handler]
  0x000001c0ac9be2f4: ;   {runtime_call handle_exception_from_callee Runtime1 stub}
  0x000001c0ac9be2f4: e807 5acf 

  0x000001c0ac9be2f8: ;   {external_word}
  0x000001c0ac9be2f8: ff48 b920 | 4a40 e6f8 | 7f00 0048 

  0x000001c0ac9be304: ;   {runtime_call}
  0x000001c0ac9be304: 83e4 f049 | baf0 cf08 | e6f8 7f00 | 0041 ffd2 

  0x000001c0ac9be314: ;   {section_word}
  0x000001c0ac9be314: f449 ba15 | e39b acc0 | 0100 0041 

  0x000001c0ac9be320: ;   {runtime_call DeoptimizationBlob}
  0x000001c0ac9be320: 52e9 7a89 | c5ff f4f4 
[/MachCode]


---------------  P R O C E S S  ---------------

Threads class SMR info:
_java_thread_list=0x000001c080e9b8e0, length=21, elements={
0x000001c0a4a81a00, 0x000001c0ba556d50, 0x000001c0ba5578e0, 0x000001c0ba569630,
0x000001c0ba56a1c0, 0x000001c0ba56c240, 0x000001c0ba56cb10, 0x000001c0ba56d490,
0x000001c0ba573120, 0x000001c0ba650330, 0x000001c0ba67c870, 0x000001c0ba67eda0,
0x000001c0ba999130, 0x000001c0800f9f50, 0x000001c08025f7f0, 0x000001c080244da0,
0x000001c08035b700, 0x000001c080332420, 0x000001c08034dde0, 0x000001c0806a6f20,
0x000001c0806a5ff0
}

Java Threads: ( => current thread )
  0x000001c0a4a81a00 JavaThread "main" [_thread_in_vm, id=11608, stack(0x0000004f5a600000,0x0000004f5a700000)]
  0x000001c0ba556d50 JavaThread "Reference Handler" daemon [_thread_blocked, id=2056, stack(0x0000004f5ae00000,0x0000004f5af00000)]
  0x000001c0ba5578e0 JavaThread "Finalizer" daemon [_thread_blocked, id=9764, stack(0x0000004f5af00000,0x0000004f5b000000)]
  0x000001c0ba569630 JavaThread "Signal Dispatcher" daemon [_thread_blocked, id=20452, stack(0x0000004f5b000000,0x0000004f5b100000)]
  0x000001c0ba56a1c0 JavaThread "Attach Listener" daemon [_thread_blocked, id=17604, stack(0x0000004f5b100000,0x0000004f5b200000)]
  0x000001c0ba56c240 JavaThread "Service Thread" daemon [_thread_blocked, id=13156, stack(0x0000004f5b200000,0x0000004f5b300000)]
  0x000001c0ba56cb10 JavaThread "Monitor Deflation Thread" daemon [_thread_blocked, id=16784, stack(0x0000004f5b300000,0x0000004f5b400000)]
  0x000001c0ba56d490 JavaThread "C1 CompilerThread0" daemon [_thread_blocked, id=15976, stack(0x0000004f5b400000,0x0000004f5b500000)]
  0x000001c0ba573120 JavaThread "Sweeper thread" daemon [_thread_blocked, id=14872, stack(0x0000004f5b500000,0x0000004f5b600000)]
  0x000001c0ba650330 JavaThread "Common-Cleaner" daemon [_thread_blocked, id=984, stack(0x0000004f5b600000,0x0000004f5b700000)]
  0x000001c0ba67c870 JavaThread "C1 CompilerThread1" daemon [_thread_blocked, id=19660, stack(0x0000004f5b700000,0x0000004f5b800000)]
  0x000001c0ba67eda0 JavaThread "C1 CompilerThread2" daemon [_thread_blocked, id=17112, stack(0x0000004f5b800000,0x0000004f5b900000)]
  0x000001c0ba999130 JavaThread "Monitor Ctrl-Break" daemon [_thread_in_native, id=10844, stack(0x0000004f5b900000,0x0000004f5ba00000)]
  0x000001c0800f9f50 JavaThread "Notification Thread" daemon [_thread_blocked, id=20948, stack(0x0000004f5ba00000,0x0000004f5bb00000)]
  0x000001c08025f7f0 JavaThread "RMI TCP Accept-0" daemon [_thread_in_native, id=18488, stack(0x0000004f5be00000,0x0000004f5bf00000)]
  0x000001c080244da0 JavaThread "RMI TCP Connection(1)-26.199.100.87" daemon [_thread_in_native, id=700, stack(0x0000004f5bf00000,0x0000004f5c000000)]
  0x000001c08035b700 JavaThread "RMI TCP Connection(2)-26.199.100.87" daemon [_thread_in_vm, id=704, stack(0x0000004f5c100000,0x0000004f5c200000)]
  0x000001c080332420 JavaThread "RMI Scheduler(0)" daemon [_thread_blocked, id=11176, stack(0x0000004f5c300000,0x0000004f5c400000)]
  0x000001c08034dde0 JavaThread "JMX server connection timeout 21" daemon [_thread_blocked, id=20456, stack(0x0000004f5c400000,0x0000004f5c500000)]
=>0x000001c0806a6f20 JavaThread "background-preinit" [_thread_in_vm, id=14428, stack(0x0000004f5c200000,0x0000004f5c300000)]
  0x000001c0806a5ff0 JavaThread "Thread-0" [_thread_in_vm, id=7308, stack(0x0000004f5c500000,0x0000004f5c600000)]

Other Threads:
  0x000001c0ba550ed0 VMThread "VM Thread" [stack: 0x0000004f5ad00000,0x0000004f5ae00000] [id=12440]
  0x000001c0a4a829c0 WatcherThread [stack: 0x0000004f5c000000,0x0000004f5c100000] [id=20760]
  0x000001c0a4ae5ad0 GCTaskThread "GC Thread#0" [stack: 0x0000004f5a800000,0x0000004f5a900000] [id=10492]
  0x000001c0801d0800 GCTaskThread "GC Thread#1" [stack: 0x0000004f5bb00000,0x0000004f5bc00000] [id=1972]
  0x000001c0801d0ac0 GCTaskThread "GC Thread#2" [stack: 0x0000004f5bc00000,0x0000004f5bd00000] [id=6028]
  0x000001c0801d4d90 GCTaskThread "GC Thread#3" [stack: 0x0000004f5bd00000,0x0000004f5be00000] [id=22516]
  0x000001c0a4af7380 ConcurrentGCThread "G1 Main Marker" [stack: 0x0000004f5a900000,0x0000004f5aa00000] [id=10924]
  0x000001c0a4af8bc0 ConcurrentGCThread "G1 Conc#0" [stack: 0x0000004f5aa00000,0x0000004f5ab00000] [id=15872]
  0x000001c0a4b2d430 ConcurrentGCThread "G1 Refine#0" [stack: 0x0000004f5ab00000,0x0000004f5ac00000] [id=17844]
  0x000001c0a4b2ec80 ConcurrentGCThread "G1 Service" [stack: 0x0000004f5ac00000,0x0000004f5ad00000] [id=5352]

Threads with active compile tasks:

VM state: not at safepoint (normal execution)

VM Mutex/Monitor currently owned by a thread:  ([mutex/lock_event])
[0x000001c0a4a7cd90] Metaspace_lock - owner thread: 0x000001c0806a6f20

Heap address: 0x0000000714c00000, size: 3764 MB, Compressed Oops mode: Zero based, Oop shift amount: 3

CDS archive(s) mapped at: [0x000001c0bb000000-0x000001c0bbbb0000-0x000001c0bbbb0000), size 12255232, SharedBaseAddress: 0x000001c0bb000000, ArchiveRelocationMode: 1.
Compressed class space mapped at: 0x000001c0bc000000-0x000001c0fc000000, reserved size: 1073741824
Narrow klass base: 0x000001c0bb000000, Narrow klass shift: 0, Narrow klass range: 0x100000000

GC Precious Log:
 CPUs: 4 total, 4 available
 Memory: 15051M
 Large Page Support: Disabled
 NUMA Support: Disabled
 Compressed Oops: Enabled (Zero based)
 Heap Region Size: 2M
 Heap Min Capacity: 8M
 Heap Initial Capacity: 236M
 Heap Max Capacity: 3764M
 Pre-touch: Disabled
 Parallel Workers: 4
 Concurrent Workers: 1
 Concurrent Refinement Workers: 4
 Periodic GC: Disabled

Heap:
 garbage-first heap   total 241664K, used 48996K [0x0000000714c00000, 0x0000000800000000)
  region size 2048K, 22 young (45056K), 2 survivors (4096K)
 Metaspace       used 18720K, committed 19008K, reserved 1114112K
  class space    used 2603K, committed 2752K, reserved 1048576K

Heap Regions: E=young(eden), S=young(survivor), O=old, HS=humongous(starts), HC=humongous(continues), CS=collection set, F=free, OA=open archive, CA=closed archive, TAMS=top-at-mark-start (previous, next)
|   0|0x0000000714c00000, 0x0000000714e00000, 0x0000000714e00000|100%| O|  |TAMS 0x0000000714c00000, 0x0000000714c00000| Untracked 
|   1|0x0000000714e00000, 0x0000000715000000, 0x0000000715000000|100%| O|  |TAMS 0x0000000714e00000, 0x0000000714e00000| Untracked 
|   2|0x0000000715000000, 0x0000000715200000, 0x0000000715200000|100%| O|  |TAMS 0x0000000715000000, 0x0000000715000000| Untracked 
|   3|0x0000000715200000, 0x0000000715345c00, 0x0000000715400000| 63%| O|  |TAMS 0x0000000715200000, 0x0000000715200000| Untracked 
|   4|0x0000000715400000, 0x0000000715400000, 0x0000000715600000|  0%| F|  |TAMS 0x0000000715400000, 0x0000000715400000| Untracked 
|   5|0x0000000715600000, 0x0000000715600000, 0x0000000715800000|  0%| F|  |TAMS 0x0000000715600000, 0x0000000715600000| Untracked 
|   6|0x0000000715800000, 0x0000000715800000, 0x0000000715a00000|  0%| F|  |TAMS 0x0000000715800000, 0x0000000715800000| Untracked 
|   7|0x0000000715a00000, 0x0000000715a00000, 0x0000000715c00000|  0%| F|  |TAMS 0x0000000715a00000, 0x0000000715a00000| Untracked 
|   8|0x0000000715c00000, 0x0000000715c00000, 0x0000000715e00000|  0%| F|  |TAMS 0x0000000715c00000, 0x0000000715c00000| Untracked 
|   9|0x0000000715e00000, 0x0000000715e00000, 0x0000000716000000|  0%| F|  |TAMS 0x0000000715e00000, 0x0000000715e00000| Untracked 
|  10|0x0000000716000000, 0x0000000716000000, 0x0000000716200000|  0%| F|  |TAMS 0x0000000716000000, 0x0000000716000000| Untracked 
|  11|0x0000000716200000, 0x0000000716200000, 0x0000000716400000|  0%| F|  |TAMS 0x0000000716200000, 0x0000000716200000| Untracked 
|  12|0x0000000716400000, 0x0000000716400000, 0x0000000716600000|  0%| F|  |TAMS 0x0000000716400000, 0x0000000716400000| Untracked 
|  13|0x0000000716600000, 0x0000000716600000, 0x0000000716800000|  0%| F|  |TAMS 0x0000000716600000, 0x0000000716600000| Untracked 
|  14|0x0000000716800000, 0x0000000716800000, 0x0000000716a00000|  0%| F|  |TAMS 0x0000000716800000, 0x0000000716800000| Untracked 
|  15|0x0000000716a00000, 0x0000000716a00000, 0x0000000716c00000|  0%| F|  |TAMS 0x0000000716a00000, 0x0000000716a00000| Untracked 
|  16|0x0000000716c00000, 0x0000000716c00000, 0x0000000716e00000|  0%| F|  |TAMS 0x0000000716c00000, 0x0000000716c00000| Untracked 
|  17|0x0000000716e00000, 0x0000000716e00000, 0x0000000717000000|  0%| F|  |TAMS 0x0000000716e00000, 0x0000000716e00000| Untracked 
|  18|0x0000000717000000, 0x0000000717000000, 0x0000000717200000|  0%| F|  |TAMS 0x0000000717000000, 0x0000000717000000| Untracked 
|  19|0x0000000717200000, 0x0000000717200000, 0x0000000717400000|  0%| F|  |TAMS 0x0000000717200000, 0x0000000717200000| Untracked 
|  20|0x0000000717400000, 0x0000000717400000, 0x0000000717600000|  0%| F|  |TAMS 0x0000000717400000, 0x0000000717400000| Untracked 
|  21|0x0000000717600000, 0x0000000717600000, 0x0000000717800000|  0%| F|  |TAMS 0x0000000717600000, 0x0000000717600000| Untracked 
|  22|0x0000000717800000, 0x0000000717800000, 0x0000000717a00000|  0%| F|  |TAMS 0x0000000717800000, 0x0000000717800000| Untracked 
|  23|0x0000000717a00000, 0x0000000717a00000, 0x0000000717c00000|  0%| F|  |TAMS 0x0000000717a00000, 0x0000000717a00000| Untracked 
|  24|0x0000000717c00000, 0x0000000717c00000, 0x0000000717e00000|  0%| F|  |TAMS 0x0000000717c00000, 0x0000000717c00000| Untracked 
|  25|0x0000000717e00000, 0x0000000717e00000, 0x0000000718000000|  0%| F|  |TAMS 0x0000000717e00000, 0x0000000717e00000| Untracked 
|  26|0x0000000718000000, 0x0000000718000000, 0x0000000718200000|  0%| F|  |TAMS 0x0000000718000000, 0x0000000718000000| Untracked 
|  27|0x0000000718200000, 0x0000000718200000, 0x0000000718400000|  0%| F|  |TAMS 0x0000000718200000, 0x0000000718200000| Untracked 
|  28|0x0000000718400000, 0x0000000718400000, 0x0000000718600000|  0%| F|  |TAMS 0x0000000718400000, 0x0000000718400000| Untracked 
|  29|0x0000000718600000, 0x0000000718600000, 0x0000000718800000|  0%| F|  |TAMS 0x0000000718600000, 0x0000000718600000| Untracked 
|  30|0x0000000718800000, 0x0000000718800000, 0x0000000718a00000|  0%| F|  |TAMS 0x0000000718800000, 0x0000000718800000| Untracked 
|  31|0x0000000718a00000, 0x0000000718a00000, 0x0000000718c00000|  0%| F|  |TAMS 0x0000000718a00000, 0x0000000718a00000| Untracked 
|  32|0x0000000718c00000, 0x0000000718c00000, 0x0000000718e00000|  0%| F|  |TAMS 0x0000000718c00000, 0x0000000718c00000| Untracked 
|  33|0x0000000718e00000, 0x0000000718e00000, 0x0000000719000000|  0%| F|  |TAMS 0x0000000718e00000, 0x0000000718e00000| Untracked 
|  34|0x0000000719000000, 0x0000000719000000, 0x0000000719200000|  0%| F|  |TAMS 0x0000000719000000, 0x0000000719000000| Untracked 
|  35|0x0000000719200000, 0x0000000719200000, 0x0000000719400000|  0%| F|  |TAMS 0x0000000719200000, 0x0000000719200000| Untracked 
|  36|0x0000000719400000, 0x0000000719400000, 0x0000000719600000|  0%| F|  |TAMS 0x0000000719400000, 0x0000000719400000| Untracked 
|  37|0x0000000719600000, 0x0000000719600000, 0x0000000719800000|  0%| F|  |TAMS 0x0000000719600000, 0x0000000719600000| Untracked 
|  38|0x0000000719800000, 0x0000000719800000, 0x0000000719a00000|  0%| F|  |TAMS 0x0000000719800000, 0x0000000719800000| Untracked 
|  39|0x0000000719a00000, 0x0000000719a00000, 0x0000000719c00000|  0%| F|  |TAMS 0x0000000719a00000, 0x0000000719a00000| Untracked 
|  40|0x0000000719c00000, 0x0000000719c00000, 0x0000000719e00000|  0%| F|  |TAMS 0x0000000719c00000, 0x0000000719c00000| Untracked 
|  41|0x0000000719e00000, 0x0000000719e00000, 0x000000071a000000|  0%| F|  |TAMS 0x0000000719e00000, 0x0000000719e00000| Untracked 
|  42|0x000000071a000000, 0x000000071a000000, 0x000000071a200000|  0%| F|  |TAMS 0x000000071a000000, 0x000000071a000000| Untracked 
|  43|0x000000071a200000, 0x000000071a200000, 0x000000071a400000|  0%| F|  |TAMS 0x000000071a200000, 0x000000071a200000| Untracked 
|  44|0x000000071a400000, 0x000000071a400000, 0x000000071a600000|  0%| F|  |TAMS 0x000000071a400000, 0x000000071a400000| Untracked 
|  45|0x000000071a600000, 0x000000071a600000, 0x000000071a800000|  0%| F|  |TAMS 0x000000071a600000, 0x000000071a600000| Untracked 
|  46|0x000000071a800000, 0x000000071a800000, 0x000000071aa00000|  0%| F|  |TAMS 0x000000071a800000, 0x000000071a800000| Untracked 
|  47|0x000000071aa00000, 0x000000071aa00000, 0x000000071ac00000|  0%| F|  |TAMS 0x000000071aa00000, 0x000000071aa00000| Untracked 
|  48|0x000000071ac00000, 0x000000071ac00000, 0x000000071ae00000|  0%| F|  |TAMS 0x000000071ac00000, 0x000000071ac00000| Untracked 
|  49|0x000000071ae00000, 0x000000071ae00000, 0x000000071b000000|  0%| F|  |TAMS 0x000000071ae00000, 0x000000071ae00000| Untracked 
|  50|0x000000071b000000, 0x000000071b000000, 0x000000071b200000|  0%| F|  |TAMS 0x000000071b000000, 0x000000071b000000| Untracked 
|  51|0x000000071b200000, 0x000000071b200000, 0x000000071b400000|  0%| F|  |TAMS 0x000000071b200000, 0x000000071b200000| Untracked 
|  52|0x000000071b400000, 0x000000071b400000, 0x000000071b600000|  0%| F|  |TAMS 0x000000071b400000, 0x000000071b400000| Untracked 
|  53|0x000000071b600000, 0x000000071b600000, 0x000000071b800000|  0%| F|  |TAMS 0x000000071b600000, 0x000000071b600000| Untracked 
|  54|0x000000071b800000, 0x000000071b800000, 0x000000071ba00000|  0%| F|  |TAMS 0x000000071b800000, 0x000000071b800000| Untracked 
|  55|0x000000071ba00000, 0x000000071ba00000, 0x000000071bc00000|  0%| F|  |TAMS 0x000000071ba00000, 0x000000071ba00000| Untracked 
|  56|0x000000071bc00000, 0x000000071bc00000, 0x000000071be00000|  0%| F|  |TAMS 0x000000071bc00000, 0x000000071bc00000| Untracked 
|  57|0x000000071be00000, 0x000000071be00000, 0x000000071c000000|  0%| F|  |TAMS 0x000000071be00000, 0x000000071be00000| Untracked 
|  58|0x000000071c000000, 0x000000071c000000, 0x000000071c200000|  0%| F|  |TAMS 0x000000071c000000, 0x000000071c000000| Untracked 
|  59|0x000000071c200000, 0x000000071c200000, 0x000000071c400000|  0%| F|  |TAMS 0x000000071c200000, 0x000000071c200000| Untracked 
|  60|0x000000071c400000, 0x000000071c400000, 0x000000071c600000|  0%| F|  |TAMS 0x000000071c400000, 0x000000071c400000| Untracked 
|  61|0x000000071c600000, 0x000000071c600000, 0x000000071c800000|  0%| F|  |TAMS 0x000000071c600000, 0x000000071c600000| Untracked 
|  62|0x000000071c800000, 0x000000071c800000, 0x000000071ca00000|  0%| F|  |TAMS 0x000000071c800000, 0x000000071c800000| Untracked 
|  63|0x000000071ca00000, 0x000000071ca00000, 0x000000071cc00000|  0%| F|  |TAMS 0x000000071ca00000, 0x000000071ca00000| Untracked 
|  64|0x000000071cc00000, 0x000000071cc00000, 0x000000071ce00000|  0%| F|  |TAMS 0x000000071cc00000, 0x000000071cc00000| Untracked 
|  65|0x000000071ce00000, 0x000000071ce00000, 0x000000071d000000|  0%| F|  |TAMS 0x000000071ce00000, 0x000000071ce00000| Untracked 
|  66|0x000000071d000000, 0x000000071d000000, 0x000000071d200000|  0%| F|  |TAMS 0x000000071d000000, 0x000000071d000000| Untracked 
|  67|0x000000071d200000, 0x000000071d200000, 0x000000071d400000|  0%| F|  |TAMS 0x000000071d200000, 0x000000071d200000| Untracked 
|  68|0x000000071d400000, 0x000000071d400000, 0x000000071d600000|  0%| F|  |TAMS 0x000000071d400000, 0x000000071d400000| Untracked 
|  69|0x000000071d600000, 0x000000071d600000, 0x000000071d800000|  0%| F|  |TAMS 0x000000071d600000, 0x000000071d600000| Untracked 
|  70|0x000000071d800000, 0x000000071d800000, 0x000000071da00000|  0%| F|  |TAMS 0x000000071d800000, 0x000000071d800000| Untracked 
|  71|0x000000071da00000, 0x000000071da00000, 0x000000071dc00000|  0%| F|  |TAMS 0x000000071da00000, 0x000000071da00000| Untracked 
|  72|0x000000071dc00000, 0x000000071dc00000, 0x000000071de00000|  0%| F|  |TAMS 0x000000071dc00000, 0x000000071dc00000| Untracked 
|  73|0x000000071de00000, 0x000000071de00000, 0x000000071e000000|  0%| F|  |TAMS 0x000000071de00000, 0x000000071de00000| Untracked 
|  74|0x000000071e000000, 0x000000071e000000, 0x000000071e200000|  0%| F|  |TAMS 0x000000071e000000, 0x000000071e000000| Untracked 
|  75|0x000000071e200000, 0x000000071e200000, 0x000000071e400000|  0%| F|  |TAMS 0x000000071e200000, 0x000000071e200000| Untracked 
|  76|0x000000071e400000, 0x000000071e400000, 0x000000071e600000|  0%| F|  |TAMS 0x000000071e400000, 0x000000071e400000| Untracked 
|  77|0x000000071e600000, 0x000000071e600000, 0x000000071e800000|  0%| F|  |TAMS 0x000000071e600000, 0x000000071e600000| Untracked 
|  78|0x000000071e800000, 0x000000071e800000, 0x000000071ea00000|  0%| F|  |TAMS 0x000000071e800000, 0x000000071e800000| Untracked 
|  79|0x000000071ea00000, 0x000000071ea00000, 0x000000071ec00000|  0%| F|  |TAMS 0x000000071ea00000, 0x000000071ea00000| Untracked 
|  80|0x000000071ec00000, 0x000000071ec00000, 0x000000071ee00000|  0%| F|  |TAMS 0x000000071ec00000, 0x000000071ec00000| Untracked 
|  81|0x000000071ee00000, 0x000000071ee00000, 0x000000071f000000|  0%| F|  |TAMS 0x000000071ee00000, 0x000000071ee00000| Untracked 
|  82|0x000000071f000000, 0x000000071f000000, 0x000000071f200000|  0%| F|  |TAMS 0x000000071f000000, 0x000000071f000000| Untracked 
|  83|0x000000071f200000, 0x000000071f200000, 0x000000071f400000|  0%| F|  |TAMS 0x000000071f200000, 0x000000071f200000| Untracked 
|  84|0x000000071f400000, 0x000000071f400000, 0x000000071f600000|  0%| F|  |TAMS 0x000000071f400000, 0x000000071f400000| Untracked 
|  85|0x000000071f600000, 0x000000071f600000, 0x000000071f800000|  0%| F|  |TAMS 0x000000071f600000, 0x000000071f600000| Untracked 
|  86|0x000000071f800000, 0x000000071f800000, 0x000000071fa00000|  0%| F|  |TAMS 0x000000071f800000, 0x000000071f800000| Untracked 
|  87|0x000000071fa00000, 0x000000071fa00000, 0x000000071fc00000|  0%| F|  |TAMS 0x000000071fa00000, 0x000000071fa00000| Untracked 
|  88|0x000000071fc00000, 0x000000071fc00000, 0x000000071fe00000|  0%| F|  |TAMS 0x000000071fc00000, 0x000000071fc00000| Untracked 
|  89|0x000000071fe00000, 0x000000071fe00000, 0x0000000720000000|  0%| F|  |TAMS 0x000000071fe00000, 0x000000071fe00000| Untracked 
|  90|0x0000000720000000, 0x0000000720000000, 0x0000000720200000|  0%| F|  |TAMS 0x0000000720000000, 0x0000000720000000| Untracked 
|  91|0x0000000720200000, 0x0000000720200000, 0x0000000720400000|  0%| F|  |TAMS 0x0000000720200000, 0x0000000720200000| Untracked 
|  92|0x0000000720400000, 0x0000000720400000, 0x0000000720600000|  0%| F|  |TAMS 0x0000000720400000, 0x0000000720400000| Untracked 
|  93|0x0000000720600000, 0x0000000720600000, 0x0000000720800000|  0%| F|  |TAMS 0x0000000720600000, 0x0000000720600000| Untracked 
|  94|0x0000000720800000, 0x0000000720800000, 0x0000000720a00000|  0%| F|  |TAMS 0x0000000720800000, 0x0000000720800000| Untracked 
|  95|0x0000000720a00000, 0x0000000720a00000, 0x0000000720c00000|  0%| F|  |TAMS 0x0000000720a00000, 0x0000000720a00000| Untracked 
|  96|0x0000000720c00000, 0x0000000720e00000, 0x0000000720e00000|100%| E|  |TAMS 0x0000000720c00000, 0x0000000720c00000| Complete 
|  97|0x0000000720e00000, 0x0000000721000000, 0x0000000721000000|100%| E|CS|TAMS 0x0000000720e00000, 0x0000000720e00000| Complete 
|  98|0x0000000721000000, 0x0000000721200000, 0x0000000721200000|100%| E|CS|TAMS 0x0000000721000000, 0x0000000721000000| Complete 
|  99|0x0000000721200000, 0x0000000721400000, 0x0000000721400000|100%| E|CS|TAMS 0x0000000721200000, 0x0000000721200000| Complete 
| 100|0x0000000721400000, 0x0000000721600000, 0x0000000721600000|100%| E|CS|TAMS 0x0000000721400000, 0x0000000721400000| Complete 
| 101|0x0000000721600000, 0x0000000721800000, 0x0000000721800000|100%| E|CS|TAMS 0x0000000721600000, 0x0000000721600000| Complete 
| 102|0x0000000721800000, 0x0000000721a00000, 0x0000000721a00000|100%| E|CS|TAMS 0x0000000721800000, 0x0000000721800000| Complete 
| 103|0x0000000721a00000, 0x0000000721c00000, 0x0000000721c00000|100%| E|CS|TAMS 0x0000000721a00000, 0x0000000721a00000| Complete 
| 104|0x0000000721c00000, 0x0000000721c93660, 0x0000000721e00000| 28%| S|CS|TAMS 0x0000000721c00000, 0x0000000721c00000| Complete 
| 105|0x0000000721e00000, 0x0000000722000000, 0x0000000722000000|100%| S|CS|TAMS 0x0000000721e00000, 0x0000000721e00000| Complete 
| 106|0x0000000722000000, 0x0000000722200000, 0x0000000722200000|100%| E|CS|TAMS 0x0000000722000000, 0x0000000722000000| Complete 
| 107|0x0000000722200000, 0x0000000722400000, 0x0000000722400000|100%| E|CS|TAMS 0x0000000722200000, 0x0000000722200000| Complete 
| 108|0x0000000722400000, 0x0000000722600000, 0x0000000722600000|100%| E|CS|TAMS 0x0000000722400000, 0x0000000722400000| Complete 
| 109|0x0000000722600000, 0x0000000722800000, 0x0000000722800000|100%| E|CS|TAMS 0x0000000722600000, 0x0000000722600000| Complete 
| 110|0x0000000722800000, 0x0000000722a00000, 0x0000000722a00000|100%| E|CS|TAMS 0x0000000722800000, 0x0000000722800000| Complete 
| 111|0x0000000722a00000, 0x0000000722c00000, 0x0000000722c00000|100%| E|CS|TAMS 0x0000000722a00000, 0x0000000722a00000| Complete 
| 112|0x0000000722c00000, 0x0000000722e00000, 0x0000000722e00000|100%| E|CS|TAMS 0x0000000722c00000, 0x0000000722c00000| Complete 
| 113|0x0000000722e00000, 0x0000000723000000, 0x0000000723000000|100%| E|CS|TAMS 0x0000000722e00000, 0x0000000722e00000| Complete 
| 114|0x0000000723000000, 0x0000000723200000, 0x0000000723200000|100%| E|CS|TAMS 0x0000000723000000, 0x0000000723000000| Complete 
| 115|0x0000000723200000, 0x0000000723400000, 0x0000000723400000|100%| E|CS|TAMS 0x0000000723200000, 0x0000000723200000| Complete 
| 116|0x0000000723400000, 0x0000000723600000, 0x0000000723600000|100%| E|CS|TAMS 0x0000000723400000, 0x0000000723400000| Complete 
| 117|0x0000000723600000, 0x0000000723800000, 0x0000000723800000|100%| E|CS|TAMS 0x0000000723600000, 0x0000000723600000| Complete 

Card table byte_map: [0x000001c0afd20000,0x000001c0b0480000] _byte_map_base: 0x000001c0ac47a000

Marking Bits (Prev, Next): (CMBitMap*) 0x000001c0a4ae7f10, (CMBitMap*) 0x000001c0a4ae7f50
 Prev Bits: [0x000001c0b0be0000, 0x000001c0b46b0000)
 Next Bits: [0x000001c0b46b0000, 0x000001c0b8180000)

Polling page: 0x000001c0a2af0000

Metaspace:

Usage:
  Non-class:     15.74 MB used.
      Class:      2.54 MB used.
       Both:     18.28 MB used.

Virtual space:
  Non-class space:       64.00 MB reserved,      15.88 MB ( 25%) committed,  1 nodes.
      Class space:        1.00 GB reserved,       2.69 MB ( <1%) committed,  1 nodes.
             Both:        1.06 GB reserved,      18.56 MB (  2%) committed. 

Chunk freelists:
   Non-Class:  15.86 MB
       Class:  13.29 MB
        Both:  29.15 MB

MaxMetaspaceSize: unlimited
CompressedClassSpaceSize: 1.00 GB
Initial GC threshold: 21.00 MB
Current GC threshold: 21.00 MB
CDS: on
MetaspaceReclaimPolicy: balanced
 - commit_granule_bytes: 65536.
 - commit_granule_words: 8192.
 - virtual_space_node_default_size: 8388608.
 - enlarge_chunks_in_place: 1.
 - new_chunks_are_fully_committed: 0.
 - uncommit_free_chunks: 1.
 - use_allocation_guard: 0.
 - handle_deallocations: 1.


Internal statistics:

num_allocs_failed_limit: 0.
num_arena_births: 388.
num_arena_deaths: 0.
num_vsnodes_births: 2.
num_vsnodes_deaths: 0.
num_space_committed: 297.
num_space_uncommitted: 0.
num_chunks_returned_to_freelist: 0.
num_chunks_taken_from_freelist: 989.
num_chunk_merges: 0.
num_chunk_splits: 646.
num_chunks_enlarged: 444.
num_inconsistent_stats: 0.

CodeCache: size=49152Kb used=6043Kb max_used=6043Kb free=43108Kb
 bounds [0x000001c0ac5c0000, 0x000001c0acbb0000, 0x000001c0af5c0000]
 total_blobs=3023 nmethods=2509 adapters=439
 compilation: enabled
              stopped_count=0, restarted_count=0
 full_count=0

Compilation events (20 events):
Event: 3.100 Thread 0x000001c0ba56d490 2496       1       java.util.concurrent.ConcurrentHashMap$MapEntry::<init> (20 bytes)
Event: 3.100 Thread 0x000001c0ba67eda0 nmethod 2494 0x000001c0acb9f210 code [0x000001c0acb9f3a0, 0x000001c0acb9f488]
Event: 3.100 Thread 0x000001c0ba56d490 nmethod 2496 0x000001c0acb9f510 code [0x000001c0acb9f6a0, 0x000001c0acb9f898]
Event: 3.100 Thread 0x000001c0ba67c870 nmethod 2495 0x000001c0acb9f910 code [0x000001c0acb9fac0, 0x000001c0acb9fe78]
Event: 3.105 Thread 0x000001c0ba67c870 2497       1       java.lang.invoke.DirectMethodHandle$Holder::invokeStatic (14 bytes)
Event: 3.105 Thread 0x000001c0ba67c870 nmethod 2497 0x000001c0acb9ff90 code [0x000001c0acba0140, 0x000001c0acba0258]
Event: 3.106 Thread 0x000001c0ba67c870 2498       1       java.lang.Character::isJavaIdentifierPart (5 bytes)
Event: 3.106 Thread 0x000001c0ba67c870 nmethod 2498 0x000001c0acba0310 code [0x000001c0acba04c0, 0x000001c0acba05b8]
Event: 3.107 Thread 0x000001c0ba67c870 2499       1       java.lang.NamedPackage::<init> (59 bytes)
Event: 3.108 Thread 0x000001c0ba67c870 nmethod 2499 0x000001c0acba0690 code [0x000001c0acba08a0, 0x000001c0acba0df8]
Event: 3.110 Thread 0x000001c0ba56d490 2500       1       java.lang.invoke.ClassSpecializer$SpeciesData::factory (14 bytes)
Event: 3.110 Thread 0x000001c0ba56d490 nmethod 2500 0x000001c0acba1390 code [0x000001c0acba1520, 0x000001c0acba1648]
Event: 3.114 Thread 0x000001c0ba67c870 2501       1       java.io.OutputStream::<init> (5 bytes)
Event: 3.114 Thread 0x000001c0ba67c870 nmethod 2501 0x000001c0acba1a10 code [0x000001c0acba1ba0, 0x000001c0acba1c58]
Event: 3.114 Thread 0x000001c0ba56d490 2502       1       java.lang.ClassLoader::definePackage (53 bytes)
Event: 3.114 Thread 0x000001c0ba67eda0 2503       1       java.lang.Package::<init> (47 bytes)
Event: 3.115 Thread 0x000001c0ba67eda0 nmethod 2503 0x000001c0acba1d10 code [0x000001c0acba1ec0, 0x000001c0acba2148]
Event: 3.115 Thread 0x000001c0ba56d490 nmethod 2502 0x000001c0acba2290 code [0x000001c0acba2460, 0x000001c0acba27b8]
Event: 3.115 Thread 0x000001c0ba67eda0 2504       1       java.lang.Package$VersionInfo::getInstance (53 bytes)
Event: 3.115 Thread 0x000001c0ba67eda0 nmethod 2504 0x000001c0acba2990 code [0x000001c0acba2b40, 0x000001c0acba2d68]

GC Heap History (6 events):
Event: 0.920 GC heap before
{Heap before GC invocations=0 (full 0):
 garbage-first heap   total 241664K, used 10240K [0x0000000714c00000, 0x0000000800000000)
  region size 2048K, 6 young (12288K), 0 survivors (0K)
 Metaspace       used 3232K, committed 3392K, reserved 1114112K
  class space    used 381K, committed 448K, reserved 1048576K
}
Event: 0.927 GC heap after
{Heap after GC invocations=1 (full 0):
 garbage-first heap   total 241664K, used 7973K [0x0000000714c00000, 0x0000000800000000)
  region size 2048K, 1 young (2048K), 1 survivors (2048K)
 Metaspace       used 3232K, committed 3392K, reserved 1114112K
  class space    used 381K, committed 448K, reserved 1048576K
}
Event: 1.499 GC heap before
{Heap before GC invocations=1 (full 0):
 garbage-first heap   total 241664K, used 16165K [0x0000000714c00000, 0x0000000800000000)
  region size 2048K, 5 young (10240K), 1 survivors (2048K)
 Metaspace       used 6680K, committed 6976K, reserved 1114112K
  class space    used 837K, committed 960K, reserved 1048576K
}
Event: 1.505 GC heap after
{Heap after GC invocations=2 (full 0):
 garbage-first heap   total 241664K, used 8424K [0x0000000714c00000, 0x0000000800000000)
  region size 2048K, 1 young (2048K), 1 survivors (2048K)
 Metaspace       used 6680K, committed 6976K, reserved 1114112K
  class space    used 837K, committed 960K, reserved 1048576K
}
Event: 2.537 GC heap before
{Heap before GC invocations=2 (full 0):
 garbage-first heap   total 241664K, used 28904K [0x0000000714c00000, 0x0000000800000000)
  region size 2048K, 12 young (24576K), 1 survivors (2048K)
 Metaspace       used 11090K, committed 11392K, reserved 1114112K
  class space    used 1563K, committed 1728K, reserved 1048576K
}
Event: 2.542 GC heap after
{Heap after GC invocations=3 (full 0):
 garbage-first heap   total 241664K, used 10084K [0x0000000714c00000, 0x0000000800000000)
  region size 2048K, 2 young (4096K), 2 survivors (4096K)
 Metaspace       used 11090K, committed 11392K, reserved 1114112K
  class space    used 1563K, committed 1728K, reserved 1048576K
}

Dll operation events (11 events):
Event: 0.033 Loaded shared library C:\Users\Clement\.jdks\ms-17.0.15\bin\java.dll
Event: 0.064 Loaded shared library C:\Users\Clement\.jdks\ms-17.0.15\bin\jsvml.dll
Event: 0.332 Loaded shared library C:\Users\Clement\.jdks\ms-17.0.15\bin\zip.dll
Event: 0.335 Loaded shared library C:\Users\Clement\.jdks\ms-17.0.15\bin\instrument.dll
Event: 0.354 Loaded shared library C:\Users\Clement\.jdks\ms-17.0.15\bin\net.dll
Event: 0.357 Loaded shared library C:\Users\Clement\.jdks\ms-17.0.15\bin\nio.dll
Event: 0.360 Loaded shared library C:\Users\Clement\.jdks\ms-17.0.15\bin\zip.dll
Event: 0.403 Loaded shared library C:\Users\Clement\.jdks\ms-17.0.15\bin\jimage.dll
Event: 0.700 Loaded shared library C:\Users\Clement\.jdks\ms-17.0.15\bin\extnet.dll
Event: 0.716 Loaded shared library C:\Users\Clement\.jdks\ms-17.0.15\bin\management.dll
Event: 0.736 Loaded shared library C:\Users\Clement\.jdks\ms-17.0.15\bin\management_ext.dll

Deoptimization events (0 events):
No events

Classes loaded (20 events):
Event: 3.026 Loading class java/beans/ConstructorProperties
Event: 3.026 Loading class java/beans/ConstructorProperties done
Event: 3.030 Loading class java/io/InvalidObjectException
Event: 3.030 Loading class java/io/InvalidObjectException done
Event: 3.032 Loading class java/util/concurrent/ConcurrentLinkedQueue
Event: 3.032 Loading class java/util/concurrent/ConcurrentLinkedQueue done
Event: 3.032 Loading class java/util/concurrent/ConcurrentLinkedQueue$Node
Event: 3.032 Loading class java/util/concurrent/ConcurrentLinkedQueue$Node done
Event: 3.034 Loading class java/util/concurrent/atomic/AtomicLongArray
Event: 3.035 Loading class java/util/concurrent/atomic/AtomicLongArray done
Event: 3.035 Loading class java/lang/invoke/VarHandleLongs$Array
Event: 3.035 Loading class java/lang/invoke/VarHandleLongs$Array done
Event: 3.035 Loading class java/util/concurrent/atomic/AtomicReferenceArray
Event: 3.035 Loading class java/util/concurrent/atomic/AtomicReferenceArray done
Event: 3.069 Loading class sun/text/resources/cldr/FormatData_en
Event: 3.069 Loading class sun/text/resources/cldr/FormatData_en done
Event: 3.069 Loading class sun/text/resources/cldr/FormatData_en_US
Event: 3.069 Loading class sun/text/resources/cldr/FormatData_en_US done
Event: 3.091 Loading class java/io/CharArrayReader
Event: 3.091 Loading class java/io/CharArrayReader done

Classes unloaded (0 events):
No events

Classes redefined (0 events):
No events

Internal exceptions (20 events):
Event: 2.329 Thread 0x000001c0a4a81a00 Exception <a 'java/lang/NoSuchMethodError'{0x0000000722698c80}: 'java.lang.Object java.lang.invoke.Invokers$Holder.linkToTargetMethod(java.lang.Object, java.lang.Object, int, java.lang.Object, java.lang.Object)'> (0x0000000722698c80) 
thrown [s\src\hotspot\share\interpreter\linkResolver.cpp, line 759]
Event: 2.331 Thread 0x000001c0a4a81a00 Exception <a 'java/lang/NoSuchMethodError'{0x00000007226a7f08}: 'java.lang.Object java.lang.invoke.DirectMethodHandle$Holder.newInvokeSpecial(java.lang.Object, int, java.lang.Object)'> (0x00000007226a7f08) 
thrown [s\src\hotspot\share\interpreter\linkResolver.cpp, line 759]
Event: 2.331 Thread 0x000001c0a4a81a00 Exception <a 'java/lang/NoSuchMethodError'{0x00000007226abed8}: 'int java.lang.invoke.DirectMethodHandle$Holder.invokeSpecialIFC(java.lang.Object, java.lang.Object, java.lang.Object, java.lang.Object)'> (0x00000007226abed8) 
thrown [s\src\hotspot\share\interpreter\linkResolver.cpp, line 759]
Event: 2.368 Thread 0x000001c0a4a81a00 Exception <a 'java/lang/NoSuchMethodError'{0x0000000722780bf8}: 'void java.lang.invoke.DirectMethodHandle$Holder.invokeInterface(java.lang.Object, java.lang.Object, java.lang.Object)'> (0x0000000722780bf8) 
thrown [s\src\hotspot\share\interpreter\linkResolver.cpp, line 759]
Event: 2.370 Thread 0x000001c08035b700 Exception <a 'java/lang/reflect/InvocationTargetException'{0x00000007227b4090}> (0x00000007227b4090) 
thrown [s\src\hotspot\share\runtime\reflection.cpp, line 1128]
Event: 2.396 Thread 0x000001c0a4a81a00 Exception <a 'java/lang/NoSuchMethodError'{0x00000007224300f0}: 'java.lang.Object java.lang.invoke.DirectMethodHandle$Holder.invokeVirtual(java.lang.Object, java.lang.Object, java.lang.Object)'> (0x00000007224300f0) 
thrown [s\src\hotspot\share\interpreter\linkResolver.cpp, line 759]
Event: 2.422 Thread 0x000001c0a4a81a00 Exception <a 'java/lang/NoSuchMethodError'{0x0000000722534dd0}: 'void java.lang.invoke.DirectMethodHandle$Holder.invokeStatic(java.lang.Object, java.lang.Object, int)'> (0x0000000722534dd0) 
thrown [s\src\hotspot\share\interpreter\linkResolver.cpp, line 759]
Event: 2.425 Thread 0x000001c0a4a81a00 Exception <a 'java/lang/NoSuchMethodError'{0x0000000722546fd8}: 'void java.lang.invoke.DirectMethodHandle$Holder.invokeStaticInit(java.lang.Object, java.lang.Object, java.lang.Object)'> (0x0000000722546fd8) 
thrown [s\src\hotspot\share\interpreter\linkResolver.cpp, line 759]
Event: 2.446 Thread 0x000001c0a4a81a00 Exception <a 'java/lang/NoSuchMethodError'{0x0000000722203340}: 'void java.lang.invoke.DirectMethodHandle$Holder.invokeVirtual(java.lang.Object, java.lang.Object, java.lang.Object, java.lang.Object)'> (0x0000000722203340) 
thrown [s\src\hotspot\share\interpreter\linkResolver.cpp, line 759]
Event: 2.464 Thread 0x000001c0a4a81a00 Exception <a 'java/lang/NoSuchMethodError'{0x00000007222beb88}: 'java.lang.Object java.lang.invoke.DirectMethodHandle$Holder.invokeSpecial(java.lang.Object, java.lang.Object, long, java.lang.Object, java.lang.Object, java.lang.Object, java.lang.Object, java.lang.Object, java.lang.Object)'> (0x00000007222beb88) 
thrown [s\src\hotspot\share\interpreter\linkResolver.cpp, line 759]
Event: 2.464 Thread 0x000001c0a4a81a00 Exception <a 'java/lang/NoSuchMethodError'{0x00000007222c3408}: 'java.lang.Object java.lang.invoke.DelegatingMethodHandle$Holder.reinvoke_L(java.lang.Object, long, java.lang.Object, java.lang.Object, java.lang.Object, java.lang.Object, java.lang.Object, java.lang.Object)'> (0x00000007222c3408) 
thrown [s\src\hotspot\share\interpreter\linkResolver.cpp, line 759]
Event: 2.525 Thread 0x000001c0a4a81a00 Exception <a 'java/lang/NoSuchMethodError'{0x00000007220e91b0}: 'void java.lang.invoke.DirectMethodHandle$Holder.invokeSpecial(java.lang.Object, java.lang.Object, java.lang.Object)'> (0x00000007220e91b0) 
thrown [s\src\hotspot\share\interpreter\linkResolver.cpp, line 759]
Event: 2.533 Thread 0x000001c0a4a81a00 Exception <a 'java/lang/NoSuchMethodError'{0x0000000722134a80}: 'java.lang.Object java.lang.invoke.DirectMethodHandle$Holder.invokeStatic(java.lang.Object, java.lang.Object, int)'> (0x0000000722134a80) 
thrown [s\src\hotspot\share\interpreter\linkResolver.cpp, line 759]
Event: 2.534 Thread 0x000001c0a4a81a00 Exception <a 'java/lang/NoSuchMethodError'{0x00000007221401f0}: 'void java.lang.invoke.DelegatingMethodHandle$Holder.delegate(java.lang.Object, java.lang.Object, int, java.lang.Object)'> (0x00000007221401f0) 
thrown [s\src\hotspot\share\interpreter\linkResolver.cpp, line 759]
Event: 2.550 Thread 0x000001c0a4a81a00 Exception <a 'java/lang/IncompatibleClassChangeError'{0x000000072367bc78}: Found class java.lang.Object, but interface was expected> (0x000000072367bc78) 
thrown [s\src\hotspot\share\interpreter\linkResolver.cpp, line 826]
Event: 2.575 Thread 0x000001c0806a6f20 Exception <a 'java/lang/NoSuchMethodError'{0x0000000723539780}: 'java.lang.Object java.lang.invoke.Invokers$Holder.invoke_MT(java.lang.Object, java.lang.Object, java.lang.Object)'> (0x0000000723539780) 
thrown [s\src\hotspot\share\interpreter\linkResolver.cpp, line 759]
Event: 2.670 Thread 0x000001c0a4a81a00 Exception <a 'java/lang/NoSuchMethodError'{0x0000000722c9ee98}: 'java.lang.Object java.lang.invoke.DirectMethodHandle$Holder.invokeStatic(java.lang.Object, int, java.lang.Object)'> (0x0000000722c9ee98) 
thrown [s\src\hotspot\share\interpreter\linkResolver.cpp, line 759]
Event: 2.872 Thread 0x000001c0a4a81a00 Exception <a 'java/lang/NoSuchMethodError'{0x00000007220f3e08}: 'int java.lang.invoke.DirectMethodHandle$Holder.invokeSpecial(java.lang.Object, java.lang.Object, java.lang.Object, java.lang.Object, java.lang.Object)'> (0x00000007220f3e08) 
thrown [s\src\hotspot\share\interpreter\linkResolver.cpp, line 759]
Event: 2.874 Thread 0x000001c0a4a81a00 Exception <a 'java/lang/NoSuchMethodError'{0x00000007220fca58}: 'void java.lang.invoke.DirectMethodHandle$Holder.invokeVirtual(java.lang.Object, java.lang.Object)'> (0x00000007220fca58) 
thrown [s\src\hotspot\share\interpreter\linkResolver.cpp, line 759]
Event: 2.880 Thread 0x000001c08035b700 Exception <a 'java/lang/reflect/InvocationTargetException'{0x0000000721a094f8}> (0x0000000721a094f8) 
thrown [s\src\hotspot\share\runtime\reflection.cpp, line 1128]

VM Operations (20 events):
Event: 1.289 Executing VM operation: HandshakeAllThreads
Event: 1.290 Executing VM operation: HandshakeAllThreads done
Event: 1.499 Executing VM operation: G1CollectForAllocation
Event: 1.505 Executing VM operation: G1CollectForAllocation done
Event: 1.897 Executing VM operation: HandshakeAllThreads
Event: 1.897 Executing VM operation: HandshakeAllThreads done
Event: 2.301 Executing VM operation: HandshakeAllThreads
Event: 2.301 Executing VM operation: HandshakeAllThreads done
Event: 2.449 Executing VM operation: ICBufferFull
Event: 2.449 Executing VM operation: ICBufferFull done
Event: 2.519 Executing VM operation: HandshakeAllThreads
Event: 2.519 Executing VM operation: HandshakeAllThreads done
Event: 2.523 Executing VM operation: HandshakeAllThreads
Event: 2.523 Executing VM operation: HandshakeAllThreads done
Event: 2.537 Executing VM operation: G1CollectForAllocation
Event: 2.542 Executing VM operation: G1CollectForAllocation done
Event: 2.785 Executing VM operation: HandshakeAllThreads
Event: 2.785 Executing VM operation: HandshakeAllThreads done
Event: 2.847 Executing VM operation: HandshakeAllThreads
Event: 2.847 Executing VM operation: HandshakeAllThreads done

Memory protections (0 events):
No events

Nmethod flushes (0 events):
No events

Events (20 events):
Event: 0.305 Thread 0x000001c0a4a81a00 Thread added: 0x000001c0ba650330
Event: 0.313 Thread 0x000001c0ba56d490 Thread added: 0x000001c0ba67c870
Event: 0.314 Thread 0x000001c0ba56d490 Thread added: 0x000001c0ba67eda0
Event: 0.658 Thread 0x000001c0a4a81a00 Thread added: 0x000001c0ba999130
Event: 0.659 Thread 0x000001c0a4a81a00 Thread added: 0x000001c0800f9f50
Event: 1.087 Thread 0x000001c0a4a81a00 Thread added: 0x000001c08025f7f0
Event: 1.202 Thread 0x000001c08025f7f0 Thread added: 0x000001c080244da0
Event: 1.260 Thread 0x000001c08025f7f0 Thread added: 0x000001c08035b700
Event: 1.287 Thread 0x000001c080244da0 Thread added: 0x000001c08051eff0
Event: 1.303 Thread 0x000001c080244da0 Thread added: 0x000001c080332420
Event: 1.307 Thread 0x000001c08035b700 Thread added: 0x000001c08034dde0
Event: 1.352 Thread 0x000001c08051eff0 Thread exited: 0x000001c08051eff0
Event: 1.854 Thread 0x000001c080244da0 Thread added: 0x000001c0806a9cb0
Event: 1.897 Thread 0x000001c0806a9cb0 Thread exited: 0x000001c0806a9cb0
Event: 2.364 Thread 0x000001c08035b700 Thread added: 0x000001c0806a6f20
Event: 2.373 Thread 0x000001c0806a6f20 Thread exited: 0x000001c0806a6f20
Event: 2.528 Thread 0x000001c0a4a81a00 Thread added: 0x000001c0806a6f20
Event: 2.875 Thread 0x000001c08035b700 Thread added: 0x000001c0806a50c0
Event: 2.885 Thread 0x000001c0806a50c0 Thread exited: 0x000001c0806a50c0
Event: 3.104 Thread 0x000001c0a4a81a00 Thread added: 0x000001c0806a5ff0


Dynamic libraries:
0x00007ff703980000 - 0x00007ff70398e000 	C:\Users\Clement\.jdks\ms-17.0.15\bin\java.exe
0x00007ff94d170000 - 0x00007ff94d368000 	C:\WINDOWS\SYSTEM32\ntdll.dll
0x00007ff94b190000 - 0x00007ff94b252000 	C:\WINDOWS\System32\KERNEL32.DLL
0x00007ff94aaf0000 - 0x00007ff94ade6000 	C:\WINDOWS\System32\KERNELBASE.dll
0x00007ff94b000000 - 0x00007ff94b100000 	C:\WINDOWS\System32\ucrtbase.dll
0x00007ff926170000 - 0x00007ff926187000 	C:\Users\Clement\.jdks\ms-17.0.15\bin\jli.dll
0x00007ff94bb20000 - 0x00007ff94bcbd000 	C:\WINDOWS\System32\USER32.dll
0x00007ff94aa10000 - 0x00007ff94aa32000 	C:\WINDOWS\System32\win32u.dll
0x00007ff94b2f0000 - 0x00007ff94b31b000 	C:\WINDOWS\System32\GDI32.dll
0x00007ff94aee0000 - 0x00007ff94affa000 	C:\WINDOWS\System32\gdi32full.dll
0x00007ff94ae40000 - 0x00007ff94aedd000 	C:\WINDOWS\System32\msvcp_win.dll
0x00007ff926340000 - 0x00007ff92635d000 	C:\Users\Clement\.jdks\ms-17.0.15\bin\VCRUNTIME140.dll
0x00007ff93c530000 - 0x00007ff93c7ca000 	C:\WINDOWS\WinSxS\amd64_microsoft.windows.common-controls_6595b64144ccf1df_6.0.19041.4355_none_60b8b9eb71f62e16\COMCTL32.dll
0x00007ff94b750000 - 0x00007ff94b7ee000 	C:\WINDOWS\System32\msvcrt.dll
0x00007ff94bcf0000 - 0x00007ff94bd1f000 	C:\WINDOWS\System32\IMM32.DLL
0x00007ff92e060000 - 0x00007ff92e06c000 	C:\Users\Clement\.jdks\ms-17.0.15\bin\vcruntime140_1.dll
0x00007ff90bc20000 - 0x00007ff90bcad000 	C:\Users\Clement\.jdks\ms-17.0.15\bin\msvcp140.dll
0x00007ff8e5ad0000 - 0x00007ff8e6742000 	C:\Users\Clement\.jdks\ms-17.0.15\bin\server\jvm.dll
0x00007ff94bf40000 - 0x00007ff94bfef000 	C:\WINDOWS\System32\ADVAPI32.dll
0x00007ff94b7f0000 - 0x00007ff94b88f000 	C:\WINDOWS\System32\sechost.dll
0x00007ff94bd20000 - 0x00007ff94be43000 	C:\WINDOWS\System32\RPCRT4.dll
0x00007ff94a9e0000 - 0x00007ff94aa07000 	C:\WINDOWS\System32\bcrypt.dll
0x00007ff94c1a0000 - 0x00007ff94c20b000 	C:\WINDOWS\System32\WS2_32.dll
0x00007ff949d90000 - 0x00007ff949ddb000 	C:\WINDOWS\SYSTEM32\POWRPROF.dll
0x00007ff938300000 - 0x00007ff938327000 	C:\WINDOWS\SYSTEM32\WINMM.dll
0x00007ff93fb30000 - 0x00007ff93fb3a000 	C:\WINDOWS\SYSTEM32\VERSION.dll
0x00007ff949c00000 - 0x00007ff949c12000 	C:\WINDOWS\SYSTEM32\UMPDC.dll
0x00007ff948680000 - 0x00007ff948692000 	C:\WINDOWS\SYSTEM32\kernel.appcore.dll
0x00007ff92de30000 - 0x00007ff92de3a000 	C:\Users\Clement\.jdks\ms-17.0.15\bin\jimage.dll
0x00007ff948000000 - 0x00007ff9481e4000 	C:\WINDOWS\SYSTEM32\DBGHELP.DLL
0x00007ff9435f0000 - 0x00007ff943624000 	C:\WINDOWS\SYSTEM32\dbgcore.DLL
0x00007ff94b100000 - 0x00007ff94b182000 	C:\WINDOWS\System32\bcryptPrimitives.dll
0x00007ff92c310000 - 0x00007ff92c31e000 	C:\Users\Clement\.jdks\ms-17.0.15\bin\instrument.dll
0x00007ff921680000 - 0x00007ff9216a5000 	C:\Users\Clement\.jdks\ms-17.0.15\bin\java.dll
0x00007ff90b450000 - 0x00007ff90b526000 	C:\Users\Clement\.jdks\ms-17.0.15\bin\jsvml.dll
0x00007ff94c210000 - 0x00007ff94c97f000 	C:\WINDOWS\System32\SHELL32.dll
0x00007ff948880000 - 0x00007ff949023000 	C:\WINDOWS\SYSTEM32\windows.storage.dll
0x00007ff94b3f0000 - 0x00007ff94b745000 	C:\WINDOWS\System32\combase.dll
0x00007ff94a230000 - 0x00007ff94a25b000 	C:\WINDOWS\SYSTEM32\Wldp.dll
0x00007ff94b320000 - 0x00007ff94b3ed000 	C:\WINDOWS\System32\OLEAUT32.dll
0x00007ff94b890000 - 0x00007ff94b93d000 	C:\WINDOWS\System32\SHCORE.dll
0x00007ff94ba50000 - 0x00007ff94baa5000 	C:\WINDOWS\System32\shlwapi.dll
0x00007ff94a730000 - 0x00007ff94a755000 	C:\WINDOWS\SYSTEM32\profapi.dll
0x00007ff9219a0000 - 0x00007ff9219b8000 	C:\Users\Clement\.jdks\ms-17.0.15\bin\zip.dll
0x00007ff921310000 - 0x00007ff92132a000 	C:\Users\Clement\.jdks\ms-17.0.15\bin\net.dll
0x00007ff943850000 - 0x00007ff94395a000 	C:\WINDOWS\SYSTEM32\WINHTTP.dll
0x00007ff949f90000 - 0x00007ff949ffc000 	C:\WINDOWS\system32\mswsock.dll
0x00007ff921290000 - 0x00007ff9212a6000 	C:\Users\Clement\.jdks\ms-17.0.15\bin\nio.dll
0x00007ff949c70000 - 0x00007ff949d3a000 	C:\WINDOWS\SYSTEM32\DNSAPI.dll
0x00007ff949c20000 - 0x00007ff949c5b000 	C:\WINDOWS\SYSTEM32\IPHLPAPI.DLL
0x00007ff94be50000 - 0x00007ff94be58000 	C:\WINDOWS\System32\NSI.dll
0x0000000058ba0000 - 0x0000000058bd5000 	C:\Program Files\Bonjour\mdnsNSP.dll
0x00007ff93dcf0000 - 0x00007ff93e144000 	C:\WINDOWS\system32\RssHmm64.nsp
0x00007ff93f020000 - 0x00007ff93f02a000 	C:\Windows\System32\rasadhlp.dll
0x00007ff921430000 - 0x00007ff921439000 	C:\Users\Clement\.jdks\ms-17.0.15\bin\extnet.dll
0x00007ff93eb70000 - 0x00007ff93ebf0000 	C:\WINDOWS\System32\fwpuclnt.dll
0x00007ff926270000 - 0x00007ff92627a000 	C:\Users\Clement\.jdks\ms-17.0.15\bin\management.dll
0x00007ff926230000 - 0x00007ff92623b000 	C:\Users\Clement\.jdks\ms-17.0.15\bin\management_ext.dll
0x00007ff94bb10000 - 0x00007ff94bb18000 	C:\WINDOWS\System32\PSAPI.DLL
0x00007ff94a180000 - 0x00007ff94a198000 	C:\WINDOWS\SYSTEM32\CRYPTSP.dll
0x00007ff949840000 - 0x00007ff949878000 	C:\WINDOWS\system32\rsaenh.dll
0x00007ff94a6b0000 - 0x00007ff94a6de000 	C:\WINDOWS\SYSTEM32\USERENV.dll
0x00007ff94a1a0000 - 0x00007ff94a1ac000 	C:\WINDOWS\SYSTEM32\CRYPTBASE.dll
0x00007ff944450000 - 0x00007ff944467000 	C:\WINDOWS\SYSTEM32\dhcpcsvc6.DLL
0x00007ff943b30000 - 0x00007ff943b4d000 	C:\WINDOWS\SYSTEM32\dhcpcsvc.DLL
0x00007ff92f260000 - 0x00007ff92f277000 	C:\WINDOWS\system32\napinsp.dll
0x00007ff92f240000 - 0x00007ff92f25b000 	C:\WINDOWS\system32\pnrpnsp.dll
0x00007ff92f220000 - 0x00007ff92f235000 	C:\WINDOWS\system32\wshbth.dll
0x00007ff944840000 - 0x00007ff94485d000 	C:\WINDOWS\system32\NLAapi.dll
0x00007ff92f200000 - 0x00007ff92f212000 	C:\WINDOWS\System32\winrnr.dll
0x00007ff9375a0000 - 0x00007ff9375f1000 	C:\WINDOWS\SYSTEM32\pdh.dll
0x00007ff9447f0000 - 0x00007ff9447ff000 	C:\WINDOWS\System32\perfproc.dll
0x00007ff943630000 - 0x00007ff94363f000 	C:\WINDOWS\System32\perfos.dll

dbghelp: loaded successfully - version: 4.0.5 - missing functions: none
symbol engine: initialized successfully - sym options: 0x614 - pdb path: .;C:\Users\Clement\.jdks\ms-17.0.15\bin;C:\WINDOWS\SYSTEM32;C:\WINDOWS\WinSxS\amd64_microsoft.windows.common-controls_6595b64144ccf1df_6.0.19041.4355_none_60b8b9eb71f62e16;C:\Users\Clement\.jdks\ms-17.0.15\bin\server;C:\Program Files\Bonjour

VM Arguments:
jvm_args: -XX:TieredStopAtLevel=1 -Dspring.output.ansi.enabled=always -Dcom.sun.management.jmxremote -Dspring.jmx.enabled=true -Dspring.liveBeansView.mbeanDomain -Dspring.application.admin.enabled=true -Dmanagement.endpoints.jmx.exposure.include=* -javaagent:C:\Program Files\JetBrains\IntelliJ IDEA 2025.1\lib\idea_rt.jar=56138 -Dfile.encoding=UTF-8 
java_command: com.example.demo.DemoApplication
java_class_path (initial): C:\Users\Clement\IdeaProjects\demo\build\classes\java\main;C:\Users\Clement\IdeaProjects\demo\build\resources\main;C:\Users\Clement\.gradle\caches\modules-2\files-2.1\org.springframework.boot\spring-boot-starter-web\3.4.5\54cb03e8615f0c10cd44b5b7d155af3d0be7d66a\spring-boot-starter-web-3.4.5.jar;C:\Users\Clement\.gradle\caches\modules-2\files-2.1\org.springframework.boot\spring-boot-starter-data-jpa\3.4.5\c6ef06dfef1b02f3e3f82d67118d3944672e7d49\spring-boot-starter-data-jpa-3.4.5.jar;C:\Users\Clement\.gradle\caches\modules-2\files-2.1\org.springframework.boot\spring-boot-starter-validation\3.4.5\ac75735317fbb71d00829559d1a0a21978989f0\spring-boot-starter-validation-3.4.5.jar;C:\Users\Clement\.gradle\caches\modules-2\files-2.1\org.springframework.boot\spring-boot-starter-security\3.4.5\1893f9d40f28cc47a87a3478b02e1e45650bfe43\spring-boot-starter-security-3.4.5.jar;C:\Users\Clement\.gradle\caches\modules-2\files-2.1\org.springframework.boot\spring-boot-starter\3.4.5\3b1cd30bd3be52f5fd0c0934882ec86ed4457646\spring-boot-starter-3.4.5.jar;C:\Users\Clement\.gradle\caches\modules-2\files-2.1\io.jsonwebtoken\jjwt-api\0.11.5\f742940045619d06383e7df37b21ac422b476cf1\jjwt-api-0.11.5.jar;C:\Users\Clement\.gradle\caches\modules-2\files-2.1\org.springframework.security\spring-security-crypto\6.4.5\9d3340a1f6cd975dbb72b22b865119b614c43060\spring-security-crypto-6.4.5.jar;C:\Users\Clement\.gradle\caches\modules-2\files-2.1\org.springframework.boot\spring-boot-starter-json\3.4.5\b7a87d4565c99754e0fcf4da405ebe3ab0870c88\spring-boot-starter-json-3.4.5.jar;C:\Users\Clement\.gradle\caches\modules-2\files-2.1\org.springframework.boot\spring-boot-starter-tomcat\3.4.5\d3121e25897969409967675c0c450dd3cad45162\spring-boot-starter-tomcat-3.4.5.jar;C:\Users\Clement\.gradle\caches\modules-2\files-2.1\org.springframework\spring-webmvc\6.2.6\48c37c417d00b9dc12e344892b206bbbf67f0945\spring-webmvc-6.2.6.jar;C:\Users\Clement\.gradle\caches\modules-2\files-2.1\org.springf
Launcher Type: SUN_STANDARD

[Global flags]
     intx CICompilerCount                          = 3                                         {product} {ergonomic}
     uint ConcGCThreads                            = 1                                         {product} {ergonomic}
     uint G1ConcRefinementThreads                  = 4                                         {product} {ergonomic}
   size_t G1HeapRegionSize                         = 2097152                                   {product} {ergonomic}
    uintx GCDrainStackTargetSize                   = 64                                        {product} {ergonomic}
   size_t InitialHeapSize                          = 247463936                                 {product} {ergonomic}
     bool ManagementServer                         = true                                      {product} {command line}
   size_t MarkStackSize                            = 4194304                                   {product} {ergonomic}
   size_t MaxHeapSize                              = 3946840064                                {product} {ergonomic}
   size_t MaxNewSize                               = 2367684608                                {product} {ergonomic}
   size_t MinHeapDeltaBytes                        = 2097152                                   {product} {ergonomic}
   size_t MinHeapSize                              = 8388608                                   {product} {ergonomic}
    uintx NonProfiledCodeHeapSize                  = 0                                      {pd product} {ergonomic}
     bool ProfileInterpreter                       = false                                  {pd product} {command line}
    uintx ProfiledCodeHeapSize                     = 0                                      {pd product} {ergonomic}
   size_t SoftMaxHeapSize                          = 3946840064                             {manageable} {ergonomic}
     intx TieredStopAtLevel                        = 1                                         {product} {command line}
     bool UseCompressedClassPointers               = true                           {product lp64_product} {ergonomic}
     bool UseCompressedOops                        = true                           {product lp64_product} {ergonomic}
     bool UseG1GC                                  = true                                      {product} {ergonomic}
     bool UseLargePagesIndividualAllocation        = false                                  {pd product} {ergonomic}

Logging:
Log output configuration:
 #0: stdout all=warning uptime,level,tags
 #1: stderr all=off uptime,level,tags

Environment Variables:
PATH=C:\Program Files (x86)\Common Files\Oracle\Java\javapath;C:\WINDOWS\system32;C:\WINDOWS;C:\WINDOWS\System32\Wbem;C:\WINDOWS\System32\WindowsPowerShell\v1.0\;C:\WINDOWS\System32\OpenSSH\;C:\Program Files\PuTTY\;C:\Program Files\Microsoft SQL Server\Client SDK\ODBC\170\Tools\Binn\;C:\Program Files (x86)\Microsoft SQL Server\150\Tools\Binn\;C:\Program Files\Microsoft SQL Server\150\Tools\Binn\;C:\Program Files\Microsoft SQL Server\150\DTS\Binn\;C:\Users\Clement\AppData\Local\Microsoft\WindowsApps;
USERNAME=Clement
OS=Windows_NT
PROCESSOR_IDENTIFIER=Intel64 Family 6 Model 69 Stepping 1, GenuineIntel
TMP=C:\Users\Clement\AppData\Local\Temp
TEMP=C:\Users\Clement\AppData\Local\Temp



Periodic native trim disabled


---------------  S Y S T E M  ---------------

OS:
 Windows 10 , 64 bit Build 19041 (10.0.19041.5678)
OS uptime: 8 days 12:34 hours

CPU: total 4 (initial active 4) (2 cores per cpu, 2 threads per core) family 6 model 69 stepping 1 microcode 0x25, cx8, cmov, fxsr, ht, mmx, sse, sse2, sse3, ssse3, sse4.1, sse4.2, popcnt, lzcnt, tsc, tscinvbit, avx, avx2, aes, erms, clmul, bmi1, bmi2, fma, vzeroupper, clflush
Processor Information for the first 4 processors :
  Max Mhz: 2701, Current Mhz: 2701, Mhz Limit: 2701

Memory: 4k page, system-wide physical 15051M (578M free)
TotalPageFile size 15051M (AvailPageFile size 3M)
current process WorkingSet (physical memory assigned to process): 125M, peak: 125M
current process commit charge ("private bytes"): 352M, peak: 352M

vm_info: OpenJDK 64-Bit Server VM (17.0.15+6-LTS) for windows-amd64 JRE (17.0.15+6-LTS), built on Apr  9 2025 22:27:25 by "MicrosoftCorporation" with unknown MS VC++:1939

END.
