#
# There is insufficient memory for the Java Runtime Environment to continue.
# Native memory allocation (malloc) failed to allocate 2269888 bytes. Error detail: Chunk::new
# Possible reasons:
#   The system is out of physical RAM or swap space
#   This process is running with CompressedOops enabled, and the Java Heap may be blocking the growth of the native heap
# Possible solutions:
#   Reduce memory load on the system
#   Increase physical memory or swap space
#   Check if swap backing store is full
#   Decrease Java heap size (-Xmx/-Xms)
#   Decrease number of Java threads
#   Decrease Java thread stack sizes (-Xss)
#   Set larger code cache with -XX:ReservedCodeCacheSize=
#   JVM is running with Unscaled Compressed Oops mode in which the Java heap is
#     placed in the first 4GB address space. The Java Heap base address is the
#     maximum limit for the native heap growth. Please use -XX:HeapBaseMinAddress
#     to set the Java Heap base and to place the Java Heap above 4GB virtual address.
# This output file may be truncated or incomplete.
#
#  Out of Memory Error (arena.cpp:191), pid=18772, tid=19120
#
# JRE version: OpenJDK Runtime Environment Microsoft-11369865 (17.0.15+6) (build 17.0.15+6-LTS)
# Java VM: OpenJDK 64-Bit Server VM Microsoft-11369865 (17.0.15+6-LTS, mixed mode, sharing, tiered, compressed oops, compressed class ptrs, g1 gc, windows-amd64)
# No core dump will be written. Minidumps are not enabled by default on client versions of Windows
#

---------------  S U M M A R Y ------------

Command Line: --add-opens=java.base/java.lang=ALL-UNNAMED --add-opens=java.base/java.lang.invoke=ALL-UNNAMED --add-opens=java.base/java.util=ALL-UNNAMED --add-opens=java.prefs/java.util.prefs=ALL-UNNAMED --add-exports=jdk.compiler/com.sun.tools.javac.api=ALL-UNNAMED --add-exports=jdk.compiler/com.sun.tools.javac.util=ALL-UNNAMED --add-opens=java.base/java.util=ALL-UNNAMED --add-opens=java.prefs/java.util.prefs=ALL-UNNAMED --add-opens=java.base/java.nio.charset=ALL-UNNAMED --add-opens=java.base/java.net=ALL-UNNAMED --add-opens=java.base/java.util.concurrent.atomic=ALL-UNNAMED --add-opens=java.xml/javax.xml.namespace=ALL-UNNAMED -XX:MaxMetaspaceSize=384m -XX:+HeapDumpOnOutOfMemoryError -Xms256m -Xmx512m -Dfile.encoding=UTF-8 -Duser.country=AU -Duser.language=en -Duser.variant -javaagent:C:\Users\Clement\.gradle\wrapper\dists\gradle-8.13-bin\5xuhj0ry160q40clulazy9h7d\gradle-8.13\lib\agents\gradle-instrumentation-agent-8.13.jar org.gradle.launcher.daemon.bootstrap.GradleDaemon 8.13

Host: Intel(R) Core(TM) i7-4600U CPU @ 2.10GHz, 4 cores, 14G,  Windows 10 , 64 bit Build 19041 (10.0.19041.5678)
Time: Fri May  2 10:12:51 2025 AUS Eastern Standard Time elapsed time: 14.237742 seconds (0d 0h 0m 14s)

---------------  T H R E A D  ---------------

Current thread (0x000001b4e9e16990):  JavaThread "C2 CompilerThread1" daemon [_thread_in_native, id=19120, stack(0x00000074fa500000,0x00000074fa600000)]


Current CompileTask:
C2:  14237 6944       4       java.lang.Class::annotationData (44 bytes)

Stack: [0x00000074fa500000,0x00000074fa600000]
Native frames: (J=compiled Java code, j=interpreted, Vv=VM code, C=native code)
V  [jvm.dll+0x6887a9]
V  [jvm.dll+0x83f5a8]
V  [jvm.dll+0x841053]
V  [jvm.dll+0x8416c3]
V  [jvm.dll+0x2496ef]
V  [jvm.dll+0xad134]
V  [jvm.dll+0xad7cc]
V  [jvm.dll+0x36af2e]
V  [jvm.dll+0x1bd065]
V  [jvm.dll+0x21aa7c]
V  [jvm.dll+0x219d3f]
V  [jvm.dll+0x1a55f6]
V  [jvm.dll+0x22a39a]
V  [jvm.dll+0x2284db]
V  [jvm.dll+0x7f4e28]
V  [jvm.dll+0x7ef2dc]
V  [jvm.dll+0x687687]
C  [ucrtbase.dll+0x21bb2]
C  [KERNEL32.DLL+0x17374]
C  [ntdll.dll+0x4cc91]


---------------  P R O C E S S  ---------------

Threads class SMR info:
_java_thread_list=0x000001b4eecb6720, length=63, elements={
0x000001b4b45bf340, 0x000001b4ce8d0320, 0x000001b4ce8d1940, 0x000001b4ce8e6340,
0x000001b4ce8e6d00, 0x000001b4ce8e7e60, 0x000001b4ce8ee4d0, 0x000001b4ce8efa10,
0x000001b4ce8f3080, 0x000001b4ce8f9940, 0x000001b4ce8f9e50, 0x000001b4ce8fa360,
0x000001b4ce8fa870, 0x000001b4ce8f8a10, 0x000001b4ce8fad80, 0x000001b4ce8fb290,
0x000001b4ce8f7ae0, 0x000001b4ce8f7ff0, 0x000001b4ce8f9430, 0x000001b4ce8f8500,
0x000001b4e98429f0, 0x000001b4e983f750, 0x000001b4e983ced0, 0x000001b4e983c9c0,
0x000001b4e9841fd0, 0x000001b4e9e16990, 0x000001b4e9842f00, 0x000001b4e9840680,
0x000001b4e98415b0, 0x000001b4e9843920, 0x000001b4e98410a0, 0x000001b4e983e310,
0x000001b4e9843e30, 0x000001b4e983f240, 0x000001b4e9844340, 0x000001b4e9841ac0,
0x000001b4e9840170, 0x000001b4e983d3e0, 0x000001b4e983d8f0, 0x000001b4ead790f0,
0x000001b4ead76d80, 0x000001b4ead74f20, 0x000001b4ead7b460, 0x000001b4ead7b970,
0x000001b4ead781c0, 0x000001b4ead7a020, 0x000001b4ead786d0, 0x000001b4ead79b10,
0x000001b4ead7a530, 0x000001b4ead7aa40, 0x000001b4ead75940, 0x000001b4ead76360,
0x000001b4ead74500, 0x000001b4ead7af50, 0x000001b4ead75430, 0x000001b4ead7be80,
0x000001b4ead74a10, 0x000001b4ed14e8b0, 0x000001b4ed14f2d0, 0x000001b4ed14f7e0,
0x000001b4ed151130, 0x000001b4ed14abf0, 0x000001b4ed152060
}

Java Threads: ( => current thread )
  0x000001b4b45bf340 JavaThread "main" [_thread_blocked, id=7944, stack(0x00000074f8100000,0x00000074f8200000)]
  0x000001b4ce8d0320 JavaThread "Reference Handler" daemon [_thread_blocked, id=10188, stack(0x00000074f8800000,0x00000074f8900000)]
  0x000001b4ce8d1940 JavaThread "Finalizer" daemon [_thread_blocked, id=17600, stack(0x00000074f8900000,0x00000074f8a00000)]
  0x000001b4ce8e6340 JavaThread "Signal Dispatcher" daemon [_thread_blocked, id=21048, stack(0x00000074f8a00000,0x00000074f8b00000)]
  0x000001b4ce8e6d00 JavaThread "Attach Listener" daemon [_thread_blocked, id=21428, stack(0x00000074f8b00000,0x00000074f8c00000)]
  0x000001b4ce8e7e60 JavaThread "Service Thread" daemon [_thread_blocked, id=1232, stack(0x00000074f8c00000,0x00000074f8d00000)]
  0x000001b4ce8ee4d0 JavaThread "Monitor Deflation Thread" daemon [_thread_blocked, id=21124, stack(0x00000074f8d00000,0x00000074f8e00000)]
  0x000001b4ce8efa10 JavaThread "C2 CompilerThread0" daemon [_thread_in_native, id=12276, stack(0x00000074f8e00000,0x00000074f8f00000)]
  0x000001b4ce8f3080 JavaThread "C1 CompilerThread0" daemon [_thread_in_vm, id=976, stack(0x00000074f8f00000,0x00000074f9000000)]
  0x000001b4ce8f9940 JavaThread "Sweeper thread" daemon [_thread_blocked, id=16764, stack(0x00000074f9000000,0x00000074f9100000)]
  0x000001b4ce8f9e50 JavaThread "Common-Cleaner" daemon [_thread_blocked, id=9912, stack(0x00000074f9100000,0x00000074f9200000)]
  0x000001b4ce8fa360 JavaThread "Notification Thread" daemon [_thread_blocked, id=14984, stack(0x00000074f9200000,0x00000074f9300000)]
  0x000001b4ce8fa870 JavaThread "Daemon health stats" [_thread_blocked, id=16448, stack(0x00000074f9900000,0x00000074f9a00000)]
  0x000001b4ce8f8a10 JavaThread "Incoming local TCP Connector on port 54098" [_thread_in_native, id=17508, stack(0x00000074f9700000,0x00000074f9800000)]
  0x000001b4ce8fad80 JavaThread "Daemon periodic checks" [_thread_blocked, id=20468, stack(0x00000074f9a00000,0x00000074f9b00000)]
  0x000001b4ce8fb290 JavaThread "Daemon" [_thread_blocked, id=20328, stack(0x00000074f9b00000,0x00000074f9c00000)]
  0x000001b4ce8f7ae0 JavaThread "Handler for socket connection from /127.0.0.1:54098 to /127.0.0.1:54099" [_thread_in_native, id=11056, stack(0x00000074f9c00000,0x00000074f9d00000)]
  0x000001b4ce8f7ff0 JavaThread "Cancel handler" [_thread_blocked, id=10056, stack(0x00000074f9d00000,0x00000074f9e00000)]
  0x000001b4ce8f9430 JavaThread "Daemon worker" [_thread_blocked, id=10256, stack(0x00000074f9e00000,0x00000074f9f00000)]
  0x000001b4ce8f8500 JavaThread "Asynchronous log dispatcher for DefaultDaemonConnection: socket connection from /127.0.0.1:54098 to /127.0.0.1:54099" [_thread_blocked, id=13576, stack(0x00000074f9f00000,0x00000074fa000000)]
  0x000001b4e98429f0 JavaThread "Stdin handler" [_thread_blocked, id=18744, stack(0x00000074fa000000,0x00000074fa100000)]
  0x000001b4e983f750 JavaThread "Daemon client event forwarder" [_thread_blocked, id=17852, stack(0x00000074fa100000,0x00000074fa200000)]
  0x000001b4e983ced0 JavaThread "Cache worker for journal cache (C:\Users\Clement\.gradle\caches\journal-1)" [_thread_blocked, id=3140, stack(0x00000074fa200000,0x00000074fa300000)]
  0x000001b4e983c9c0 JavaThread "File lock request listener" [_thread_in_native, id=22272, stack(0x00000074fa300000,0x00000074fa400000)]
  0x000001b4e9841fd0 JavaThread "Cache worker for file hash cache (C:\Users\Clement\.gradle\caches\8.13\fileHashes)" [_thread_blocked, id=17900, stack(0x00000074fa400000,0x00000074fa500000)]
=>0x000001b4e9e16990 JavaThread "C2 CompilerThread1" daemon [_thread_in_native, id=19120, stack(0x00000074fa500000,0x00000074fa600000)]
  0x000001b4e9842f00 JavaThread "Cache worker for file hash cache (C:\Users\Clement\IdeaProjects\demo\.gradle\8.13\fileHashes)" [_thread_blocked, id=17868, stack(0x00000074fa600000,0x00000074fa700000)]
  0x000001b4e9840680 JavaThread "Cache worker for Build Output Cleanup Cache (C:\Users\Clement\IdeaProjects\demo\.gradle\buildOutputCleanup)" [_thread_blocked, id=20404, stack(0x00000074fa700000,0x00000074fa800000)]
  0x000001b4e98415b0 JavaThread "File watcher server" daemon [_thread_in_native, id=10620, stack(0x00000074fa800000,0x00000074fa900000)]
  0x000001b4e9843920 JavaThread "File watcher consumer" daemon [_thread_blocked, id=11516, stack(0x00000074fa900000,0x00000074faa00000)]
  0x000001b4e98410a0 JavaThread "jar transforms" [_thread_blocked, id=16736, stack(0x00000074faa00000,0x00000074fab00000)]
  0x000001b4e983e310 JavaThread "jar transforms Thread 2" [_thread_blocked, id=21920, stack(0x00000074fab00000,0x00000074fac00000)]
  0x000001b4e9843e30 JavaThread "Cache worker for checksums cache (C:\Users\Clement\IdeaProjects\demo\.gradle\8.13\checksums)" [_thread_blocked, id=12364, stack(0x00000074fac00000,0x00000074fad00000)]
  0x000001b4e983f240 JavaThread "Cache worker for file content cache (C:\Users\Clement\.gradle\caches\8.13\fileContent)" [_thread_blocked, id=3376, stack(0x00000074fad00000,0x00000074fae00000)]
  0x000001b4e9844340 JavaThread "jar transforms Thread 3" [_thread_blocked, id=10628, stack(0x00000074fae00000,0x00000074faf00000)]
  0x000001b4e9841ac0 JavaThread "Cache worker for cache directory md-supplier (C:\Users\Clement\.gradle\caches\8.13\md-supplier)" [_thread_blocked, id=15604, stack(0x00000074faf00000,0x00000074fb000000)]
  0x000001b4e9840170 JavaThread "Cache worker for cache directory md-rule (C:\Users\Clement\.gradle\caches\8.13\md-rule)" [_thread_blocked, id=500, stack(0x00000074fb000000,0x00000074fb100000)]
  0x000001b4e983d3e0 JavaThread "Unconstrained build operations" [_thread_blocked, id=21176, stack(0x00000074fb100000,0x00000074fb200000)]
  0x000001b4e983d8f0 JavaThread "Unconstrained build operations Thread 2" [_thread_blocked, id=15992, stack(0x00000074fb200000,0x00000074fb300000)]
  0x000001b4ead790f0 JavaThread "Unconstrained build operations Thread 3" [_thread_blocked, id=20572, stack(0x00000074fb300000,0x00000074fb400000)]
  0x000001b4ead76d80 JavaThread "Unconstrained build operations Thread 4" [_thread_blocked, id=15900, stack(0x00000074fb400000,0x00000074fb500000)]
  0x000001b4ead74f20 JavaThread "Unconstrained build operations Thread 5" [_thread_blocked, id=10308, stack(0x00000074fb500000,0x00000074fb600000)]
  0x000001b4ead7b460 JavaThread "Unconstrained build operations Thread 6" [_thread_blocked, id=6380, stack(0x00000074fb600000,0x00000074fb700000)]
  0x000001b4ead7b970 JavaThread "jar transforms Thread 4" [_thread_blocked, id=19200, stack(0x00000074fb700000,0x00000074fb800000)]
  0x000001b4ead781c0 JavaThread "Unconstrained build operations Thread 7" [_thread_blocked, id=15284, stack(0x00000074fb800000,0x00000074fb900000)]
  0x000001b4ead7a020 JavaThread "Unconstrained build operations Thread 8" [_thread_blocked, id=20696, stack(0x00000074fb900000,0x00000074fba00000)]
  0x000001b4ead786d0 JavaThread "Unconstrained build operations Thread 9" [_thread_blocked, id=15980, stack(0x00000074fba00000,0x00000074fbb00000)]
  0x000001b4ead79b10 JavaThread "Unconstrained build operations Thread 10" [_thread_blocked, id=14480, stack(0x00000074fbc00000,0x00000074fbd00000)]
  0x000001b4ead7a530 JavaThread "Unconstrained build operations Thread 11" [_thread_blocked, id=15844, stack(0x00000074fbd00000,0x00000074fbe00000)]
  0x000001b4ead7aa40 JavaThread "Unconstrained build operations Thread 12" [_thread_blocked, id=5168, stack(0x00000074fbe00000,0x00000074fbf00000)]
  0x000001b4ead75940 JavaThread "Unconstrained build operations Thread 13" [_thread_blocked, id=20740, stack(0x00000074fbf00000,0x00000074fc000000)]
  0x000001b4ead76360 JavaThread "Unconstrained build operations Thread 14" [_thread_blocked, id=19636, stack(0x00000074fc000000,0x00000074fc100000)]
  0x000001b4ead74500 JavaThread "Unconstrained build operations Thread 15" [_thread_blocked, id=228, stack(0x00000074fc100000,0x00000074fc200000)]
  0x000001b4ead7af50 JavaThread "Unconstrained build operations Thread 16" [_thread_blocked, id=3624, stack(0x00000074fc200000,0x00000074fc300000)]
  0x000001b4ead75430 JavaThread "Unconstrained build operations Thread 17" [_thread_blocked, id=17672, stack(0x00000074fc300000,0x00000074fc400000)]
  0x000001b4ead7be80 JavaThread "Unconstrained build operations Thread 18" [_thread_blocked, id=10976, stack(0x00000074fc400000,0x00000074fc500000)]
  0x000001b4ead74a10 JavaThread "Memory manager" [_thread_blocked, id=21164, stack(0x00000074fc500000,0x00000074fc600000)]
  0x000001b4ed14e8b0 JavaThread "ForkJoinPool.commonPool-worker-1" daemon [_thread_in_vm, id=18108, stack(0x00000074fc700000,0x00000074fc800000)]
  0x000001b4ed14f2d0 JavaThread "ForkJoinPool.commonPool-worker-2" daemon [_thread_blocked, id=19076, stack(0x00000074fc800000,0x00000074fc900000)]
  0x000001b4ed14f7e0 JavaThread "ForkJoinPool.commonPool-worker-3" daemon [_thread_blocked, id=5868, stack(0x00000074fc900000,0x00000074fca00000)]
  0x000001b4ed151130 JavaThread "Exec process" daemon [_thread_blocked, id=17736, stack(0x00000074fca00000,0x00000074fcb00000)]
  0x000001b4ed14abf0 JavaThread "Exec process Thread 2" daemon [_thread_blocked, id=2056, stack(0x00000074fcb00000,0x00000074fcc00000)]
  0x000001b4ed152060 JavaThread "Exec process Thread 3" daemon [_thread_blocked, id=660, stack(0x00000074fcc00000,0x00000074fcd00000)]

Other Threads:
  0x000001b4ce8ca0d0 VMThread "VM Thread" [stack: 0x00000074f8700000,0x00000074f8800000] [id=16596]
  0x000001b4b45c0300 WatcherThread [stack: 0x00000074f9300000,0x00000074f9400000] [id=15204]
  0x000001b4b45eb200 GCTaskThread "GC Thread#0" [stack: 0x00000074f8200000,0x00000074f8300000] [id=18036]
  0x000001b4cebd7f80 GCTaskThread "GC Thread#1" [stack: 0x00000074f9400000,0x00000074f9500000] [id=21184]
  0x000001b4cebd8240 GCTaskThread "GC Thread#2" [stack: 0x00000074f9500000,0x00000074f9600000] [id=4992]
  0x000001b4cebd8500 GCTaskThread "GC Thread#3" [stack: 0x00000074f9600000,0x00000074f9700000] [id=2268]
  0x000001b4b45f0150 ConcurrentGCThread "G1 Main Marker" [stack: 0x00000074f8300000,0x00000074f8400000] [id=21004]
  0x000001b4b45f1310 ConcurrentGCThread "G1 Conc#0" [stack: 0x00000074f8400000,0x00000074f8500000] [id=1420]
  0x000001b4b466e4d0 ConcurrentGCThread "G1 Refine#0" [stack: 0x00000074f8500000,0x00000074f8600000] [id=15324]
  0x000001b4e8765160 ConcurrentGCThread "G1 Refine#1" [stack: 0x00000074f9800000,0x00000074f9900000] [id=3824]
  0x000001b4ecb0b7f0 ConcurrentGCThread "G1 Refine#2" [stack: 0x00000074fc600000,0x00000074fc700000] [id=21540]
  0x000001b4ce78e120 ConcurrentGCThread "G1 Service" [stack: 0x00000074f8600000,0x00000074f8700000] [id=21928]

Threads with active compile tasks:
C2 CompilerThread0    14294 7026       4       org.objectweb.asm.SymbolTable::addConstantMemberReference (147 bytes)
C2 CompilerThread1    14294 6944       4       java.lang.Class::annotationData (44 bytes)

VM state: not at safepoint (normal execution)

VM Mutex/Monitor currently owned by a thread: None

Heap address: 0x00000000e0000000, size: 512 MB, Compressed Oops mode: 32-bit

CDS archive(s) mapped at: [0x000001b4cf000000-0x000001b4cfbb0000-0x000001b4cfbb0000), size 12255232, SharedBaseAddress: 0x000001b4cf000000, ArchiveRelocationMode: 1.
Compressed class space mapped at: 0x000001b4d0000000-0x000001b4e4000000, reserved size: 335544320
Narrow klass base: 0x000001b4cf000000, Narrow klass shift: 0, Narrow klass range: 0x100000000

GC Precious Log:
 CPUs: 4 total, 4 available
 Memory: 15051M
 Large Page Support: Disabled
 NUMA Support: Disabled
 Compressed Oops: Enabled (32-bit)
 Heap Region Size: 1M
 Heap Min Capacity: 256M
 Heap Initial Capacity: 256M
 Heap Max Capacity: 512M
 Pre-touch: Disabled
 Parallel Workers: 4
 Concurrent Workers: 1
 Concurrent Refinement Workers: 4
 Periodic GC: Disabled

Heap:
 garbage-first heap   total 262144K, used 55684K [0x00000000e0000000, 0x0000000100000000)
  region size 1024K, 26 young (26624K), 16 survivors (16384K)
 Metaspace       used 60802K, committed 61440K, reserved 393216K
  class space    used 8542K, committed 8832K, reserved 327680K

Heap Regions: E=young(eden), S=young(survivor), O=old, HS=humongous(starts), HC=humongous(continues), CS=collection set, F=free, OA=open archive, CA=closed archive, TAMS=top-at-mark-start (previous, next)
|   0|0x00000000e0000000, 0x00000000e0100000, 0x00000000e0100000|100%|HS|  |TAMS 0x00000000e0100000, 0x00000000e0000000| Complete 
|   1|0x00000000e0100000, 0x00000000e0200000, 0x00000000e0200000|100%|HC|  |TAMS 0x00000000e0200000, 0x00000000e0100000| Complete 
|   2|0x00000000e0200000, 0x00000000e0300000, 0x00000000e0300000|100%|HC|  |TAMS 0x00000000e0300000, 0x00000000e0200000| Complete 
|   3|0x00000000e0300000, 0x00000000e0400000, 0x00000000e0400000|100%| O|  |TAMS 0x00000000e0400000, 0x00000000e0300000| Untracked 
|   4|0x00000000e0400000, 0x00000000e0500000, 0x00000000e0500000|100%| O|  |TAMS 0x00000000e0500000, 0x00000000e0400000| Untracked 
|   5|0x00000000e0500000, 0x00000000e0600000, 0x00000000e0600000|100%| O|  |TAMS 0x00000000e0600000, 0x00000000e0500000| Untracked 
|   6|0x00000000e0600000, 0x00000000e0700000, 0x00000000e0700000|100%| O|  |TAMS 0x00000000e0700000, 0x00000000e0600000| Untracked 
|   7|0x00000000e0700000, 0x00000000e0800000, 0x00000000e0800000|100%|HS|  |TAMS 0x00000000e0800000, 0x00000000e0700000| Complete 
|   8|0x00000000e0800000, 0x00000000e0900000, 0x00000000e0900000|100%| O|  |TAMS 0x00000000e0900000, 0x00000000e0800000| Untracked 
|   9|0x00000000e0900000, 0x00000000e0a00000, 0x00000000e0a00000|100%| O|  |TAMS 0x00000000e0a00000, 0x00000000e0900000| Untracked 
|  10|0x00000000e0a00000, 0x00000000e0b00000, 0x00000000e0b00000|100%| O|  |TAMS 0x00000000e0b00000, 0x00000000e0a00000| Untracked 
|  11|0x00000000e0b00000, 0x00000000e0c00000, 0x00000000e0c00000|100%| O|  |TAMS 0x00000000e0c00000, 0x00000000e0b00000| Untracked 
|  12|0x00000000e0c00000, 0x00000000e0d00000, 0x00000000e0d00000|100%| O|  |TAMS 0x00000000e0d00000, 0x00000000e0c00000| Untracked 
|  13|0x00000000e0d00000, 0x00000000e0e00000, 0x00000000e0e00000|100%| O|  |TAMS 0x00000000e0e00000, 0x00000000e0d00000| Untracked 
|  14|0x00000000e0e00000, 0x00000000e0f00000, 0x00000000e0f00000|100%| O|  |TAMS 0x00000000e0f00000, 0x00000000e0e00000| Untracked 
|  15|0x00000000e0f00000, 0x00000000e1000000, 0x00000000e1000000|100%| O|  |TAMS 0x00000000e1000000, 0x00000000e0f00000| Untracked 
|  16|0x00000000e1000000, 0x00000000e1100000, 0x00000000e1100000|100%| O|  |TAMS 0x00000000e1100000, 0x00000000e1000000| Untracked 
|  17|0x00000000e1100000, 0x00000000e1200000, 0x00000000e1200000|100%| O|  |TAMS 0x00000000e1200000, 0x00000000e1100000| Untracked 
|  18|0x00000000e1200000, 0x00000000e1300000, 0x00000000e1300000|100%| O|  |TAMS 0x00000000e1300000, 0x00000000e1200000| Untracked 
|  19|0x00000000e1300000, 0x00000000e1400000, 0x00000000e1400000|100%| O|  |TAMS 0x00000000e1400000, 0x00000000e1300000| Untracked 
|  20|0x00000000e1400000, 0x00000000e1500000, 0x00000000e1500000|100%| O|  |TAMS 0x00000000e1500000, 0x00000000e1400000| Untracked 
|  21|0x00000000e1500000, 0x00000000e1600000, 0x00000000e1600000|100%| O|  |TAMS 0x00000000e1505200, 0x00000000e1500000| Untracked 
|  22|0x00000000e1600000, 0x00000000e1700000, 0x00000000e1700000|100%| O|  |TAMS 0x00000000e1600000, 0x00000000e1600000| Untracked 
|  23|0x00000000e1700000, 0x00000000e1800000, 0x00000000e1800000|100%| O|  |TAMS 0x00000000e1700000, 0x00000000e1700000| Untracked 
|  24|0x00000000e1800000, 0x00000000e1900000, 0x00000000e1900000|100%| O|  |TAMS 0x00000000e1800000, 0x00000000e1800000| Untracked 
|  25|0x00000000e1900000, 0x00000000e1a00000, 0x00000000e1a00000|100%| O|  |TAMS 0x00000000e1900000, 0x00000000e1900000| Untracked 
|  26|0x00000000e1a00000, 0x00000000e1b00000, 0x00000000e1b00000|100%| O|  |TAMS 0x00000000e1a00000, 0x00000000e1a00000| Untracked 
|  27|0x00000000e1b00000, 0x00000000e1c00000, 0x00000000e1c00000|100%| O|  |TAMS 0x00000000e1b00000, 0x00000000e1b00000| Untracked 
|  28|0x00000000e1c00000, 0x00000000e1d00000, 0x00000000e1d00000|100%| O|  |TAMS 0x00000000e1c00000, 0x00000000e1c00000| Untracked 
|  29|0x00000000e1d00000, 0x00000000e1de1000, 0x00000000e1e00000| 87%| O|  |TAMS 0x00000000e1d00000, 0x00000000e1d00000| Untracked 
|  30|0x00000000e1e00000, 0x00000000e1e00000, 0x00000000e1f00000|  0%| F|  |TAMS 0x00000000e1e00000, 0x00000000e1e00000| Untracked 
|  31|0x00000000e1f00000, 0x00000000e1f00000, 0x00000000e2000000|  0%| F|  |TAMS 0x00000000e1f00000, 0x00000000e1f00000| Untracked 
|  32|0x00000000e2000000, 0x00000000e2000000, 0x00000000e2100000|  0%| F|  |TAMS 0x00000000e2000000, 0x00000000e2000000| Untracked 
|  33|0x00000000e2100000, 0x00000000e2100000, 0x00000000e2200000|  0%| F|  |TAMS 0x00000000e2100000, 0x00000000e2100000| Untracked 
|  34|0x00000000e2200000, 0x00000000e2200000, 0x00000000e2300000|  0%| F|  |TAMS 0x00000000e2200000, 0x00000000e2200000| Untracked 
|  35|0x00000000e2300000, 0x00000000e2300000, 0x00000000e2400000|  0%| F|  |TAMS 0x00000000e2300000, 0x00000000e2300000| Untracked 
|  36|0x00000000e2400000, 0x00000000e2400000, 0x00000000e2500000|  0%| F|  |TAMS 0x00000000e2400000, 0x00000000e2400000| Untracked 
|  37|0x00000000e2500000, 0x00000000e2500000, 0x00000000e2600000|  0%| F|  |TAMS 0x00000000e2500000, 0x00000000e2500000| Untracked 
|  38|0x00000000e2600000, 0x00000000e2600000, 0x00000000e2700000|  0%| F|  |TAMS 0x00000000e2600000, 0x00000000e2600000| Untracked 
|  39|0x00000000e2700000, 0x00000000e2700000, 0x00000000e2800000|  0%| F|  |TAMS 0x00000000e2700000, 0x00000000e2700000| Untracked 
|  40|0x00000000e2800000, 0x00000000e2800000, 0x00000000e2900000|  0%| F|  |TAMS 0x00000000e2800000, 0x00000000e2800000| Untracked 
|  41|0x00000000e2900000, 0x00000000e2900000, 0x00000000e2a00000|  0%| F|  |TAMS 0x00000000e2900000, 0x00000000e2900000| Untracked 
|  42|0x00000000e2a00000, 0x00000000e2a00000, 0x00000000e2b00000|  0%| F|  |TAMS 0x00000000e2a00000, 0x00000000e2a00000| Untracked 
|  43|0x00000000e2b00000, 0x00000000e2b00000, 0x00000000e2c00000|  0%| F|  |TAMS 0x00000000e2b00000, 0x00000000e2b00000| Untracked 
|  44|0x00000000e2c00000, 0x00000000e2c00000, 0x00000000e2d00000|  0%| F|  |TAMS 0x00000000e2c00000, 0x00000000e2c00000| Untracked 
|  45|0x00000000e2d00000, 0x00000000e2d00000, 0x00000000e2e00000|  0%| F|  |TAMS 0x00000000e2d00000, 0x00000000e2d00000| Untracked 
|  46|0x00000000e2e00000, 0x00000000e2e00000, 0x00000000e2f00000|  0%| F|  |TAMS 0x00000000e2e00000, 0x00000000e2e00000| Untracked 
|  47|0x00000000e2f00000, 0x00000000e2f00000, 0x00000000e3000000|  0%| F|  |TAMS 0x00000000e2f00000, 0x00000000e2f00000| Untracked 
|  48|0x00000000e3000000, 0x00000000e3000000, 0x00000000e3100000|  0%| F|  |TAMS 0x00000000e3000000, 0x00000000e3000000| Untracked 
|  49|0x00000000e3100000, 0x00000000e3100000, 0x00000000e3200000|  0%| F|  |TAMS 0x00000000e3100000, 0x00000000e3100000| Untracked 
|  50|0x00000000e3200000, 0x00000000e3200000, 0x00000000e3300000|  0%| F|  |TAMS 0x00000000e3200000, 0x00000000e3200000| Untracked 
|  51|0x00000000e3300000, 0x00000000e3300000, 0x00000000e3400000|  0%| F|  |TAMS 0x00000000e3300000, 0x00000000e3300000| Untracked 
|  52|0x00000000e3400000, 0x00000000e3400000, 0x00000000e3500000|  0%| F|  |TAMS 0x00000000e3400000, 0x00000000e3400000| Untracked 
|  53|0x00000000e3500000, 0x00000000e3500000, 0x00000000e3600000|  0%| F|  |TAMS 0x00000000e3500000, 0x00000000e3500000| Untracked 
|  54|0x00000000e3600000, 0x00000000e3600000, 0x00000000e3700000|  0%| F|  |TAMS 0x00000000e3600000, 0x00000000e3600000| Untracked 
|  55|0x00000000e3700000, 0x00000000e3700000, 0x00000000e3800000|  0%| F|  |TAMS 0x00000000e3700000, 0x00000000e3700000| Untracked 
|  56|0x00000000e3800000, 0x00000000e3800000, 0x00000000e3900000|  0%| F|  |TAMS 0x00000000e3800000, 0x00000000e3800000| Untracked 
|  57|0x00000000e3900000, 0x00000000e3900000, 0x00000000e3a00000|  0%| F|  |TAMS 0x00000000e3900000, 0x00000000e3900000| Untracked 
|  58|0x00000000e3a00000, 0x00000000e3a00000, 0x00000000e3b00000|  0%| F|  |TAMS 0x00000000e3a00000, 0x00000000e3a00000| Untracked 
|  59|0x00000000e3b00000, 0x00000000e3b00000, 0x00000000e3c00000|  0%| F|  |TAMS 0x00000000e3b00000, 0x00000000e3b00000| Untracked 
|  60|0x00000000e3c00000, 0x00000000e3c00000, 0x00000000e3d00000|  0%| F|  |TAMS 0x00000000e3c00000, 0x00000000e3c00000| Untracked 
|  61|0x00000000e3d00000, 0x00000000e3d00000, 0x00000000e3e00000|  0%| F|  |TAMS 0x00000000e3d00000, 0x00000000e3d00000| Untracked 
|  62|0x00000000e3e00000, 0x00000000e3e00000, 0x00000000e3f00000|  0%| F|  |TAMS 0x00000000e3e00000, 0x00000000e3e00000| Untracked 
|  63|0x00000000e3f00000, 0x00000000e3f00000, 0x00000000e4000000|  0%| F|  |TAMS 0x00000000e3f00000, 0x00000000e3f00000| Untracked 
|  64|0x00000000e4000000, 0x00000000e4000000, 0x00000000e4100000|  0%| F|  |TAMS 0x00000000e4000000, 0x00000000e4000000| Untracked 
|  65|0x00000000e4100000, 0x00000000e4100000, 0x00000000e4200000|  0%| F|  |TAMS 0x00000000e4100000, 0x00000000e4100000| Untracked 
|  66|0x00000000e4200000, 0x00000000e4200000, 0x00000000e4300000|  0%| F|  |TAMS 0x00000000e4200000, 0x00000000e4200000| Untracked 
|  67|0x00000000e4300000, 0x00000000e4300000, 0x00000000e4400000|  0%| F|  |TAMS 0x00000000e4300000, 0x00000000e4300000| Untracked 
|  68|0x00000000e4400000, 0x00000000e4400000, 0x00000000e4500000|  0%| F|  |TAMS 0x00000000e4400000, 0x00000000e4400000| Untracked 
|  69|0x00000000e4500000, 0x00000000e4500000, 0x00000000e4600000|  0%| F|  |TAMS 0x00000000e4500000, 0x00000000e4500000| Untracked 
|  70|0x00000000e4600000, 0x00000000e4600000, 0x00000000e4700000|  0%| F|  |TAMS 0x00000000e4600000, 0x00000000e4600000| Untracked 
|  71|0x00000000e4700000, 0x00000000e4700000, 0x00000000e4800000|  0%| F|  |TAMS 0x00000000e4700000, 0x00000000e4700000| Untracked 
|  72|0x00000000e4800000, 0x00000000e4800000, 0x00000000e4900000|  0%| F|  |TAMS 0x00000000e4800000, 0x00000000e4800000| Untracked 
|  73|0x00000000e4900000, 0x00000000e4900000, 0x00000000e4a00000|  0%| F|  |TAMS 0x00000000e4900000, 0x00000000e4900000| Untracked 
|  74|0x00000000e4a00000, 0x00000000e4a00000, 0x00000000e4b00000|  0%| F|  |TAMS 0x00000000e4a00000, 0x00000000e4a00000| Untracked 
|  75|0x00000000e4b00000, 0x00000000e4b00000, 0x00000000e4c00000|  0%| F|  |TAMS 0x00000000e4b00000, 0x00000000e4b00000| Untracked 
|  76|0x00000000e4c00000, 0x00000000e4c00000, 0x00000000e4d00000|  0%| F|  |TAMS 0x00000000e4c00000, 0x00000000e4c00000| Untracked 
|  77|0x00000000e4d00000, 0x00000000e4d00000, 0x00000000e4e00000|  0%| F|  |TAMS 0x00000000e4d00000, 0x00000000e4d00000| Untracked 
|  78|0x00000000e4e00000, 0x00000000e4e00000, 0x00000000e4f00000|  0%| F|  |TAMS 0x00000000e4e00000, 0x00000000e4e00000| Untracked 
|  79|0x00000000e4f00000, 0x00000000e4f00000, 0x00000000e5000000|  0%| F|  |TAMS 0x00000000e4f00000, 0x00000000e4f00000| Untracked 
|  80|0x00000000e5000000, 0x00000000e5000000, 0x00000000e5100000|  0%| F|  |TAMS 0x00000000e5000000, 0x00000000e5000000| Untracked 
|  81|0x00000000e5100000, 0x00000000e5100000, 0x00000000e5200000|  0%| F|  |TAMS 0x00000000e5100000, 0x00000000e5100000| Untracked 
|  82|0x00000000e5200000, 0x00000000e5200000, 0x00000000e5300000|  0%| F|  |TAMS 0x00000000e5200000, 0x00000000e5200000| Untracked 
|  83|0x00000000e5300000, 0x00000000e5300000, 0x00000000e5400000|  0%| F|  |TAMS 0x00000000e5300000, 0x00000000e5300000| Untracked 
|  84|0x00000000e5400000, 0x00000000e5400000, 0x00000000e5500000|  0%| F|  |TAMS 0x00000000e5400000, 0x00000000e5400000| Untracked 
|  85|0x00000000e5500000, 0x00000000e5500000, 0x00000000e5600000|  0%| F|  |TAMS 0x00000000e5500000, 0x00000000e5500000| Untracked 
|  86|0x00000000e5600000, 0x00000000e5600000, 0x00000000e5700000|  0%| F|  |TAMS 0x00000000e5600000, 0x00000000e5600000| Untracked 
|  87|0x00000000e5700000, 0x00000000e5700000, 0x00000000e5800000|  0%| F|  |TAMS 0x00000000e5700000, 0x00000000e5700000| Untracked 
|  88|0x00000000e5800000, 0x00000000e5800000, 0x00000000e5900000|  0%| F|  |TAMS 0x00000000e5800000, 0x00000000e5800000| Untracked 
|  89|0x00000000e5900000, 0x00000000e5900000, 0x00000000e5a00000|  0%| F|  |TAMS 0x00000000e5900000, 0x00000000e5900000| Untracked 
|  90|0x00000000e5a00000, 0x00000000e5a00000, 0x00000000e5b00000|  0%| F|  |TAMS 0x00000000e5a00000, 0x00000000e5a00000| Untracked 
|  91|0x00000000e5b00000, 0x00000000e5b00000, 0x00000000e5c00000|  0%| F|  |TAMS 0x00000000e5b00000, 0x00000000e5b00000| Untracked 
|  92|0x00000000e5c00000, 0x00000000e5c00000, 0x00000000e5d00000|  0%| F|  |TAMS 0x00000000e5c00000, 0x00000000e5c00000| Untracked 
|  93|0x00000000e5d00000, 0x00000000e5d00000, 0x00000000e5e00000|  0%| F|  |TAMS 0x00000000e5d00000, 0x00000000e5d00000| Untracked 
|  94|0x00000000e5e00000, 0x00000000e5e00000, 0x00000000e5f00000|  0%| F|  |TAMS 0x00000000e5e00000, 0x00000000e5e00000| Untracked 
|  95|0x00000000e5f00000, 0x00000000e5f00000, 0x00000000e6000000|  0%| F|  |TAMS 0x00000000e5f00000, 0x00000000e5f00000| Untracked 
|  96|0x00000000e6000000, 0x00000000e6000000, 0x00000000e6100000|  0%| F|  |TAMS 0x00000000e6000000, 0x00000000e6000000| Untracked 
|  97|0x00000000e6100000, 0x00000000e6100000, 0x00000000e6200000|  0%| F|  |TAMS 0x00000000e6100000, 0x00000000e6100000| Untracked 
|  98|0x00000000e6200000, 0x00000000e6200000, 0x00000000e6300000|  0%| F|  |TAMS 0x00000000e6200000, 0x00000000e6200000| Untracked 
|  99|0x00000000e6300000, 0x00000000e6300000, 0x00000000e6400000|  0%| F|  |TAMS 0x00000000e6300000, 0x00000000e6300000| Untracked 
| 100|0x00000000e6400000, 0x00000000e6400000, 0x00000000e6500000|  0%| F|  |TAMS 0x00000000e6400000, 0x00000000e6400000| Untracked 
| 101|0x00000000e6500000, 0x00000000e6500000, 0x00000000e6600000|  0%| F|  |TAMS 0x00000000e6500000, 0x00000000e6500000| Untracked 
| 102|0x00000000e6600000, 0x00000000e6600000, 0x00000000e6700000|  0%| F|  |TAMS 0x00000000e6600000, 0x00000000e6600000| Untracked 
| 103|0x00000000e6700000, 0x00000000e6700000, 0x00000000e6800000|  0%| F|  |TAMS 0x00000000e6700000, 0x00000000e6700000| Untracked 
| 104|0x00000000e6800000, 0x00000000e6800000, 0x00000000e6900000|  0%| F|  |TAMS 0x00000000e6800000, 0x00000000e6800000| Untracked 
| 105|0x00000000e6900000, 0x00000000e6900000, 0x00000000e6a00000|  0%| F|  |TAMS 0x00000000e6900000, 0x00000000e6900000| Untracked 
| 106|0x00000000e6a00000, 0x00000000e6a00000, 0x00000000e6b00000|  0%| F|  |TAMS 0x00000000e6a00000, 0x00000000e6a00000| Untracked 
| 107|0x00000000e6b00000, 0x00000000e6b00000, 0x00000000e6c00000|  0%| F|  |TAMS 0x00000000e6b00000, 0x00000000e6b00000| Untracked 
| 108|0x00000000e6c00000, 0x00000000e6c00000, 0x00000000e6d00000|  0%| F|  |TAMS 0x00000000e6c00000, 0x00000000e6c00000| Untracked 
| 109|0x00000000e6d00000, 0x00000000e6d00000, 0x00000000e6e00000|  0%| F|  |TAMS 0x00000000e6d00000, 0x00000000e6d00000| Untracked 
| 110|0x00000000e6e00000, 0x00000000e6e00000, 0x00000000e6f00000|  0%| F|  |TAMS 0x00000000e6e00000, 0x00000000e6e00000| Untracked 
| 111|0x00000000e6f00000, 0x00000000e6f00000, 0x00000000e7000000|  0%| F|  |TAMS 0x00000000e6f00000, 0x00000000e6f00000| Untracked 
| 112|0x00000000e7000000, 0x00000000e7000000, 0x00000000e7100000|  0%| F|  |TAMS 0x00000000e7000000, 0x00000000e7000000| Untracked 
| 113|0x00000000e7100000, 0x00000000e7100000, 0x00000000e7200000|  0%| F|  |TAMS 0x00000000e7100000, 0x00000000e7100000| Untracked 
| 114|0x00000000e7200000, 0x00000000e7200000, 0x00000000e7300000|  0%| F|  |TAMS 0x00000000e7200000, 0x00000000e7200000| Untracked 
| 115|0x00000000e7300000, 0x00000000e7300000, 0x00000000e7400000|  0%| F|  |TAMS 0x00000000e7300000, 0x00000000e7300000| Untracked 
| 116|0x00000000e7400000, 0x00000000e7400000, 0x00000000e7500000|  0%| F|  |TAMS 0x00000000e7400000, 0x00000000e7400000| Untracked 
| 117|0x00000000e7500000, 0x00000000e7500000, 0x00000000e7600000|  0%| F|  |TAMS 0x00000000e7500000, 0x00000000e7500000| Untracked 
| 118|0x00000000e7600000, 0x00000000e7600000, 0x00000000e7700000|  0%| F|  |TAMS 0x00000000e7600000, 0x00000000e7600000| Untracked 
| 119|0x00000000e7700000, 0x00000000e7700000, 0x00000000e7800000|  0%| F|  |TAMS 0x00000000e7700000, 0x00000000e7700000| Untracked 
| 120|0x00000000e7800000, 0x00000000e7800000, 0x00000000e7900000|  0%| F|  |TAMS 0x00000000e7800000, 0x00000000e7800000| Untracked 
| 121|0x00000000e7900000, 0x00000000e7900000, 0x00000000e7a00000|  0%| F|  |TAMS 0x00000000e7900000, 0x00000000e7900000| Untracked 
| 122|0x00000000e7a00000, 0x00000000e7a00000, 0x00000000e7b00000|  0%| F|  |TAMS 0x00000000e7a00000, 0x00000000e7a00000| Untracked 
| 123|0x00000000e7b00000, 0x00000000e7b00000, 0x00000000e7c00000|  0%| F|  |TAMS 0x00000000e7b00000, 0x00000000e7b00000| Untracked 
| 124|0x00000000e7c00000, 0x00000000e7c00000, 0x00000000e7d00000|  0%| F|  |TAMS 0x00000000e7c00000, 0x00000000e7c00000| Untracked 
| 125|0x00000000e7d00000, 0x00000000e7d00000, 0x00000000e7e00000|  0%| F|  |TAMS 0x00000000e7d00000, 0x00000000e7d00000| Untracked 
| 126|0x00000000e7e00000, 0x00000000e7e00000, 0x00000000e7f00000|  0%| F|  |TAMS 0x00000000e7e00000, 0x00000000e7e00000| Untracked 
| 127|0x00000000e7f00000, 0x00000000e7f00000, 0x00000000e8000000|  0%| F|  |TAMS 0x00000000e7f00000, 0x00000000e7f00000| Untracked 
| 128|0x00000000e8000000, 0x00000000e8000000, 0x00000000e8100000|  0%| F|  |TAMS 0x00000000e8000000, 0x00000000e8000000| Untracked 
| 129|0x00000000e8100000, 0x00000000e8100000, 0x00000000e8200000|  0%| F|  |TAMS 0x00000000e8100000, 0x00000000e8100000| Untracked 
| 130|0x00000000e8200000, 0x00000000e8200000, 0x00000000e8300000|  0%| F|  |TAMS 0x00000000e8200000, 0x00000000e8200000| Untracked 
| 131|0x00000000e8300000, 0x00000000e8300000, 0x00000000e8400000|  0%| F|  |TAMS 0x00000000e8300000, 0x00000000e8300000| Untracked 
| 132|0x00000000e8400000, 0x00000000e8400000, 0x00000000e8500000|  0%| F|  |TAMS 0x00000000e8400000, 0x00000000e8400000| Untracked 
| 133|0x00000000e8500000, 0x00000000e8500000, 0x00000000e8600000|  0%| F|  |TAMS 0x00000000e8500000, 0x00000000e8500000| Untracked 
| 134|0x00000000e8600000, 0x00000000e8600000, 0x00000000e8700000|  0%| F|  |TAMS 0x00000000e8600000, 0x00000000e8600000| Untracked 
| 135|0x00000000e8700000, 0x00000000e8700000, 0x00000000e8800000|  0%| F|  |TAMS 0x00000000e8700000, 0x00000000e8700000| Untracked 
| 136|0x00000000e8800000, 0x00000000e8800000, 0x00000000e8900000|  0%| F|  |TAMS 0x00000000e8800000, 0x00000000e8800000| Untracked 
| 137|0x00000000e8900000, 0x00000000e8900000, 0x00000000e8a00000|  0%| F|  |TAMS 0x00000000e8900000, 0x00000000e8900000| Untracked 
| 138|0x00000000e8a00000, 0x00000000e8a00000, 0x00000000e8b00000|  0%| F|  |TAMS 0x00000000e8a00000, 0x00000000e8a00000| Untracked 
| 139|0x00000000e8b00000, 0x00000000e8b00000, 0x00000000e8c00000|  0%| F|  |TAMS 0x00000000e8b00000, 0x00000000e8b00000| Untracked 
| 140|0x00000000e8c00000, 0x00000000e8c00000, 0x00000000e8d00000|  0%| F|  |TAMS 0x00000000e8c00000, 0x00000000e8c00000| Untracked 
| 141|0x00000000e8d00000, 0x00000000e8d00000, 0x00000000e8e00000|  0%| F|  |TAMS 0x00000000e8d00000, 0x00000000e8d00000| Untracked 
| 142|0x00000000e8e00000, 0x00000000e8e00000, 0x00000000e8f00000|  0%| F|  |TAMS 0x00000000e8e00000, 0x00000000e8e00000| Untracked 
| 143|0x00000000e8f00000, 0x00000000e8f00000, 0x00000000e9000000|  0%| F|  |TAMS 0x00000000e8f00000, 0x00000000e8f00000| Untracked 
| 144|0x00000000e9000000, 0x00000000e9000000, 0x00000000e9100000|  0%| F|  |TAMS 0x00000000e9000000, 0x00000000e9000000| Untracked 
| 145|0x00000000e9100000, 0x00000000e9100000, 0x00000000e9200000|  0%| F|  |TAMS 0x00000000e9100000, 0x00000000e9100000| Untracked 
| 146|0x00000000e9200000, 0x00000000e9200000, 0x00000000e9300000|  0%| F|  |TAMS 0x00000000e9200000, 0x00000000e9200000| Untracked 
| 147|0x00000000e9300000, 0x00000000e9300000, 0x00000000e9400000|  0%| F|  |TAMS 0x00000000e9300000, 0x00000000e9300000| Untracked 
| 148|0x00000000e9400000, 0x00000000e9400000, 0x00000000e9500000|  0%| F|  |TAMS 0x00000000e9400000, 0x00000000e9400000| Untracked 
| 149|0x00000000e9500000, 0x00000000e9500000, 0x00000000e9600000|  0%| F|  |TAMS 0x00000000e9500000, 0x00000000e9500000| Untracked 
| 150|0x00000000e9600000, 0x00000000e9600000, 0x00000000e9700000|  0%| F|  |TAMS 0x00000000e9600000, 0x00000000e9600000| Untracked 
| 151|0x00000000e9700000, 0x00000000e9700000, 0x00000000e9800000|  0%| F|  |TAMS 0x00000000e9700000, 0x00000000e9700000| Untracked 
| 152|0x00000000e9800000, 0x00000000e9800000, 0x00000000e9900000|  0%| F|  |TAMS 0x00000000e9800000, 0x00000000e9800000| Untracked 
| 153|0x00000000e9900000, 0x00000000e9900000, 0x00000000e9a00000|  0%| F|  |TAMS 0x00000000e9900000, 0x00000000e9900000| Untracked 
| 154|0x00000000e9a00000, 0x00000000e9a00000, 0x00000000e9b00000|  0%| F|  |TAMS 0x00000000e9a00000, 0x00000000e9a00000| Untracked 
| 155|0x00000000e9b00000, 0x00000000e9b00000, 0x00000000e9c00000|  0%| F|  |TAMS 0x00000000e9b00000, 0x00000000e9b00000| Untracked 
| 156|0x00000000e9c00000, 0x00000000e9c80000, 0x00000000e9d00000| 50%| S|CS|TAMS 0x00000000e9c00000, 0x00000000e9c00000| Complete 
| 157|0x00000000e9d00000, 0x00000000e9e00000, 0x00000000e9e00000|100%| S|CS|TAMS 0x00000000e9d00000, 0x00000000e9d00000| Complete 
| 158|0x00000000e9e00000, 0x00000000e9f00000, 0x00000000e9f00000|100%| S|CS|TAMS 0x00000000e9e00000, 0x00000000e9e00000| Complete 
| 159|0x00000000e9f00000, 0x00000000ea000000, 0x00000000ea000000|100%| S|CS|TAMS 0x00000000e9f00000, 0x00000000e9f00000| Complete 
| 160|0x00000000ea000000, 0x00000000ea100000, 0x00000000ea100000|100%| S|CS|TAMS 0x00000000ea000000, 0x00000000ea000000| Complete 
| 161|0x00000000ea100000, 0x00000000ea200000, 0x00000000ea200000|100%| S|CS|TAMS 0x00000000ea100000, 0x00000000ea100000| Complete 
| 162|0x00000000ea200000, 0x00000000ea300000, 0x00000000ea300000|100%| S|CS|TAMS 0x00000000ea200000, 0x00000000ea200000| Complete 
| 163|0x00000000ea300000, 0x00000000ea400000, 0x00000000ea400000|100%| S|CS|TAMS 0x00000000ea300000, 0x00000000ea300000| Complete 
| 164|0x00000000ea400000, 0x00000000ea500000, 0x00000000ea500000|100%| S|CS|TAMS 0x00000000ea400000, 0x00000000ea400000| Complete 
| 165|0x00000000ea500000, 0x00000000ea600000, 0x00000000ea600000|100%| S|CS|TAMS 0x00000000ea500000, 0x00000000ea500000| Complete 
| 166|0x00000000ea600000, 0x00000000ea700000, 0x00000000ea700000|100%| S|CS|TAMS 0x00000000ea600000, 0x00000000ea600000| Complete 
| 167|0x00000000ea700000, 0x00000000ea800000, 0x00000000ea800000|100%| S|CS|TAMS 0x00000000ea700000, 0x00000000ea700000| Complete 
| 168|0x00000000ea800000, 0x00000000ea900000, 0x00000000ea900000|100%| S|CS|TAMS 0x00000000ea800000, 0x00000000ea800000| Complete 
| 169|0x00000000ea900000, 0x00000000eaa00000, 0x00000000eaa00000|100%| S|CS|TAMS 0x00000000ea900000, 0x00000000ea900000| Complete 
| 170|0x00000000eaa00000, 0x00000000eab00000, 0x00000000eab00000|100%| S|CS|TAMS 0x00000000eaa00000, 0x00000000eaa00000| Complete 
| 171|0x00000000eab00000, 0x00000000eac00000, 0x00000000eac00000|100%| S|CS|TAMS 0x00000000eab00000, 0x00000000eab00000| Complete 
| 172|0x00000000eac00000, 0x00000000eac00000, 0x00000000ead00000|  0%| F|  |TAMS 0x00000000eac00000, 0x00000000eac00000| Untracked 
| 173|0x00000000ead00000, 0x00000000ead00000, 0x00000000eae00000|  0%| F|  |TAMS 0x00000000ead00000, 0x00000000ead00000| Untracked 
| 174|0x00000000eae00000, 0x00000000eae00000, 0x00000000eaf00000|  0%| F|  |TAMS 0x00000000eae00000, 0x00000000eae00000| Untracked 
| 175|0x00000000eaf00000, 0x00000000eaf00000, 0x00000000eb000000|  0%| F|  |TAMS 0x00000000eaf00000, 0x00000000eaf00000| Untracked 
| 176|0x00000000eb000000, 0x00000000eb000000, 0x00000000eb100000|  0%| F|  |TAMS 0x00000000eb000000, 0x00000000eb000000| Untracked 
| 177|0x00000000eb100000, 0x00000000eb100000, 0x00000000eb200000|  0%| F|  |TAMS 0x00000000eb100000, 0x00000000eb100000| Untracked 
| 178|0x00000000eb200000, 0x00000000eb200000, 0x00000000eb300000|  0%| F|  |TAMS 0x00000000eb200000, 0x00000000eb200000| Untracked 
| 179|0x00000000eb300000, 0x00000000eb300000, 0x00000000eb400000|  0%| F|  |TAMS 0x00000000eb300000, 0x00000000eb300000| Untracked 
| 180|0x00000000eb400000, 0x00000000eb400000, 0x00000000eb500000|  0%| F|  |TAMS 0x00000000eb400000, 0x00000000eb400000| Untracked 
| 181|0x00000000eb500000, 0x00000000eb500000, 0x00000000eb600000|  0%| F|  |TAMS 0x00000000eb500000, 0x00000000eb500000| Untracked 
| 182|0x00000000eb600000, 0x00000000eb600000, 0x00000000eb700000|  0%| F|  |TAMS 0x00000000eb600000, 0x00000000eb600000| Untracked 
| 183|0x00000000eb700000, 0x00000000eb700000, 0x00000000eb800000|  0%| F|  |TAMS 0x00000000eb700000, 0x00000000eb700000| Untracked 
| 184|0x00000000eb800000, 0x00000000eb800000, 0x00000000eb900000|  0%| F|  |TAMS 0x00000000eb800000, 0x00000000eb800000| Untracked 
| 185|0x00000000eb900000, 0x00000000eb900000, 0x00000000eba00000|  0%| F|  |TAMS 0x00000000eb900000, 0x00000000eb900000| Untracked 
| 186|0x00000000eba00000, 0x00000000eba00000, 0x00000000ebb00000|  0%| F|  |TAMS 0x00000000eba00000, 0x00000000eba00000| Untracked 
| 187|0x00000000ebb00000, 0x00000000ebb00000, 0x00000000ebc00000|  0%| F|  |TAMS 0x00000000ebb00000, 0x00000000ebb00000| Untracked 
| 188|0x00000000ebc00000, 0x00000000ebc00000, 0x00000000ebd00000|  0%| F|  |TAMS 0x00000000ebc00000, 0x00000000ebc00000| Untracked 
| 189|0x00000000ebd00000, 0x00000000ebd00000, 0x00000000ebe00000|  0%| F|  |TAMS 0x00000000ebd00000, 0x00000000ebd00000| Untracked 
| 190|0x00000000ebe00000, 0x00000000ebe00000, 0x00000000ebf00000|  0%| F|  |TAMS 0x00000000ebe00000, 0x00000000ebe00000| Untracked 
| 191|0x00000000ebf00000, 0x00000000ebf00000, 0x00000000ec000000|  0%| F|  |TAMS 0x00000000ebf00000, 0x00000000ebf00000| Untracked 
| 192|0x00000000ec000000, 0x00000000ec000000, 0x00000000ec100000|  0%| F|  |TAMS 0x00000000ec000000, 0x00000000ec000000| Untracked 
| 193|0x00000000ec100000, 0x00000000ec100000, 0x00000000ec200000|  0%| F|  |TAMS 0x00000000ec100000, 0x00000000ec100000| Untracked 
| 194|0x00000000ec200000, 0x00000000ec200000, 0x00000000ec300000|  0%| F|  |TAMS 0x00000000ec200000, 0x00000000ec200000| Untracked 
| 195|0x00000000ec300000, 0x00000000ec300000, 0x00000000ec400000|  0%| F|  |TAMS 0x00000000ec300000, 0x00000000ec300000| Untracked 
| 196|0x00000000ec400000, 0x00000000ec400000, 0x00000000ec500000|  0%| F|  |TAMS 0x00000000ec400000, 0x00000000ec400000| Untracked 
| 197|0x00000000ec500000, 0x00000000ec500000, 0x00000000ec600000|  0%| F|  |TAMS 0x00000000ec500000, 0x00000000ec500000| Untracked 
| 198|0x00000000ec600000, 0x00000000ec600000, 0x00000000ec700000|  0%| F|  |TAMS 0x00000000ec600000, 0x00000000ec600000| Untracked 
| 199|0x00000000ec700000, 0x00000000ec700000, 0x00000000ec800000|  0%| F|  |TAMS 0x00000000ec700000, 0x00000000ec700000| Untracked 
| 200|0x00000000ec800000, 0x00000000ec800000, 0x00000000ec900000|  0%| F|  |TAMS 0x00000000ec800000, 0x00000000ec800000| Untracked 
| 201|0x00000000ec900000, 0x00000000ec900000, 0x00000000eca00000|  0%| F|  |TAMS 0x00000000ec900000, 0x00000000ec900000| Untracked 
| 202|0x00000000eca00000, 0x00000000eca00000, 0x00000000ecb00000|  0%| F|  |TAMS 0x00000000eca00000, 0x00000000eca00000| Untracked 
| 203|0x00000000ecb00000, 0x00000000ecb00000, 0x00000000ecc00000|  0%| F|  |TAMS 0x00000000ecb00000, 0x00000000ecb00000| Untracked 
| 204|0x00000000ecc00000, 0x00000000ecc00000, 0x00000000ecd00000|  0%| F|  |TAMS 0x00000000ecc00000, 0x00000000ecc00000| Untracked 
| 205|0x00000000ecd00000, 0x00000000ecd00000, 0x00000000ece00000|  0%| F|  |TAMS 0x00000000ecd00000, 0x00000000ecd00000| Untracked 
| 206|0x00000000ece00000, 0x00000000ece00000, 0x00000000ecf00000|  0%| F|  |TAMS 0x00000000ece00000, 0x00000000ece00000| Untracked 
| 207|0x00000000ecf00000, 0x00000000ecf00000, 0x00000000ed000000|  0%| F|  |TAMS 0x00000000ecf00000, 0x00000000ecf00000| Untracked 
| 208|0x00000000ed000000, 0x00000000ed000000, 0x00000000ed100000|  0%| F|  |TAMS 0x00000000ed000000, 0x00000000ed000000| Untracked 
| 209|0x00000000ed100000, 0x00000000ed100000, 0x00000000ed200000|  0%| F|  |TAMS 0x00000000ed100000, 0x00000000ed100000| Untracked 
| 210|0x00000000ed200000, 0x00000000ed200000, 0x00000000ed300000|  0%| F|  |TAMS 0x00000000ed200000, 0x00000000ed200000| Untracked 
| 211|0x00000000ed300000, 0x00000000ed300000, 0x00000000ed400000|  0%| F|  |TAMS 0x00000000ed300000, 0x00000000ed300000| Untracked 
| 212|0x00000000ed400000, 0x00000000ed400000, 0x00000000ed500000|  0%| F|  |TAMS 0x00000000ed400000, 0x00000000ed400000| Untracked 
| 213|0x00000000ed500000, 0x00000000ed500000, 0x00000000ed600000|  0%| F|  |TAMS 0x00000000ed500000, 0x00000000ed500000| Untracked 
| 214|0x00000000ed600000, 0x00000000ed600000, 0x00000000ed700000|  0%| F|  |TAMS 0x00000000ed600000, 0x00000000ed600000| Untracked 
| 215|0x00000000ed700000, 0x00000000ed700000, 0x00000000ed800000|  0%| F|  |TAMS 0x00000000ed700000, 0x00000000ed700000| Untracked 
| 216|0x00000000ed800000, 0x00000000ed800000, 0x00000000ed900000|  0%| F|  |TAMS 0x00000000ed800000, 0x00000000ed800000| Untracked 
| 217|0x00000000ed900000, 0x00000000ed900000, 0x00000000eda00000|  0%| F|  |TAMS 0x00000000ed900000, 0x00000000ed900000| Untracked 
| 218|0x00000000eda00000, 0x00000000eda00000, 0x00000000edb00000|  0%| F|  |TAMS 0x00000000eda00000, 0x00000000eda00000| Untracked 
| 219|0x00000000edb00000, 0x00000000edb00000, 0x00000000edc00000|  0%| F|  |TAMS 0x00000000edb00000, 0x00000000edb00000| Untracked 
| 220|0x00000000edc00000, 0x00000000edc00000, 0x00000000edd00000|  0%| F|  |TAMS 0x00000000edc00000, 0x00000000edc00000| Untracked 
| 221|0x00000000edd00000, 0x00000000edd00000, 0x00000000ede00000|  0%| F|  |TAMS 0x00000000edd00000, 0x00000000edd00000| Untracked 
| 222|0x00000000ede00000, 0x00000000ede00000, 0x00000000edf00000|  0%| F|  |TAMS 0x00000000ede00000, 0x00000000ede00000| Untracked 
| 223|0x00000000edf00000, 0x00000000edf00000, 0x00000000ee000000|  0%| F|  |TAMS 0x00000000edf00000, 0x00000000edf00000| Untracked 
| 224|0x00000000ee000000, 0x00000000ee000000, 0x00000000ee100000|  0%| F|  |TAMS 0x00000000ee000000, 0x00000000ee000000| Untracked 
| 225|0x00000000ee100000, 0x00000000ee100000, 0x00000000ee200000|  0%| F|  |TAMS 0x00000000ee100000, 0x00000000ee100000| Untracked 
| 226|0x00000000ee200000, 0x00000000ee200000, 0x00000000ee300000|  0%| F|  |TAMS 0x00000000ee200000, 0x00000000ee200000| Untracked 
| 227|0x00000000ee300000, 0x00000000ee300000, 0x00000000ee400000|  0%| F|  |TAMS 0x00000000ee300000, 0x00000000ee300000| Untracked 
| 228|0x00000000ee400000, 0x00000000ee400000, 0x00000000ee500000|  0%| F|  |TAMS 0x00000000ee400000, 0x00000000ee400000| Untracked 
| 229|0x00000000ee500000, 0x00000000ee500000, 0x00000000ee600000|  0%| F|  |TAMS 0x00000000ee500000, 0x00000000ee500000| Untracked 
| 230|0x00000000ee600000, 0x00000000ee600000, 0x00000000ee700000|  0%| F|  |TAMS 0x00000000ee600000, 0x00000000ee600000| Untracked 
| 231|0x00000000ee700000, 0x00000000ee700000, 0x00000000ee800000|  0%| F|  |TAMS 0x00000000ee700000, 0x00000000ee700000| Untracked 
| 232|0x00000000ee800000, 0x00000000ee800000, 0x00000000ee900000|  0%| F|  |TAMS 0x00000000ee800000, 0x00000000ee800000| Untracked 
| 233|0x00000000ee900000, 0x00000000ee900000, 0x00000000eea00000|  0%| F|  |TAMS 0x00000000ee900000, 0x00000000ee900000| Untracked 
| 234|0x00000000eea00000, 0x00000000eea00000, 0x00000000eeb00000|  0%| F|  |TAMS 0x00000000eea00000, 0x00000000eea00000| Untracked 
| 235|0x00000000eeb00000, 0x00000000eeb00000, 0x00000000eec00000|  0%| F|  |TAMS 0x00000000eeb00000, 0x00000000eeb00000| Untracked 
| 236|0x00000000eec00000, 0x00000000eec00000, 0x00000000eed00000|  0%| F|  |TAMS 0x00000000eec00000, 0x00000000eec00000| Untracked 
| 237|0x00000000eed00000, 0x00000000eed00000, 0x00000000eee00000|  0%| F|  |TAMS 0x00000000eed00000, 0x00000000eed00000| Untracked 
| 238|0x00000000eee00000, 0x00000000eee00000, 0x00000000eef00000|  0%| F|  |TAMS 0x00000000eee00000, 0x00000000eee00000| Untracked 
| 239|0x00000000eef00000, 0x00000000eef00000, 0x00000000ef000000|  0%| F|  |TAMS 0x00000000eef00000, 0x00000000eef00000| Untracked 
| 240|0x00000000ef000000, 0x00000000ef000000, 0x00000000ef100000|  0%| F|  |TAMS 0x00000000ef000000, 0x00000000ef000000| Untracked 
| 241|0x00000000ef100000, 0x00000000ef100000, 0x00000000ef200000|  0%| F|  |TAMS 0x00000000ef100000, 0x00000000ef100000| Untracked 
| 242|0x00000000ef200000, 0x00000000ef200000, 0x00000000ef300000|  0%| F|  |TAMS 0x00000000ef200000, 0x00000000ef200000| Untracked 
| 243|0x00000000ef300000, 0x00000000ef300000, 0x00000000ef400000|  0%| F|  |TAMS 0x00000000ef300000, 0x00000000ef300000| Untracked 
| 244|0x00000000ef400000, 0x00000000ef400000, 0x00000000ef500000|  0%| F|  |TAMS 0x00000000ef400000, 0x00000000ef400000| Untracked 
| 245|0x00000000ef500000, 0x00000000ef58ef60, 0x00000000ef600000| 55%| E|  |TAMS 0x00000000ef500000, 0x00000000ef500000| Complete 
| 246|0x00000000ef600000, 0x00000000ef700000, 0x00000000ef700000|100%| E|CS|TAMS 0x00000000ef600000, 0x00000000ef600000| Complete 
| 247|0x00000000ef700000, 0x00000000ef800000, 0x00000000ef800000|100%| E|CS|TAMS 0x00000000ef700000, 0x00000000ef700000| Complete 
| 248|0x00000000ef800000, 0x00000000ef900000, 0x00000000ef900000|100%| E|CS|TAMS 0x00000000ef800000, 0x00000000ef800000| Complete 
| 249|0x00000000ef900000, 0x00000000efa00000, 0x00000000efa00000|100%| E|CS|TAMS 0x00000000ef900000, 0x00000000ef900000| Complete 
| 250|0x00000000efa00000, 0x00000000efb00000, 0x00000000efb00000|100%| E|CS|TAMS 0x00000000efa00000, 0x00000000efa00000| Complete 
| 251|0x00000000efb00000, 0x00000000efc00000, 0x00000000efc00000|100%| E|CS|TAMS 0x00000000efb00000, 0x00000000efb00000| Complete 
| 252|0x00000000efc00000, 0x00000000efd00000, 0x00000000efd00000|100%| E|CS|TAMS 0x00000000efc00000, 0x00000000efc00000| Complete 
| 253|0x00000000efd00000, 0x00000000efe00000, 0x00000000efe00000|100%| E|CS|TAMS 0x00000000efd00000, 0x00000000efd00000| Complete 
| 254|0x00000000efe00000, 0x00000000eff00000, 0x00000000eff00000|100%| E|CS|TAMS 0x00000000efe00000, 0x00000000efe00000| Complete 
| 255|0x00000000eff00000, 0x00000000f0000000, 0x00000000f0000000|100%| E|CS|TAMS 0x00000000eff00000, 0x00000000eff00000| Complete 

Card table byte_map: [0x000001b4cb100000,0x000001b4cb200000] _byte_map_base: 0x000001b4caa00000

Marking Bits (Prev, Next): (CMBitMap*) 0x000001b4b45eb860, (CMBitMap*) 0x000001b4b45eb820
 Prev Bits: [0x000001b4cbb00000, 0x000001b4cc300000)
 Next Bits: [0x000001b4cb300000, 0x000001b4cbb00000)

Polling page: 0x000001b4b3d70000

Metaspace:

Usage:
  Non-class:     51.15 MB used.
      Class:      8.36 MB used.
       Both:     59.50 MB used.

Virtual space:
  Non-class space:       64.00 MB reserved,      51.50 MB ( 80%) committed,  1 nodes.
      Class space:      320.00 MB reserved,       8.62 MB (  3%) committed,  1 nodes.
             Both:      384.00 MB reserved,      60.12 MB ( 16%) committed. 

Chunk freelists:
   Non-Class:  12.34 MB
       Class:  7.32 MB
        Both:  19.67 MB

MaxMetaspaceSize: 384.00 MB
CompressedClassSpaceSize: 320.00 MB
Initial GC threshold: 21.00 MB
Current GC threshold: 98.88 MB
CDS: on
MetaspaceReclaimPolicy: balanced
 - commit_granule_bytes: 65536.
 - commit_granule_words: 8192.
 - virtual_space_node_default_size: 8388608.
 - enlarge_chunks_in_place: 1.
 - new_chunks_are_fully_committed: 0.
 - uncommit_free_chunks: 1.
 - use_allocation_guard: 0.
 - handle_deallocations: 1.


Internal statistics:

num_allocs_failed_limit: 9.
num_arena_births: 674.
num_arena_deaths: 0.
num_vsnodes_births: 2.
num_vsnodes_deaths: 0.
num_space_committed: 962.
num_space_uncommitted: 0.
num_chunks_returned_to_freelist: 9.
num_chunks_taken_from_freelist: 3040.
num_chunk_merges: 9.
num_chunk_splits: 1963.
num_chunks_enlarged: 1294.
num_inconsistent_stats: 0.

CodeHeap 'non-profiled nmethods': size=120000Kb used=3182Kb max_used=3204Kb free=116817Kb
 bounds [0x000001b4c3bd0000, 0x000001b4c3f20000, 0x000001b4cb100000]
CodeHeap 'profiled nmethods': size=120000Kb used=11683Kb max_used=11683Kb free=108316Kb
 bounds [0x000001b4bc100000, 0x000001b4bcc70000, 0x000001b4c3630000]
CodeHeap 'non-nmethods': size=5760Kb used=2387Kb max_used=2484Kb free=3372Kb
 bounds [0x000001b4c3630000, 0x000001b4c38b0000, 0x000001b4c3bd0000]
 total_blobs=7259 nmethods=6348 adapters=823
 compilation: enabled
              stopped_count=0, restarted_count=0
 full_count=0

Compilation events (20 events):
Event: 14.179 Thread 0x000001b4ce8f3080 7154       2       java.lang.ProcessEnvironment$CheckedEntrySet$1::hasNext (10 bytes)
Event: 14.179 Thread 0x000001b4ce8f3080 nmethod 7154 0x000001b4bcc62890 code [0x000001b4bcc62a20, 0x000001b4bcc62b48]
Event: 14.179 Thread 0x000001b4ce8f3080 7155       2       java.lang.ProcessEnvironment$CheckedEntry::getKey (5 bytes)
Event: 14.179 Thread 0x000001b4ce8f3080 nmethod 7155 0x000001b4bcc62c10 code [0x000001b4bcc62dc0, 0x000001b4bcc62f28]
Event: 14.194 Thread 0x000001b4ce8f3080 7157       2       java.lang.invoke.InvokerBytecodeGenerator$ClassData::<init> (20 bytes)
Event: 14.194 Thread 0x000001b4ce8f3080 nmethod 7157 0x000001b4bcc63010 code [0x000001b4bcc631a0, 0x000001b4bcc633b8]
Event: 14.194 Thread 0x000001b4ce8f3080 7158       2       java.lang.invoke.MethodHandles$Lookup::makeHiddenClassDefiner (14 bytes)
Event: 14.194 Thread 0x000001b4ce8f3080 nmethod 7158 0x000001b4bcc63490 code [0x000001b4bcc63640, 0x000001b4bcc63798]
Event: 14.195 Thread 0x000001b4ce8f3080 7159       2       java.lang.invoke.MethodHandles$Lookup$ClassFile::newInstanceNoCheck (11 bytes)
Event: 14.195 Thread 0x000001b4ce8f3080 nmethod 7159 0x000001b4bcc63890 code [0x000001b4bcc63a20, 0x000001b4bcc63c18]
Event: 14.196 Thread 0x000001b4ce8f3080 7161       2       java.lang.invoke.InvokerBytecodeGenerator::<init> (12 bytes)
Event: 14.196 Thread 0x000001b4ce8f3080 nmethod 7161 0x000001b4bcc63c90 code [0x000001b4bcc63e40, 0x000001b4bcc63fb8]
Event: 14.196 Thread 0x000001b4ce8f3080 7162   !   2       java.lang.invoke.LambdaForm::lambdaName (49 bytes)
Event: 14.196 Thread 0x000001b4ce8f3080 nmethod 7162 0x000001b4bcc64110 code [0x000001b4bcc642a0, 0x000001b4bcc643b8]
Event: 14.196 Thread 0x000001b4ce8f3080 7163       2       java.lang.invoke.InvokerBytecodeGenerator::generateCustomizedCodeBytes (44 bytes)
Event: 14.197 Thread 0x000001b4ce8f3080 nmethod 7163 0x000001b4bcc64490 code [0x000001b4bcc64680, 0x000001b4bcc648d8]
Event: 14.197 Thread 0x000001b4ce8f3080 7164       2       java.lang.invoke.MethodHandleNatives::classData (17 bytes)
Event: 14.197 Thread 0x000001b4ce8f3080 nmethod 7164 0x000001b4bcc64a90 code [0x000001b4bcc64c40, 0x000001b4bcc64e18]
Event: 14.197 Thread 0x000001b4ce8f3080 7165   !   2       java.lang.invoke.InvokerBytecodeGenerator::resolveInvokerMember (43 bytes)
Event: 14.198 Thread 0x000001b4ce8f3080 nmethod 7165 0x000001b4bcc64f90 code [0x000001b4bcc65160, 0x000001b4bcc65408]

GC Heap History (14 events):
Event: 0.359 GC heap before
{Heap before GC invocations=0 (full 0):
 garbage-first heap   total 262144K, used 12288K [0x00000000e0000000, 0x0000000100000000)
  region size 1024K, 13 young (13312K), 0 survivors (0K)
 Metaspace       used 749K, committed 832K, reserved 393216K
  class space    used 61K, committed 128K, reserved 327680K
}
Event: 0.361 GC heap after
{Heap after GC invocations=1 (full 0):
 garbage-first heap   total 262144K, used 1252K [0x00000000e0000000, 0x0000000100000000)
  region size 1024K, 2 young (2048K), 2 survivors (2048K)
 Metaspace       used 749K, committed 832K, reserved 393216K
  class space    used 61K, committed 128K, reserved 327680K
}
Event: 0.970 GC heap before
{Heap before GC invocations=1 (full 0):
 garbage-first heap   total 262144K, used 22756K [0x00000000e0000000, 0x0000000100000000)
  region size 1024K, 21 young (21504K), 2 survivors (2048K)
 Metaspace       used 2254K, committed 2432K, reserved 393216K
  class space    used 240K, committed 320K, reserved 327680K
}
Event: 0.974 GC heap after
{Heap after GC invocations=2 (full 0):
 garbage-first heap   total 262144K, used 9846K [0x00000000e0000000, 0x0000000100000000)
  region size 1024K, 3 young (3072K), 3 survivors (3072K)
 Metaspace       used 2254K, committed 2432K, reserved 393216K
  class space    used 240K, committed 320K, reserved 327680K
}
Event: 4.630 GC heap before
{Heap before GC invocations=2 (full 0):
 garbage-first heap   total 262144K, used 165494K [0x00000000e0000000, 0x0000000100000000)
  region size 1024K, 153 young (156672K), 3 survivors (3072K)
 Metaspace       used 18369K, committed 18688K, reserved 393216K
  class space    used 2653K, committed 2816K, reserved 327680K
}
Event: 4.647 GC heap after
{Heap after GC invocations=3 (full 0):
 garbage-first heap   total 262144K, used 22063K [0x00000000e0000000, 0x0000000100000000)
  region size 1024K, 14 young (14336K), 14 survivors (14336K)
 Metaspace       used 18369K, committed 18688K, reserved 393216K
  class space    used 2653K, committed 2816K, reserved 327680K
}
Event: 5.255 GC heap before
{Heap before GC invocations=3 (full 0):
 garbage-first heap   total 262144K, used 48687K [0x00000000e0000000, 0x0000000100000000)
  region size 1024K, 41 young (41984K), 14 survivors (14336K)
 Metaspace       used 21207K, committed 21504K, reserved 393216K
  class space    used 3109K, committed 3264K, reserved 327680K
}
Event: 5.275 GC heap after
{Heap after GC invocations=4 (full 0):
 garbage-first heap   total 262144K, used 23946K [0x00000000e0000000, 0x0000000100000000)
  region size 1024K, 3 young (3072K), 3 survivors (3072K)
 Metaspace       used 21207K, committed 21504K, reserved 393216K
  class space    used 3109K, committed 3264K, reserved 327680K
}
Event: 7.944 GC heap before
{Heap before GC invocations=5 (full 0):
 garbage-first heap   total 262144K, used 147850K [0x00000000e0000000, 0x0000000100000000)
  region size 1024K, 121 young (123904K), 3 survivors (3072K)
 Metaspace       used 35686K, committed 36096K, reserved 393216K
  class space    used 4968K, committed 5184K, reserved 327680K
}
Event: 7.959 GC heap after
{Heap after GC invocations=6 (full 0):
 garbage-first heap   total 262144K, used 31538K [0x00000000e0000000, 0x0000000100000000)
  region size 1024K, 10 young (10240K), 10 survivors (10240K)
 Metaspace       used 35686K, committed 36096K, reserved 393216K
  class space    used 4968K, committed 5184K, reserved 327680K
}
Event: 11.884 GC heap before
{Heap before GC invocations=7 (full 0):
 garbage-first heap   total 262144K, used 180018K [0x00000000e0000000, 0x0000000100000000)
  region size 1024K, 153 young (156672K), 10 survivors (10240K)
 Metaspace       used 54893K, committed 55424K, reserved 393216K
  class space    used 7633K, committed 7872K, reserved 327680K
}
Event: 11.906 GC heap after
{Heap after GC invocations=8 (full 0):
 garbage-first heap   total 262144K, used 39700K [0x00000000e0000000, 0x0000000100000000)
  region size 1024K, 18 young (18432K), 18 survivors (18432K)
 Metaspace       used 54893K, committed 55424K, reserved 393216K
  class space    used 7633K, committed 7872K, reserved 327680K
}
Event: 13.899 GC heap before
{Heap before GC invocations=8 (full 0):
 garbage-first heap   total 262144K, used 124692K [0x00000000e0000000, 0x0000000100000000)
  region size 1024K, 102 young (104448K), 18 survivors (18432K)
 Metaspace       used 60024K, committed 60608K, reserved 393216K
  class space    used 8394K, committed 8640K, reserved 327680K
}
Event: 13.932 GC heap after
{Heap after GC invocations=9 (full 0):
 garbage-first heap   total 262144K, used 46468K [0x00000000e0000000, 0x0000000100000000)
  region size 1024K, 16 young (16384K), 16 survivors (16384K)
 Metaspace       used 60024K, committed 60608K, reserved 393216K
  class space    used 8394K, committed 8640K, reserved 327680K
}

Dll operation events (15 events):
Event: 0.010 Loaded shared library C:\Users\Clement\.jdks\ms-17.0.15\bin\java.dll
Event: 0.034 Loaded shared library C:\Users\Clement\.jdks\ms-17.0.15\bin\jsvml.dll
Event: 0.094 Loaded shared library C:\Users\Clement\.jdks\ms-17.0.15\bin\zip.dll
Event: 0.096 Loaded shared library C:\Users\Clement\.jdks\ms-17.0.15\bin\instrument.dll
Event: 0.102 Loaded shared library C:\Users\Clement\.jdks\ms-17.0.15\bin\net.dll
Event: 0.104 Loaded shared library C:\Users\Clement\.jdks\ms-17.0.15\bin\nio.dll
Event: 0.106 Loaded shared library C:\Users\Clement\.jdks\ms-17.0.15\bin\zip.dll
Event: 0.452 Loaded shared library C:\Users\Clement\.jdks\ms-17.0.15\bin\jimage.dll
Event: 0.752 Loaded shared library C:\Users\Clement\.jdks\ms-17.0.15\bin\verify.dll
Event: 0.912 Loaded shared library C:\Users\Clement\.gradle\native\1def1411415f61bf3af743bc5b6707747c0891f09f0c88961ee8f79bc544acac\windows-amd64\native-platform.dll
Event: 0.948 Loaded shared library C:\Users\Clement\.gradle\native\0.2.7\x86_64-windows-gnu\gradle-fileevents.dll
Event: 2.539 Loaded shared library C:\Users\Clement\.jdks\ms-17.0.15\bin\management.dll
Event: 2.542 Loaded shared library C:\Users\Clement\.jdks\ms-17.0.15\bin\management_ext.dll
Event: 3.225 Loaded shared library C:\Users\Clement\.jdks\ms-17.0.15\bin\extnet.dll
Event: 3.506 Loaded shared library C:\Users\Clement\.jdks\ms-17.0.15\bin\sunmscapi.dll

Deoptimization events (20 events):
Event: 14.131 Thread 0x000001b4ed14f7e0 Uncommon trap: trap_request=0xffffff45 fr.pc=0x000001b4c3dc229c relative=0x000000000000007c
Event: 14.131 Thread 0x000001b4ed14f7e0 Uncommon trap: reason=unstable_if action=reinterpret pc=0x000001b4c3dc229c method=java.util.Spliterator.getExactSizeIfKnown()J @ 9 c2
Event: 14.131 Thread 0x000001b4ed14f7e0 DEOPT PACKING pc=0x000001b4c3dc229c sp=0x00000074fc9fed40
Event: 14.131 Thread 0x000001b4ed14f7e0 DEOPT UNPACKING pc=0x000001b4c36869a3 sp=0x00000074fc9fecd8 mode 2
Event: 14.136 Thread 0x000001b4ed14f7e0 Uncommon trap: trap_request=0xffffffde fr.pc=0x000001b4c3cc3244 relative=0x0000000000001284
Event: 14.136 Thread 0x000001b4ed14f7e0 Uncommon trap: reason=class_check action=maybe_recompile pc=0x000001b4c3cc3244 method=java.util.concurrent.ConcurrentHashMap.putVal(Ljava/lang/Object;Ljava/lang/Object;Z)Ljava/lang/Object; @ 159 c2
Event: 14.136 Thread 0x000001b4ed14f7e0 DEOPT PACKING pc=0x000001b4c3cc3244 sp=0x00000074fc9fec00
Event: 14.136 Thread 0x000001b4ed14f7e0 DEOPT UNPACKING pc=0x000001b4c36869a3 sp=0x00000074fc9febb0 mode 2
Event: 14.145 Thread 0x000001b4ed14e8b0 Uncommon trap: trap_request=0xffffffde fr.pc=0x000001b4c3cc3244 relative=0x0000000000001284
Event: 14.145 Thread 0x000001b4ed14e8b0 Uncommon trap: reason=class_check action=maybe_recompile pc=0x000001b4c3cc3244 method=java.util.concurrent.ConcurrentHashMap.putVal(Ljava/lang/Object;Ljava/lang/Object;Z)Ljava/lang/Object; @ 159 c2
Event: 14.145 Thread 0x000001b4ed14e8b0 DEOPT PACKING pc=0x000001b4c3cc3244 sp=0x00000074fc7fe7e0
Event: 14.145 Thread 0x000001b4ed14e8b0 DEOPT UNPACKING pc=0x000001b4c36869a3 sp=0x00000074fc7fe790 mode 2
Event: 14.149 Thread 0x000001b4ce8f9430 Uncommon trap: trap_request=0xffffff45 fr.pc=0x000001b4c3dc1c60 relative=0x0000000000000060
Event: 14.149 Thread 0x000001b4ce8f9430 Uncommon trap: reason=unstable_if action=reinterpret pc=0x000001b4c3dc1c60 method=java.util.HashMap$KeySpliterator.characteristics()I @ 4 c2
Event: 14.149 Thread 0x000001b4ce8f9430 DEOPT PACKING pc=0x000001b4c3dc1c60 sp=0x00000074f9ef88c0
Event: 14.149 Thread 0x000001b4ce8f9430 DEOPT UNPACKING pc=0x000001b4c36869a3 sp=0x00000074f9ef8860 mode 2
Event: 14.208 Thread 0x000001b4ed152060 Uncommon trap: trap_request=0xffffffde fr.pc=0x000001b4c3d6e668 relative=0x00000000000001a8
Event: 14.208 Thread 0x000001b4ed152060 Uncommon trap: reason=class_check action=maybe_recompile pc=0x000001b4c3d6e668 method=java.io.BufferedInputStream.read1([BII)I @ 39 c2
Event: 14.208 Thread 0x000001b4ed152060 DEOPT PACKING pc=0x000001b4c3d6e668 sp=0x00000074fccff2c0
Event: 14.208 Thread 0x000001b4ed152060 DEOPT UNPACKING pc=0x000001b4c36869a3 sp=0x00000074fccff248 mode 2

Classes loaded (20 events):
Event: 13.751 Loading class java/io/FileBeanInfo
Event: 13.751 Loading class java/io/FileBeanInfo done
Event: 13.752 Loading class java/io/FileCustomizer
Event: 13.752 Loading class java/io/FileCustomizer done
Event: 13.752 Loading class java/io/FileCustomizer
Event: 13.752 Loading class java/io/FileCustomizer done
Event: 14.118 Loading class java/util/stream/ReferencePipeline$15
Event: 14.118 Loading class java/util/stream/ReferencePipeline$15 done
Event: 14.121 Loading class java/util/stream/ReferencePipeline$15$1
Event: 14.121 Loading class java/util/stream/ReferencePipeline$15$1 done
Event: 14.178 Loading class java/lang/ProcessImpl
Event: 14.179 Loading class java/lang/ProcessImpl done
Event: 14.194 Loading class java/lang/ProcessHandleImpl
Event: 14.195 Loading class java/lang/ProcessHandleImpl done
Event: 14.201 Loading class java/lang/ProcessImpl$2
Event: 14.201 Loading class java/lang/ProcessImpl$2 done
Event: 14.201 Loading class java/lang/Process$PipeInputStream
Event: 14.201 Loading class java/lang/Process$PipeInputStream done
Event: 14.202 Loading class jdk/internal/event/ProcessStartEvent
Event: 14.202 Loading class jdk/internal/event/ProcessStartEvent done

Classes unloaded (0 events):
No events

Classes redefined (0 events):
No events

Internal exceptions (20 events):
Event: 13.730 Thread 0x000001b4ce8f9430 Exception <a 'java/lang/ClassNotFoundException'{0x00000000eb52e730}: org/gradle/api/internal/tasks/DefaultTaskContainerCustomizer> (0x00000000eb52e730) 
thrown [s\src\hotspot\share\classfile\systemDictionary.cpp, line 256]
Event: 13.736 Thread 0x000001b4ce8f9430 Exception <a 'java/lang/ClassNotFoundException'{0x00000000eb5bc890}: org/gradle/api/internal/tasks/DefaultTaskContainer_DecoratedCustomizer> (0x00000000eb5bc890) 
thrown [s\src\hotspot\share\classfile\systemDictionary.cpp, line 256]
Event: 13.751 Thread 0x000001b4ce8f9430 Exception <a 'java/lang/ClassNotFoundException'{0x00000000eb47f950}: java/io/FileBeanInfo> (0x00000000eb47f950) 
thrown [s\src\hotspot\share\classfile\systemDictionary.cpp, line 256]
Event: 13.752 Thread 0x000001b4ce8f9430 Exception <a 'java/lang/ClassNotFoundException'{0x00000000eb486408}: java/io/FileCustomizer> (0x00000000eb486408) 
thrown [s\src\hotspot\share\classfile\systemDictionary.cpp, line 256]
Event: 13.758 Thread 0x000001b4ce8f9430 Exception <a 'java/lang/ClassNotFoundException'{0x00000000eb4d1b48}: groovy/lang/ReferenceBeanInfo> (0x00000000eb4d1b48) 
thrown [s\src\hotspot\share\classfile\systemDictionary.cpp, line 256]
Event: 13.759 Thread 0x000001b4ce8f9430 Exception <a 'java/lang/ClassNotFoundException'{0x00000000eb4eb390}: groovy/lang/ReferenceCustomizer> (0x00000000eb4eb390) 
thrown [s\src\hotspot\share\classfile\systemDictionary.cpp, line 256]
Event: 13.763 Thread 0x000001b4ce8f9430 Exception <a 'java/lang/ClassNotFoundException'{0x00000000eb314ac0}: com/intellij/gradle/toolingExtension/impl/initScript/util/GradleJvmForkedDebuggerHelperBeanInfo> (0x00000000eb314ac0) 
thrown [s\src\hotspot\share\classfile\systemDictionary.cpp, line 256]
Event: 13.764 Thread 0x000001b4ce8f9430 Exception <a 'java/lang/ClassNotFoundException'{0x00000000eb321b50}: com/intellij/gradle/toolingExtension/impl/initScript/util/GradleJvmForkedDebuggerHelperCustomizer> (0x00000000eb321b50) 
thrown [s\src\hotspot\share\classfile\systemDictionary.cpp, line 256]
Event: 13.781 Thread 0x000001b4ce8f9430 Exception <a 'java/lang/ClassNotFoundException'{0x00000000eb392430}: com/intellij/gradle/toolingExtension/impl/util/collectionUtil/GradleCollectionUtilBeanInfo> (0x00000000eb392430) 
thrown [s\src\hotspot\share\classfile\systemDictionary.cpp, line 256]
Event: 13.781 Thread 0x000001b4ce8f9430 Exception <a 'java/lang/ClassNotFoundException'{0x00000000eb39f3d8}: com/intellij/gradle/toolingExtension/impl/util/collectionUtil/GradleCollectionUtilCustomizer> (0x00000000eb39f3d8) 
thrown [s\src\hotspot\share\classfile\systemDictionary.cpp, line 256]
Event: 13.794 Thread 0x000001b4ce8f9430 Exception <a 'java/lang/ClassNotFoundException'{0x00000000eb1ddf38}: org/gradle/api/internal/tasks/DefaultTaskCollection_DecoratedBeanInfo> (0x00000000eb1ddf38) 
thrown [s\src\hotspot\share\classfile\systemDictionary.cpp, line 256]
Event: 13.794 Thread 0x000001b4ce8f9430 Exception <a 'java/lang/ClassNotFoundException'{0x00000000eb1ea7b0}: org/gradle/api/internal/tasks/DefaultTaskCollection_DecoratedCustomizer> (0x00000000eb1ea7b0) 
thrown [s\src\hotspot\share\classfile\systemDictionary.cpp, line 256]
Event: 13.843 Thread 0x000001b4ce8f9430 Implicit null exception at 0x000001b4c3dc194b to 0x000001b4c3dc1970
Event: 14.030 Thread 0x000001b4ce8f9430 Exception <a 'java/lang/NoSuchMethodError'{0x00000000efd89e18}: 'int java.lang.invoke.DirectMethodHandle$Holder.invokeSpecialIFC(java.lang.Object, java.lang.Object, java.lang.Object, java.lang.Object, java.lang.Object)'> (0x00000000efd89e18) 
thrown [s\src\hotspot\share\interpreter\linkResolver.cpp, line 759]
Event: 14.108 Thread 0x000001b4ce8f9430 Exception <a 'java/lang/NoSuchMethodError'{0x00000000ef9bde90}: 'java.lang.Object java.lang.invoke.DirectMethodHandle$Holder.newInvokeSpecial(java.lang.Object, java.lang.Object, java.lang.Object, java.lang.Object, java.lang.Object, java.lang.Object, int)'> (0x00000000ef9bde90) 
thrown [s\src\hotspot\share\interpreter\linkResolver.cpp, line 759]
Event: 14.108 Thread 0x000001b4ce8f9430 Exception <a 'java/lang/NoSuchMethodError'{0x00000000ef9c3898}: 'java.lang.Object java.lang.invoke.DirectMethodHandle$Holder.invokeSpecial(java.lang.Object, java.lang.Object, java.lang.Object, java.lang.Object, java.lang.Object, java.lang.Object, java.lang.Object, int)'> (0x00000000ef9c3898) 
thrown [s\src\hotspot\share\interpreter\linkResolver.cpp, line 759]
Event: 14.109 Thread 0x000001b4ce8f9430 Exception <a 'java/lang/NoSuchMethodError'{0x00000000ef9c8c70}: 'java.lang.Object java.lang.invoke.Invokers$Holder.linkToTargetMethod(java.lang.Object, java.lang.Object, java.lang.Object, java.lang.Object, java.lang.Object, int, java.lang.Object)'> (0x00000000ef9c8c70) 
thrown [s\src\hotspot\share\interpreter\linkResolver.cpp, line 759]
Event: 14.194 Thread 0x000001b4ed151130 Exception <a 'java/lang/NoSuchMethodError'{0x00000000ef66bdb0}: 'void java.lang.invoke.DirectMethodHandle$Holder.invokeStatic(java.lang.Object, long)'> (0x00000000ef66bdb0) 
thrown [s\src\hotspot\share\interpreter\linkResolver.cpp, line 759]
Event: 14.196 Thread 0x000001b4ed151130 Exception <a 'java/lang/NoSuchMethodError'{0x00000000ef676c40}: 'java.lang.Object java.lang.invoke.DirectMethodHandle$Holder.invokeStatic(java.lang.Object, java.lang.Object, long, java.lang.Object)'> (0x00000000ef676c40) 
thrown [s\src\hotspot\share\interpreter\linkResolver.cpp, line 759]
Event: 14.198 Thread 0x000001b4ed151130 Exception <a 'java/lang/NoSuchMethodError'{0x00000000ef67a418}: 'java.lang.Object java.lang.invoke.DirectMethodHandle$Holder.invokeStaticInit(java.lang.Object, java.lang.Object, long, java.lang.Object)'> (0x00000000ef67a418) 
thrown [s\src\hotspot\share\interpreter\linkResolver.cpp, line 759]

VM Operations (20 events):
Event: 11.245 Executing VM operation: HandshakeAllThreads
Event: 11.245 Executing VM operation: HandshakeAllThreads done
Event: 11.883 Executing VM operation: G1CollectForAllocation
Event: 11.906 Executing VM operation: G1CollectForAllocation done
Event: 12.292 Executing VM operation: ICBufferFull
Event: 12.293 Executing VM operation: ICBufferFull done
Event: 13.066 Executing VM operation: ICBufferFull
Event: 13.066 Executing VM operation: ICBufferFull done
Event: 13.528 Executing VM operation: HandshakeAllThreads
Event: 13.528 Executing VM operation: HandshakeAllThreads done
Event: 13.551 Executing VM operation: ICBufferFull
Event: 13.551 Executing VM operation: ICBufferFull done
Event: 13.898 Executing VM operation: CollectForMetadataAllocation
Event: 13.932 Executing VM operation: CollectForMetadataAllocation done
Event: 14.002 Executing VM operation: G1PauseRemark
Event: 14.009 Executing VM operation: G1PauseRemark done
Event: 14.009 Executing VM operation: G1PauseCleanup
Event: 14.009 Executing VM operation: G1PauseCleanup done
Event: 14.202 Executing VM operation: HandshakeAllThreads
Event: 14.202 Executing VM operation: HandshakeAllThreads done

Memory protections (0 events):
No events

Nmethod flushes (20 events):
Event: 10.954 Thread 0x000001b4ce8f9940 flushing  nmethod 0x000001b4bc989610
Event: 10.954 Thread 0x000001b4ce8f9940 flushing  nmethod 0x000001b4bc98ea10
Event: 10.954 Thread 0x000001b4ce8f9940 flushing  nmethod 0x000001b4bc993490
Event: 10.954 Thread 0x000001b4ce8f9940 flushing  nmethod 0x000001b4bc9bbb10
Event: 10.955 Thread 0x000001b4ce8f9940 flushing  nmethod 0x000001b4bca0f590
Event: 10.955 Thread 0x000001b4ce8f9940 flushing  nmethod 0x000001b4bca42390
Event: 10.955 Thread 0x000001b4ce8f9940 flushing  nmethod 0x000001b4bca97090
Event: 10.955 Thread 0x000001b4ce8f9940 flushing  nmethod 0x000001b4bca97610
Event: 10.955 Thread 0x000001b4ce8f9940 flushing  nmethod 0x000001b4bca97d90
Event: 10.955 Thread 0x000001b4ce8f9940 flushing  nmethod 0x000001b4bca98190
Event: 10.955 Thread 0x000001b4ce8f9940 flushing  nmethod 0x000001b4bca98890
Event: 10.955 Thread 0x000001b4ce8f9940 flushing  nmethod 0x000001b4bca99410
Event: 10.955 Thread 0x000001b4ce8f9940 flushing  nmethod 0x000001b4bca99e10
Event: 10.955 Thread 0x000001b4ce8f9940 flushing  nmethod 0x000001b4bca9da90
Event: 10.955 Thread 0x000001b4ce8f9940 flushing  nmethod 0x000001b4bcab1610
Event: 10.955 Thread 0x000001b4ce8f9940 flushing  nmethod 0x000001b4bcacd210
Event: 10.955 Thread 0x000001b4ce8f9940 flushing  nmethod 0x000001b4bcacd610
Event: 10.956 Thread 0x000001b4ce8f9940 flushing  nmethod 0x000001b4bcace310
Event: 10.956 Thread 0x000001b4ce8f9940 flushing  nmethod 0x000001b4bcace990
Event: 10.956 Thread 0x000001b4ce8f9940 flushing  nmethod 0x000001b4bcacee10

Events (20 events):
Event: 9.089 Thread 0x000001b4ce8f9430 Thread added: 0x000001b4ead7b970
Event: 9.227 Thread 0x000001b4ce8f9430 Thread added: 0x000001b4ead781c0
Event: 9.228 Thread 0x000001b4ce8f9430 Thread added: 0x000001b4ead7a020
Event: 9.229 Thread 0x000001b4ce8f9430 Thread added: 0x000001b4ead786d0
Event: 12.099 Thread 0x000001b4ce8f9430 Thread added: 0x000001b4ead79b10
Event: 12.100 Thread 0x000001b4ce8f9430 Thread added: 0x000001b4ead7a530
Event: 12.100 Thread 0x000001b4ce8f9430 Thread added: 0x000001b4ead7aa40
Event: 12.141 Thread 0x000001b4ce8f9430 Thread added: 0x000001b4ead75940
Event: 12.143 Thread 0x000001b4ce8f9430 Thread added: 0x000001b4ead76360
Event: 12.147 Thread 0x000001b4ce8f9430 Thread added: 0x000001b4ead74500
Event: 12.261 Thread 0x000001b4ce8f9430 Thread added: 0x000001b4ead7af50
Event: 12.262 Thread 0x000001b4ce8f9430 Thread added: 0x000001b4ead75430
Event: 12.262 Thread 0x000001b4ce8f9430 Thread added: 0x000001b4ead7be80
Event: 12.862 Thread 0x000001b4ce8f9430 Thread added: 0x000001b4ead74a10
Event: 14.121 Thread 0x000001b4ce8f9430 Thread added: 0x000001b4ed14e8b0
Event: 14.122 Thread 0x000001b4ed14e8b0 Thread added: 0x000001b4ed14f2d0
Event: 14.122 Thread 0x000001b4ed14e8b0 Thread added: 0x000001b4ed14f7e0
Event: 14.176 Thread 0x000001b4ed14e8b0 Thread added: 0x000001b4ed151130
Event: 14.204 Thread 0x000001b4ed151130 Thread added: 0x000001b4ed14abf0
Event: 14.204 Thread 0x000001b4ed151130 Thread added: 0x000001b4ed152060


Dynamic libraries:
0x00007ff703980000 - 0x00007ff70398e000 	C:\Users\Clement\.jdks\ms-17.0.15\bin\java.exe
0x00007ff94d170000 - 0x00007ff94d368000 	C:\WINDOWS\SYSTEM32\ntdll.dll
0x00007ff94b190000 - 0x00007ff94b252000 	C:\WINDOWS\System32\KERNEL32.DLL
0x00007ff94aaf0000 - 0x00007ff94ade6000 	C:\WINDOWS\System32\KERNELBASE.dll
0x00007ff946400000 - 0x00007ff946494000 	C:\WINDOWS\SYSTEM32\apphelp.dll
0x00007ff94b000000 - 0x00007ff94b100000 	C:\WINDOWS\System32\ucrtbase.dll
0x00007ff927720000 - 0x00007ff927737000 	C:\Users\Clement\.jdks\ms-17.0.15\bin\jli.dll
0x00007ff9264d0000 - 0x00007ff9264ed000 	C:\Users\Clement\.jdks\ms-17.0.15\bin\VCRUNTIME140.dll
0x00007ff94bb20000 - 0x00007ff94bcbd000 	C:\WINDOWS\System32\USER32.dll
0x00007ff94aa10000 - 0x00007ff94aa32000 	C:\WINDOWS\System32\win32u.dll
0x00007ff93c530000 - 0x00007ff93c7ca000 	C:\WINDOWS\WinSxS\amd64_microsoft.windows.common-controls_6595b64144ccf1df_6.0.19041.4355_none_60b8b9eb71f62e16\COMCTL32.dll
0x00007ff94b2f0000 - 0x00007ff94b31b000 	C:\WINDOWS\System32\GDI32.dll
0x00007ff94b750000 - 0x00007ff94b7ee000 	C:\WINDOWS\System32\msvcrt.dll
0x00007ff94aee0000 - 0x00007ff94affa000 	C:\WINDOWS\System32\gdi32full.dll
0x00007ff94ae40000 - 0x00007ff94aedd000 	C:\WINDOWS\System32\msvcp_win.dll
0x00007ff94bcf0000 - 0x00007ff94bd1f000 	C:\WINDOWS\System32\IMM32.DLL
0x00007ff93f730000 - 0x00007ff93f73c000 	C:\Users\Clement\.jdks\ms-17.0.15\bin\vcruntime140_1.dll
0x00007ff910be0000 - 0x00007ff910c6d000 	C:\Users\Clement\.jdks\ms-17.0.15\bin\msvcp140.dll
0x00007ff8e3120000 - 0x00007ff8e3d92000 	C:\Users\Clement\.jdks\ms-17.0.15\bin\server\jvm.dll
0x00007ff94bf40000 - 0x00007ff94bfef000 	C:\WINDOWS\System32\ADVAPI32.dll
0x00007ff94b7f0000 - 0x00007ff94b88f000 	C:\WINDOWS\System32\sechost.dll
0x00007ff94bd20000 - 0x00007ff94be43000 	C:\WINDOWS\System32\RPCRT4.dll
0x00007ff94a9e0000 - 0x00007ff94aa07000 	C:\WINDOWS\System32\bcrypt.dll
0x00007ff94c1a0000 - 0x00007ff94c20b000 	C:\WINDOWS\System32\WS2_32.dll
0x00007ff949d90000 - 0x00007ff949ddb000 	C:\WINDOWS\SYSTEM32\POWRPROF.dll
0x00007ff938300000 - 0x00007ff938327000 	C:\WINDOWS\SYSTEM32\WINMM.dll
0x00007ff93fb30000 - 0x00007ff93fb3a000 	C:\WINDOWS\SYSTEM32\VERSION.dll
0x00007ff949c00000 - 0x00007ff949c12000 	C:\WINDOWS\SYSTEM32\UMPDC.dll
0x00007ff948680000 - 0x00007ff948692000 	C:\WINDOWS\SYSTEM32\kernel.appcore.dll
0x00007ff926dd0000 - 0x00007ff926dda000 	C:\Users\Clement\.jdks\ms-17.0.15\bin\jimage.dll
0x00007ff948000000 - 0x00007ff9481e4000 	C:\WINDOWS\SYSTEM32\DBGHELP.DLL
0x00007ff9435f0000 - 0x00007ff943624000 	C:\WINDOWS\SYSTEM32\dbgcore.DLL
0x00007ff94b100000 - 0x00007ff94b182000 	C:\WINDOWS\System32\bcryptPrimitives.dll
0x00007ff926cb0000 - 0x00007ff926cbe000 	C:\Users\Clement\.jdks\ms-17.0.15\bin\instrument.dll
0x00007ff9262a0000 - 0x00007ff9262c5000 	C:\Users\Clement\.jdks\ms-17.0.15\bin\java.dll
0x00007ff901c40000 - 0x00007ff901d16000 	C:\Users\Clement\.jdks\ms-17.0.15\bin\jsvml.dll
0x00007ff94c210000 - 0x00007ff94c97f000 	C:\WINDOWS\System32\SHELL32.dll
0x00007ff948880000 - 0x00007ff949023000 	C:\WINDOWS\SYSTEM32\windows.storage.dll
0x00007ff94b3f0000 - 0x00007ff94b745000 	C:\WINDOWS\System32\combase.dll
0x00007ff94a230000 - 0x00007ff94a25b000 	C:\WINDOWS\SYSTEM32\Wldp.dll
0x00007ff94b320000 - 0x00007ff94b3ed000 	C:\WINDOWS\System32\OLEAUT32.dll
0x00007ff94b890000 - 0x00007ff94b93d000 	C:\WINDOWS\System32\SHCORE.dll
0x00007ff94ba50000 - 0x00007ff94baa5000 	C:\WINDOWS\System32\shlwapi.dll
0x00007ff94a730000 - 0x00007ff94a755000 	C:\WINDOWS\SYSTEM32\profapi.dll
0x00007ff926280000 - 0x00007ff926298000 	C:\Users\Clement\.jdks\ms-17.0.15\bin\zip.dll
0x00007ff9261d0000 - 0x00007ff9261ea000 	C:\Users\Clement\.jdks\ms-17.0.15\bin\net.dll
0x00007ff943850000 - 0x00007ff94395a000 	C:\WINDOWS\SYSTEM32\WINHTTP.dll
0x00007ff949f90000 - 0x00007ff949ffc000 	C:\WINDOWS\system32\mswsock.dll
0x00007ff9219b0000 - 0x00007ff9219c6000 	C:\Users\Clement\.jdks\ms-17.0.15\bin\nio.dll
0x00007ff92e150000 - 0x00007ff92e160000 	C:\Users\Clement\.jdks\ms-17.0.15\bin\verify.dll
0x00007ff92bfc0000 - 0x00007ff92bfe7000 	C:\Users\Clement\.gradle\native\1def1411415f61bf3af743bc5b6707747c0891f09f0c88961ee8f79bc544acac\windows-amd64\native-platform.dll
0x00007ff902fe0000 - 0x00007ff903058000 	C:\Users\Clement\.gradle\native\0.2.7\x86_64-windows-gnu\gradle-fileevents.dll
0x00007ff92e140000 - 0x00007ff92e14a000 	C:\Users\Clement\.jdks\ms-17.0.15\bin\management.dll
0x00007ff926c20000 - 0x00007ff926c2b000 	C:\Users\Clement\.jdks\ms-17.0.15\bin\management_ext.dll
0x00007ff94bb10000 - 0x00007ff94bb18000 	C:\WINDOWS\System32\PSAPI.DLL
0x00007ff949c20000 - 0x00007ff949c5b000 	C:\WINDOWS\SYSTEM32\IPHLPAPI.DLL
0x00007ff94be50000 - 0x00007ff94be58000 	C:\WINDOWS\System32\NSI.dll
0x00007ff944450000 - 0x00007ff944467000 	C:\WINDOWS\SYSTEM32\dhcpcsvc6.DLL
0x00007ff943b30000 - 0x00007ff943b4d000 	C:\WINDOWS\SYSTEM32\dhcpcsvc.DLL
0x00007ff949c70000 - 0x00007ff949d3a000 	C:\WINDOWS\SYSTEM32\DNSAPI.dll
0x00007ff926be0000 - 0x00007ff926be9000 	C:\Users\Clement\.jdks\ms-17.0.15\bin\extnet.dll
0x00007ff94a180000 - 0x00007ff94a198000 	C:\WINDOWS\SYSTEM32\CRYPTSP.dll
0x00007ff949840000 - 0x00007ff949878000 	C:\WINDOWS\system32\rsaenh.dll
0x00007ff94a6b0000 - 0x00007ff94a6de000 	C:\WINDOWS\SYSTEM32\USERENV.dll
0x00007ff94a1a0000 - 0x00007ff94a1ac000 	C:\WINDOWS\SYSTEM32\CRYPTBASE.dll
0x00007ff926340000 - 0x00007ff92634e000 	C:\Users\Clement\.jdks\ms-17.0.15\bin\sunmscapi.dll
0x00007ff94a880000 - 0x00007ff94a9dd000 	C:\WINDOWS\System32\CRYPT32.dll
0x00007ff94a2a0000 - 0x00007ff94a2c7000 	C:\WINDOWS\SYSTEM32\ncrypt.dll
0x00007ff94a260000 - 0x00007ff94a29b000 	C:\WINDOWS\SYSTEM32\NTASN1.dll
0x00007ff91e760000 - 0x00007ff91e767000 	C:\WINDOWS\system32\wshunix.dll
0x0000000058ba0000 - 0x0000000058bd5000 	C:\Program Files\Bonjour\mdnsNSP.dll
0x00007ff93dcf0000 - 0x00007ff93e144000 	C:\WINDOWS\system32\RssHmm64.nsp
0x00007ff93f020000 - 0x00007ff93f02a000 	C:\Windows\System32\rasadhlp.dll
0x00007ff93eb70000 - 0x00007ff93ebf0000 	C:\WINDOWS\System32\fwpuclnt.dll

dbghelp: loaded successfully - version: 4.0.5 - missing functions: none
symbol engine: initialized successfully - sym options: 0x614 - pdb path: .;C:\Users\Clement\.jdks\ms-17.0.15\bin;C:\WINDOWS\SYSTEM32;C:\WINDOWS\WinSxS\amd64_microsoft.windows.common-controls_6595b64144ccf1df_6.0.19041.4355_none_60b8b9eb71f62e16;C:\Users\Clement\.jdks\ms-17.0.15\bin\server;C:\Users\Clement\.gradle\native\1def1411415f61bf3af743bc5b6707747c0891f09f0c88961ee8f79bc544acac\windows-amd64;C:\Users\Clement\.gradle\native\0.2.7\x86_64-windows-gnu;C:\Program Files\Bonjour

VM Arguments:
jvm_args: --add-opens=java.base/java.lang=ALL-UNNAMED --add-opens=java.base/java.lang.invoke=ALL-UNNAMED --add-opens=java.base/java.util=ALL-UNNAMED --add-opens=java.prefs/java.util.prefs=ALL-UNNAMED --add-exports=jdk.compiler/com.sun.tools.javac.api=ALL-UNNAMED --add-exports=jdk.compiler/com.sun.tools.javac.util=ALL-UNNAMED --add-opens=java.base/java.util=ALL-UNNAMED --add-opens=java.prefs/java.util.prefs=ALL-UNNAMED --add-opens=java.base/java.nio.charset=ALL-UNNAMED --add-opens=java.base/java.net=ALL-UNNAMED --add-opens=java.base/java.util.concurrent.atomic=ALL-UNNAMED --add-opens=java.xml/javax.xml.namespace=ALL-UNNAMED -XX:MaxMetaspaceSize=384m -XX:+HeapDumpOnOutOfMemoryError -Xms256m -Xmx512m -Dfile.encoding=UTF-8 -Duser.country=AU -Duser.language=en -Duser.variant -javaagent:C:\Users\Clement\.gradle\wrapper\dists\gradle-8.13-bin\5xuhj0ry160q40clulazy9h7d\gradle-8.13\lib\agents\gradle-instrumentation-agent-8.13.jar 
java_command: org.gradle.launcher.daemon.bootstrap.GradleDaemon 8.13
java_class_path (initial): C:\Users\Clement\.gradle\wrapper\dists\gradle-8.13-bin\5xuhj0ry160q40clulazy9h7d\gradle-8.13\lib\gradle-daemon-main-8.13.jar
Launcher Type: SUN_STANDARD

[Global flags]
     intx CICompilerCount                          = 3                                         {product} {ergonomic}
   size_t CompressedClassSpaceSize                 = 335544320                                 {product} {ergonomic}
     uint ConcGCThreads                            = 1                                         {product} {ergonomic}
     uint G1ConcRefinementThreads                  = 4                                         {product} {ergonomic}
   size_t G1HeapRegionSize                         = 1048576                                   {product} {ergonomic}
    uintx GCDrainStackTargetSize                   = 64                                        {product} {ergonomic}
     bool HeapDumpOnOutOfMemoryError               = true                                   {manageable} {command line}
   size_t InitialHeapSize                          = 268435456                                 {product} {command line}
   size_t MarkStackSize                            = 4194304                                   {product} {ergonomic}
   size_t MaxHeapSize                              = 536870912                                 {product} {command line}
   size_t MaxMetaspaceSize                         = 402653184                                 {product} {command line}
   size_t MaxNewSize                               = 321912832                                 {product} {ergonomic}
   size_t MinHeapDeltaBytes                        = 1048576                                   {product} {ergonomic}
   size_t MinHeapSize                              = 268435456                                 {product} {command line}
    uintx NonNMethodCodeHeapSize                   = 5832780                                {pd product} {ergonomic}
    uintx NonProfiledCodeHeapSize                  = 122912730                              {pd product} {ergonomic}
    uintx ProfiledCodeHeapSize                     = 122912730                              {pd product} {ergonomic}
    uintx ReservedCodeCacheSize                    = 251658240                              {pd product} {ergonomic}
     bool SegmentedCodeCache                       = true                                      {product} {ergonomic}
   size_t SoftMaxHeapSize                          = 536870912                              {manageable} {ergonomic}
     bool UseCompressedClassPointers               = true                           {product lp64_product} {ergonomic}
     bool UseCompressedOops                        = true                           {product lp64_product} {ergonomic}
     bool UseG1GC                                  = true                                      {product} {ergonomic}
     bool UseLargePagesIndividualAllocation        = false                                  {pd product} {ergonomic}

Logging:
Log output configuration:
 #0: stdout all=warning uptime,level,tags
 #1: stderr all=off uptime,level,tags

Environment Variables:
PATH=C:\Program Files (x86)\Common Files\Oracle\Java\javapath;C:\WINDOWS\system32;C:\WINDOWS;C:\WINDOWS\System32\Wbem;C:\WINDOWS\System32\WindowsPowerShell\v1.0\;C:\WINDOWS\System32\OpenSSH\;C:\Program Files\PuTTY\;C:\Program Files\Microsoft SQL Server\Client SDK\ODBC\170\Tools\Binn\;C:\Program Files (x86)\Microsoft SQL Server\150\Tools\Binn\;C:\Program Files\Microsoft SQL Server\150\Tools\Binn\;C:\Program Files\Microsoft SQL Server\150\DTS\Binn\;C:\Users\Clement\AppData\Local\Microsoft\WindowsApps;
USERNAME=Clement
OS=Windows_NT
PROCESSOR_IDENTIFIER=Intel64 Family 6 Model 69 Stepping 1, GenuineIntel
TMP=C:\Users\Clement\AppData\Local\Temp
TEMP=C:\Users\Clement\AppData\Local\Temp



Periodic native trim disabled


---------------  S Y S T E M  ---------------

OS:
 Windows 10 , 64 bit Build 19041 (10.0.19041.5678)
OS uptime: 8 days 10:31 hours

CPU: total 4 (initial active 4) (2 cores per cpu, 2 threads per core) family 6 model 69 stepping 1 microcode 0x25, cx8, cmov, fxsr, ht, mmx, sse, sse2, sse3, ssse3, sse4.1, sse4.2, popcnt, lzcnt, tsc, tscinvbit, avx, avx2, aes, erms, clmul, bmi1, bmi2, fma, vzeroupper, clflush
Processor Information for the first 4 processors :
  Max Mhz: 2701, Current Mhz: 2701, Mhz Limit: 2701

Memory: 4k page, system-wide physical 15051M (1310M free)
TotalPageFile size 15051M (AvailPageFile size 5M)
current process WorkingSet (physical memory assigned to process): 429M, peak: 432M
current process commit charge ("private bytes"): 518M, peak: 520M

vm_info: OpenJDK 64-Bit Server VM (17.0.15+6-LTS) for windows-amd64 JRE (17.0.15+6-LTS), built on Apr  9 2025 22:27:25 by "MicrosoftCorporation" with unknown MS VC++:1939

END.
