#
# There is insufficient memory for the Java Runtime Environment to continue.
# Native memory allocation (malloc) failed to allocate 939216 bytes for Chunk::new
# Possible reasons:
#   The system is out of physical RAM or swap space
#   The process is running with CompressedOops enabled, and the Java Heap may be blocking the growth of the native heap
# Possible solutions:
#   Reduce memory load on the system
#   Increase physical memory or swap space
#   Check if swap backing store is full
#   Decrease Java heap size (-Xmx/-Xms)
#   Decrease number of Java threads
#   Decrease Java thread stack sizes (-Xss)
#   Set larger code cache with -XX:ReservedCodeCacheSize=
#   JVM is running with Unscaled Compressed Oops mode in which the Java heap is
#     placed in the first 4GB address space. The Java Heap base address is the
#     maximum limit for the native heap growth. Please use -XX:HeapBaseMinAddress
#     to set the Java Heap base and to place the Java Heap above 4GB virtual address.
# This output file may be truncated or incomplete.
#
#  Out of Memory Error (allocation.cpp:389), pid=20060, tid=0x0000000000004960
#
# JRE version: Java(TM) SE Runtime Environment (8.0_311-b11) (build 1.8.0_311-b11)
# Java VM: Java HotSpot(TM) 64-Bit Server VM (25.311-b11 mixed mode windows-amd64 compressed oops)
# Failed to write core dump. Minidumps are not enabled by default on client versions of Windows
#

---------------  T H R E A D  ---------------

Current thread (0x000002c3770fe000):  JavaThread "C2 CompilerThread0" daemon [_thread_in_native, id=18784, stack(0x000000e4aac00000,0x000000e4aad00000)]

Stack: [0x000000e4aac00000,0x000000e4aad00000]
Native frames: (J=compiled Java code, j=interpreted, Vv=VM code, C=native code)
V  [jvm.dll+0x32f239]
V  [jvm.dll+0x275882]
V  [jvm.dll+0x27652d]
V  [jvm.dll+0x26cf65]
V  [jvm.dll+0xd558c]
V  [jvm.dll+0xd5d8c]
V  [jvm.dll+0x470b13]
V  [jvm.dll+0x4380d3]
V  [jvm.dll+0x441215]
V  [jvm.dll+0x4405d5]
V  [jvm.dll+0x42b38b]
V  [jvm.dll+0xac22b]
V  [jvm.dll+0xaa88b]
V  [jvm.dll+0x23df22]
V  [jvm.dll+0x29253c]
C  [ucrtbase.dll+0x21bb2]
C  [KERNEL32.DLL+0x17374]
C  [ntdll.dll+0x4cc91]


Current CompileTask:
C2:   8290 2530  s    4       java.lang.reflect.Executable::declaredAnnotations (59 bytes)


---------------  P R O C E S S  ---------------

Java Threads: ( => current thread )
  0x000002c37b85d800 JavaThread "File watcher consumer" daemon [_thread_blocked, id=18936, stack(0x000000e4ac200000,0x000000e4ac300000)]
  0x000002c37b85b000 JavaThread "File watcher server" daemon [_thread_in_native, id=20240, stack(0x000000e4ac100000,0x000000e4ac200000)]
  0x000002c37b85a800 JavaThread "Cache worker for Build Output Cleanup Cache (C:\Users\Clement\IdeaProjects\demo\.gradle\buildOutputCleanup)" [_thread_blocked, id=19824, stack(0x000000e4ac000000,0x000000e4ac100000)]
  0x000002c37b859800 JavaThread "Cache worker for file hash cache (C:\Users\Clement\IdeaProjects\demo\.gradle\8.13\fileHashes)" [_thread_blocked, id=2832, stack(0x000000e4abf00000,0x000000e4ac000000)]
  0x000002c37b85f000 JavaThread "Problems report writer" [_thread_blocked, id=15576, stack(0x000000e4abe00000,0x000000e4abf00000)]
  0x000002c37b858000 JavaThread "Cache worker for file hash cache (C:\Users\Clement\.gradle\caches\8.13\fileHashes)" [_thread_blocked, id=14884, stack(0x000000e4abd00000,0x000000e4abe00000)]
  0x000002c37b85c000 JavaThread "File lock request listener" [_thread_in_native, id=16376, stack(0x000000e4abc00000,0x000000e4abd00000)]
  0x000002c37b85e000 JavaThread "Cache worker for journal cache (C:\Users\Clement\.gradle\caches\journal-1)" [_thread_blocked, id=21676, stack(0x000000e4abb00000,0x000000e4abc00000)]
  0x000002c378ab0000 JavaThread "Daemon client event forwarder" [_thread_blocked, id=15716, stack(0x000000e4aba00000,0x000000e4abb00000)]
  0x000002c378aaf800 JavaThread "Stdin handler" [_thread_blocked, id=12920, stack(0x000000e4ab900000,0x000000e4aba00000)]
  0x000002c37a092000 JavaThread "Asynchronous log dispatcher for DefaultDaemonConnection: socket connection from /127.0.0.1:52076 to /127.0.0.1:52077" [_thread_blocked, id=17056, stack(0x000000e4ab800000,0x000000e4ab900000)]
  0x000002c379675800 JavaThread "Daemon worker" [_thread_in_native, id=17196, stack(0x000000e4ab700000,0x000000e4ab800000)]
  0x000002c378aac800 JavaThread "Cancel handler" [_thread_blocked, id=16024, stack(0x000000e4ab600000,0x000000e4ab700000)]
  0x000002c379675000 JavaThread "Handler for socket connection from /127.0.0.1:52076 to /127.0.0.1:52077" [_thread_in_native, id=16624, stack(0x000000e4ab500000,0x000000e4ab600000)]
  0x000002c37932b000 JavaThread "Daemon" [_thread_blocked, id=18036, stack(0x000000e4ab400000,0x000000e4ab500000)]
  0x000002c3797c4800 JavaThread "Daemon periodic checks" [_thread_blocked, id=4016, stack(0x000000e4ab300000,0x000000e4ab400000)]
  0x000002c377fb1000 JavaThread "Incoming local TCP Connector on port 52076" [_thread_in_native, id=17484, stack(0x000000e4ab200000,0x000000e4ab300000)]
  0x000002c378154800 JavaThread "Daemon health stats" [_thread_blocked, id=988, stack(0x000000e4ab100000,0x000000e4ab200000)]
  0x000002c37718e800 JavaThread "Service Thread" daemon [_thread_blocked, id=20828, stack(0x000000e4aaf00000,0x000000e4ab000000)]
  0x000002c377137800 JavaThread "C1 CompilerThread2" daemon [_thread_blocked, id=3624, stack(0x000000e4aae00000,0x000000e4aaf00000)]
  0x000002c377134000 JavaThread "C2 CompilerThread1" daemon [_thread_in_native, id=16068, stack(0x000000e4aad00000,0x000000e4aae00000)]
=>0x000002c3770fe000 JavaThread "C2 CompilerThread0" daemon [_thread_in_native, id=18784, stack(0x000000e4aac00000,0x000000e4aad00000)]
  0x000002c377077800 JavaThread "Attach Listener" daemon [_thread_blocked, id=2980, stack(0x000000e4aab00000,0x000000e4aac00000)]
  0x000002c377076000 JavaThread "Signal Dispatcher" daemon [_thread_blocked, id=19188, stack(0x000000e4aaa00000,0x000000e4aab00000)]
  0x000002c37705c000 JavaThread "Finalizer" daemon [_thread_blocked, id=2292, stack(0x000000e4aa900000,0x000000e4aaa00000)]
  0x000002c37692b800 JavaThread "Reference Handler" daemon [_thread_blocked, id=17704, stack(0x000000e4aa800000,0x000000e4aa900000)]
  0x000002c372fbc800 JavaThread "main" [_thread_blocked, id=6644, stack(0x000000e4aa200000,0x000000e4aa300000)]

Other Threads:
  0x000002c377034000 VMThread [stack: 0x000000e4aa700000,0x000000e4aa800000] [id=1716]
  0x000002c377c7f000 WatcherThread [stack: 0x000000e4ab000000,0x000000e4ab100000] [id=21276]

VM state:not at safepoint (normal execution)

VM Mutex/Monitor currently owned by a thread: None

heap address: 0x00000000e0000000, size: 512 MB, Compressed Oops mode: 32-bit
Narrow klass base: 0x0000000000000000, Narrow klass shift: 3
Compressed class space size: 1073741824 Address: 0x0000000100000000

Heap:
 PSYoungGen      total 160768K, used 9701K [0x00000000f5580000, 0x00000000fff80000, 0x0000000100000000)
  eden space 148480K, 6% used [0x00000000f5580000,0x00000000f5ef9430,0x00000000fe680000)
  from space 12288K, 0% used [0x00000000ff380000,0x00000000ff380000,0x00000000fff80000)
  to   space 12800K, 0% used [0x00000000fe680000,0x00000000fe680000,0x00000000ff300000)
 ParOldGen       total 175104K, used 14361K [0x00000000e0000000, 0x00000000eab00000, 0x00000000f5580000)
  object space 175104K, 8% used [0x00000000e0000000,0x00000000e0e065c0,0x00000000eab00000)
 Metaspace       used 29954K, capacity 31388K, committed 31616K, reserved 1077248K
  class space    used 4312K, capacity 4622K, committed 4736K, reserved 1048576K

Card table byte_map: [0x000002c374d70000,0x000002c374e80000] byte_map_base: 0x000002c374670000

Marking Bits: (ParMarkBitMap*) 0x0000000056c18030
 Begin Bits: [0x000002c374f30000, 0x000002c375730000)
 End Bits:   [0x000002c375730000, 0x000002c375f30000)

Polling page: 0x000002c3731c0000

CodeCache: size=245760Kb used=8117Kb max_used=8128Kb free=237642Kb
 bounds [0x000002c300000000, 0x000002c300800000, 0x000002c30f000000]
 total_blobs=2891 nmethods=2405 adapters=398
 compilation: enabled

Compilation events (10 events):
Event: 8.204 Thread 0x000002c377137800 2641       3       java.util.LinkedList$ListItr::hasNext (20 bytes)
Event: 8.204 Thread 0x000002c377137800 nmethod 2641 0x000002c3002957d0 code [0x000002c300295920, 0x000002c300295ad8]
Event: 8.205 Thread 0x000002c377137800 2642       3       java.lang.Class$MethodArray::removeLessSpecifics (111 bytes)
Event: 8.206 Thread 0x000002c377137800 nmethod 2642 0x000002c300294350 code [0x000002c300294560, 0x000002c3002952e0]
Event: 8.206 Thread 0x000002c377137800 2645       1       java.util.HashMap::afterNodeAccess (1 bytes)
Event: 8.206 Thread 0x000002c377137800 nmethod 2645 0x000002c300294090 code [0x000002c3002941e0, 0x000002c3002942f8]
Event: 8.206 Thread 0x000002c377137800 2643       3       org.codehaus.groovy.reflection.CachedClass::getInterfaces (11 bytes)
Event: 8.206 Thread 0x000002c377137800 nmethod 2643 0x000002c300293b10 code [0x000002c300293c80, 0x000002c300293f90]
Event: 8.206 Thread 0x000002c377137800 2644       3       org.codehaus.groovy.util.ReferenceType$1::createReference (11 bytes)
Event: 8.207 Thread 0x000002c377137800 nmethod 2644 0x000002c300293390 code [0x000002c300293520, 0x000002c300293918]

GC Heap History (10 events):
Event: 6.727 GC heap before
{Heap before GC invocations=6 (full 0):
 PSYoungGen      total 76288K, used 64186K [0x00000000f5580000, 0x00000000fed80000, 0x0000000100000000)
  eden space 65536K, 81% used [0x00000000f5580000,0x00000000f89d6c30,0x00000000f9580000)
  from space 10752K, 98% used [0x00000000f9580000,0x00000000f9fd7f18,0x00000000fa000000)
  to   space 12288K, 0% used [0x00000000fe180000,0x00000000fe180000,0x00000000fed80000)
 ParOldGen       total 175104K, used 40K [0x00000000e0000000, 0x00000000eab00000, 0x00000000f5580000)
  object space 175104K, 0% used [0x00000000e0000000,0x00000000e000a000,0x00000000eab00000)
 Metaspace       used 20299K, capacity 21196K, committed 21296K, reserved 1067008K
  class space    used 2920K, capacity 3150K, committed 3200K, reserved 1048576K
Event: 6.742 GC heap after
Heap after GC invocations=6 (full 0):
 PSYoungGen      total 142336K, used 10265K [0x00000000f5580000, 0x00000000fef80000, 0x0000000100000000)
  eden space 130048K, 0% used [0x00000000f5580000,0x00000000f5580000,0x00000000fd480000)
  from space 12288K, 83% used [0x00000000fe180000,0x00000000feb864a0,0x00000000fed80000)
  to   space 13312K, 0% used [0x00000000fd480000,0x00000000fd480000,0x00000000fe180000)
 ParOldGen       total 175104K, used 48K [0x00000000e0000000, 0x00000000eab00000, 0x00000000f5580000)
  object space 175104K, 0% used [0x00000000e0000000,0x00000000e000c000,0x00000000eab00000)
 Metaspace       used 20299K, capacity 21196K, committed 21296K, reserved 1067008K
  class space    used 2920K, capacity 3150K, committed 3200K, reserved 1048576K
}
Event: 6.742 GC heap before
{Heap before GC invocations=7 (full 1):
 PSYoungGen      total 142336K, used 10265K [0x00000000f5580000, 0x00000000fef80000, 0x0000000100000000)
  eden space 130048K, 0% used [0x00000000f5580000,0x00000000f5580000,0x00000000fd480000)
  from space 12288K, 83% used [0x00000000fe180000,0x00000000feb864a0,0x00000000fed80000)
  to   space 13312K, 0% used [0x00000000fd480000,0x00000000fd480000,0x00000000fe180000)
 ParOldGen       total 175104K, used 48K [0x00000000e0000000, 0x00000000eab00000, 0x00000000f5580000)
  object space 175104K, 0% used [0x00000000e0000000,0x00000000e000c000,0x00000000eab00000)
 Metaspace       used 20299K, capacity 21196K, committed 21296K, reserved 1067008K
  class space    used 2920K, capacity 3150K, committed 3200K, reserved 1048576K
Event: 6.801 GC heap after
Heap after GC invocations=7 (full 1):
 PSYoungGen      total 142336K, used 0K [0x00000000f5580000, 0x00000000fef80000, 0x0000000100000000)
  eden space 130048K, 0% used [0x00000000f5580000,0x00000000f5580000,0x00000000fd480000)
  from space 12288K, 0% used [0x00000000fe180000,0x00000000fe180000,0x00000000fed80000)
  to   space 13312K, 0% used [0x00000000fd480000,0x00000000fd480000,0x00000000fe180000)
 ParOldGen       total 175104K, used 10028K [0x00000000e0000000, 0x00000000eab00000, 0x00000000f5580000)
  object space 175104K, 5% used [0x00000000e0000000,0x00000000e09cb398,0x00000000eab00000)
 Metaspace       used 20299K, capacity 21196K, committed 21296K, reserved 1067008K
  class space    used 2920K, capacity 3150K, committed 3200K, reserved 1048576K
}
Event: 7.730 GC heap before
{Heap before GC invocations=8 (full 1):
 PSYoungGen      total 142336K, used 130048K [0x00000000f5580000, 0x00000000fef80000, 0x0000000100000000)
  eden space 130048K, 100% used [0x00000000f5580000,0x00000000fd480000,0x00000000fd480000)
  from space 12288K, 0% used [0x00000000fe180000,0x00000000fe180000,0x00000000fed80000)
  to   space 13312K, 0% used [0x00000000fd480000,0x00000000fd480000,0x00000000fe180000)
 ParOldGen       total 175104K, used 10028K [0x00000000e0000000, 0x00000000eab00000, 0x00000000f5580000)
  object space 175104K, 5% used [0x00000000e0000000,0x00000000e09cb398,0x00000000eab00000)
 Metaspace       used 26431K, capacity 27768K, committed 28032K, reserved 1073152K
  class space    used 3828K, capacity 4124K, committed 4224K, reserved 1048576K
Event: 7.740 GC heap after
Heap after GC invocations=8 (full 1):
 PSYoungGen      total 143360K, used 8781K [0x00000000f5580000, 0x0000000100000000, 0x0000000100000000)
  eden space 130048K, 0% used [0x00000000f5580000,0x00000000f5580000,0x00000000fd480000)
  from space 13312K, 65% used [0x00000000fd480000,0x00000000fdd13658,0x00000000fe180000)
  to   space 12800K, 0% used [0x00000000ff380000,0x00000000ff380000,0x0000000100000000)
 ParOldGen       total 175104K, used 10036K [0x00000000e0000000, 0x00000000eab00000, 0x00000000f5580000)
  object space 175104K, 5% used [0x00000000e0000000,0x00000000e09cd398,0x00000000eab00000)
 Metaspace       used 26431K, capacity 27768K, committed 28032K, reserved 1073152K
  class space    used 3828K, capacity 4124K, committed 4224K, reserved 1048576K
}
Event: 8.131 GC heap before
{Heap before GC invocations=9 (full 1):
 PSYoungGen      total 143360K, used 57261K [0x00000000f5580000, 0x0000000100000000, 0x0000000100000000)
  eden space 130048K, 37% used [0x00000000f5580000,0x00000000f84d7f68,0x00000000fd480000)
  from space 13312K, 65% used [0x00000000fd480000,0x00000000fdd13658,0x00000000fe180000)
  to   space 12800K, 0% used [0x00000000ff380000,0x00000000ff380000,0x0000000100000000)
 ParOldGen       total 175104K, used 10036K [0x00000000e0000000, 0x00000000eab00000, 0x00000000f5580000)
  object space 175104K, 5% used [0x00000000e0000000,0x00000000e09cd398,0x00000000eab00000)
 Metaspace       used 29213K, capacity 30644K, committed 30720K, reserved 1079296K
  class space    used 4261K, capacity 4588K, committed 4608K, reserved 1048576K
Event: 8.138 GC heap after
Heap after GC invocations=9 (full 1):
 PSYoungGen      total 160768K, used 6382K [0x00000000f5580000, 0x00000000fff80000, 0x0000000100000000)
  eden space 148480K, 0% used [0x00000000f5580000,0x00000000f5580000,0x00000000fe680000)
  from space 12288K, 51% used [0x00000000ff380000,0x00000000ff9bb9e8,0x00000000fff80000)
  to   space 12800K, 0% used [0x00000000fe680000,0x00000000fe680000,0x00000000ff300000)
 ParOldGen       total 175104K, used 10044K [0x00000000e0000000, 0x00000000eab00000, 0x00000000f5580000)
  object space 175104K, 5% used [0x00000000e0000000,0x00000000e09cf398,0x00000000eab00000)
 Metaspace       used 29213K, capacity 30644K, committed 30720K, reserved 1079296K
  class space    used 4261K, capacity 4588K, committed 4608K, reserved 1048576K
}
Event: 8.138 GC heap before
{Heap before GC invocations=10 (full 2):
 PSYoungGen      total 160768K, used 6382K [0x00000000f5580000, 0x00000000fff80000, 0x0000000100000000)
  eden space 148480K, 0% used [0x00000000f5580000,0x00000000f5580000,0x00000000fe680000)
  from space 12288K, 51% used [0x00000000ff380000,0x00000000ff9bb9e8,0x00000000fff80000)
  to   space 12800K, 0% used [0x00000000fe680000,0x00000000fe680000,0x00000000ff300000)
 ParOldGen       total 175104K, used 10044K [0x00000000e0000000, 0x00000000eab00000, 0x00000000f5580000)
  object space 175104K, 5% used [0x00000000e0000000,0x00000000e09cf398,0x00000000eab00000)
 Metaspace       used 29213K, capacity 30644K, committed 30720K, reserved 1079296K
  class space    used 4261K, capacity 4588K, committed 4608K, reserved 1048576K
Event: 8.180 GC heap after
Heap after GC invocations=10 (full 2):
 PSYoungGen      total 160768K, used 0K [0x00000000f5580000, 0x00000000fff80000, 0x0000000100000000)
  eden space 148480K, 0% used [0x00000000f5580000,0x00000000f5580000,0x00000000fe680000)
  from space 12288K, 0% used [0x00000000ff380000,0x00000000ff380000,0x00000000fff80000)
  to   space 12800K, 0% used [0x00000000fe680000,0x00000000fe680000,0x00000000ff300000)
 ParOldGen       total 175104K, used 14361K [0x00000000e0000000, 0x00000000eab00000, 0x00000000f5580000)
  object space 175104K, 8% used [0x00000000e0000000,0x00000000e0e065c0,0x00000000eab00000)
 Metaspace       used 29213K, capacity 30644K, committed 30720K, reserved 1077248K
  class space    used 4261K, capacity 4588K, committed 4608K, reserved 1048576K
}

Deoptimization events (10 events):
Event: 6.934 Thread 0x000002c37b85f000 Uncommon trap: reason=unstable_if action=reinterpret pc=0x000002c30056f1b8 method=sun.nio.cs.UTF_8$Encoder.encodeArrayLoop(Ljava/nio/CharBuffer;Ljava/nio/ByteBuffer;)Ljava/nio/charset/CoderResult; @ 113
Event: 7.215 Thread 0x000002c379675800 Uncommon trap: reason=unstable_if action=reinterpret pc=0x000002c3004c54ac method=java.util.HashMap.getNode(ILjava/lang/Object;)Ljava/util/HashMap$Node; @ 129
Event: 7.403 Thread 0x000002c379675800 Uncommon trap: reason=class_check action=maybe_recompile pc=0x000002c3004f38d4 method=java.lang.String.equals(Ljava/lang/Object;)Z @ 8
Event: 7.684 Thread 0x000002c379675800 Uncommon trap: reason=predicate action=maybe_recompile pc=0x000002c3007a1c9c method=com.google.common.base.CharMatcher.indexIn(Ljava/lang/CharSequence;I)I @ 22
Event: 7.902 Thread 0x000002c379675800 Uncommon trap: reason=unstable_if action=reinterpret pc=0x000002c300715170 method=java.util.HashMap.putVal(ILjava/lang/Object;Ljava/lang/Object;ZZ)Ljava/lang/Object; @ 162
Event: 7.921 Thread 0x000002c379675800 Uncommon trap: reason=class_check action=maybe_recompile pc=0x000002c3004f38d4 method=java.lang.String.equals(Ljava/lang/Object;)Z @ 8
Event: 7.955 Thread 0x000002c379675800 Uncommon trap: reason=unstable_if action=reinterpret pc=0x000002c3004e9a70 method=java.util.HashMap.hash(Ljava/lang/Object;)I @ 1
Event: 8.007 Thread 0x000002c379675800 Uncommon trap: reason=unstable_if action=reinterpret pc=0x000002c3004fc1e0 method=sun.misc.URLClassPath$JarLoader.getResource(Ljava/lang/String;ZLjava/util/Set;)Lsun/misc/Resource; @ 17
Event: 8.101 Thread 0x000002c379675800 Uncommon trap: reason=unstable_if action=reinterpret pc=0x000002c3003d4a98 method=sun.misc.MetaIndex.mayContain(Ljava/lang/String;)Z @ 38
Event: 8.103 Thread 0x000002c379675800 Uncommon trap: reason=unstable_if action=reinterpret pc=0x000002c300304f7c method=sun.misc.MetaIndex.mayContain(Ljava/lang/String;)Z @ 38

Classes redefined (0 events):
No events

Internal exceptions (10 events):
Event: 6.240 Thread 0x000002c379675800 Exception <a 'java/lang/NoSuchMethodError': java.lang.Object.lambda$and$0(Ljava/util/function/Predicate;Ljava/lang/Object;)Z> (0x00000000f8b6b140) thrown at [C:\jenkins\workspace\8-2-build-windows-amd64-cygwin\jdk8u311\1894\hotspot\src\share\vm\interprete
Event: 6.241 Thread 0x000002c379675800 Exception <a 'java/lang/IncompatibleClassChangeError': Found class java.lang.Object, but interface was expected> (0x00000000f8b77c60) thrown at [C:\jenkins\workspace\8-2-build-windows-amd64-cygwin\jdk8u311\1894\hotspot\src\share\vm\interpreter\linkResolve
Event: 6.243 Thread 0x000002c379675800 Exception <a 'java/lang/NoSuchMethodError': java.lang.Object.lambda$or$2(Ljava/util/function/Predicate;Ljava/lang/Object;)Z> (0x00000000f8b80210) thrown at [C:\jenkins\workspace\8-2-build-windows-amd64-cygwin\jdk8u311\1894\hotspot\src\share\vm\interpreter
Event: 6.271 Thread 0x000002c379675800 Implicit null exception at 0x000002c30022d218 to 0x000002c30022d2a6
Event: 6.291 Thread 0x000002c379675800 Exception <a 'java/lang/NoSuchMethodError': java.lang.Object.lambda$comparing$77a9974f$1(Ljava/util/function/Function;Ljava/lang/Object;Ljava/lang/Object;)I> (0x00000000f9163d28) thrown at [C:\jenkins\workspace\8-2-build-windows-amd64-cygwin\jdk8u311\1894
Event: 7.490 Thread 0x000002c379675800 Exception <a 'java/lang/NoSuchMethodError': java.lang.Object.lambda$static$0(Lorg/gradle/internal/execution/steps/WorkspaceContext;Lorg/gradle/internal/execution/history/BeforeExecutionState;Lcom/google/common/collect/ImmutableSortedMap;)Lcom/google/commo
Event: 7.562 Thread 0x000002c379675800 Exception <a 'java/lang/IncompatibleClassChangeError': Found class java.lang.Object, but interface was expected> (0x00000000fbd69430) thrown at [C:\jenkins\workspace\8-2-build-windows-amd64-cygwin\jdk8u311\1894\hotspot\src\share\vm\interpreter\linkResolve
Event: 7.595 Thread 0x000002c379675800 Exception <a 'java/lang/NoSuchMethodError': java.lang.Object.lambda$static$0(Ljava/util/Collection;)V> (0x00000000fc1ba240) thrown at [C:\jenkins\workspace\8-2-build-windows-amd64-cygwin\jdk8u311\1894\hotspot\src\share\vm\interpreter\linkResolver.cpp, lin
Event: 7.711 Thread 0x000002c379675800 Exception <a 'java/lang/NoSuchMethodError': java.lang.Object.lambda$static$0(Ljava/io/File;)V> (0x00000000fd0c64a0) thrown at [C:\jenkins\workspace\8-2-build-windows-amd64-cygwin\jdk8u311\1894\hotspot\src\share\vm\interpreter\linkResolver.cpp, line 620]
Event: 7.955 Thread 0x000002c379675800 Implicit null exception at 0x000002c3004e9855 to 0x000002c3004e9a61

Events (10 events):
Event: 8.259 loading class org/codehaus/groovy/runtime/dgmimpl/arrays/BooleanArrayPutAtMetaMethod
Event: 8.259 loading class org/codehaus/groovy/runtime/dgmimpl/arrays/BooleanArrayPutAtMetaMethod done
Event: 8.259 loading class org/codehaus/groovy/runtime/dgmimpl/arrays/ByteArrayGetAtMetaMethod
Event: 8.259 loading class org/codehaus/groovy/runtime/dgmimpl/arrays/ByteArrayGetAtMetaMethod done
Event: 8.260 loading class org/codehaus/groovy/runtime/dgmimpl/arrays/ByteArrayPutAtMetaMethod
Event: 8.260 loading class org/codehaus/groovy/runtime/dgmimpl/arrays/ByteArrayPutAtMetaMethod done
Event: 8.260 loading class org/codehaus/groovy/runtime/dgmimpl/arrays/CharacterArrayGetAtMetaMethod
Event: 8.260 loading class org/codehaus/groovy/runtime/dgmimpl/arrays/CharacterArrayGetAtMetaMethod done
Event: 8.261 loading class org/codehaus/groovy/runtime/dgmimpl/arrays/CharacterArrayPutAtMetaMethod
Event: 8.261 loading class org/codehaus/groovy/runtime/dgmimpl/arrays/CharacterArrayPutAtMetaMethod done


Dynamic libraries:
0x00007ff6027d0000 - 0x00007ff602817000 	C:\Program Files\Java\jre1.8.0_311\bin\java.exe
0x00007ff94d170000 - 0x00007ff94d368000 	C:\WINDOWS\SYSTEM32\ntdll.dll
0x00007ff94b190000 - 0x00007ff94b252000 	C:\WINDOWS\System32\KERNEL32.DLL
0x00007ff94aaf0000 - 0x00007ff94ade6000 	C:\WINDOWS\System32\KERNELBASE.dll
0x00007ff94bf40000 - 0x00007ff94bfef000 	C:\WINDOWS\System32\ADVAPI32.dll
0x00007ff94b750000 - 0x00007ff94b7ee000 	C:\WINDOWS\System32\msvcrt.dll
0x00007ff94b7f0000 - 0x00007ff94b88f000 	C:\WINDOWS\System32\sechost.dll
0x00007ff94bd20000 - 0x00007ff94be43000 	C:\WINDOWS\System32\RPCRT4.dll
0x00007ff94a9e0000 - 0x00007ff94aa07000 	C:\WINDOWS\System32\bcrypt.dll
0x00007ff94bb20000 - 0x00007ff94bcbd000 	C:\WINDOWS\System32\USER32.dll
0x00007ff94aa10000 - 0x00007ff94aa32000 	C:\WINDOWS\System32\win32u.dll
0x00007ff94b2f0000 - 0x00007ff94b31b000 	C:\WINDOWS\System32\GDI32.dll
0x00007ff94aee0000 - 0x00007ff94affa000 	C:\WINDOWS\System32\gdi32full.dll
0x00007ff94ae40000 - 0x00007ff94aedd000 	C:\WINDOWS\System32\msvcp_win.dll
0x00007ff94b000000 - 0x00007ff94b100000 	C:\WINDOWS\System32\ucrtbase.dll
0x00007ff93c530000 - 0x00007ff93c7ca000 	C:\WINDOWS\WinSxS\amd64_microsoft.windows.common-controls_6595b64144ccf1df_6.0.19041.4355_none_60b8b9eb71f62e16\COMCTL32.dll
0x00007ff94bcf0000 - 0x00007ff94bd1f000 	C:\WINDOWS\System32\IMM32.DLL
0x00007ff91e6e0000 - 0x00007ff91e6f5000 	C:\Program Files\Java\jre1.8.0_311\bin\vcruntime140.dll
0x00007ff8dd420000 - 0x00007ff8dd4bb000 	C:\Program Files\Java\jre1.8.0_311\bin\msvcp140.dll
0x0000000056430000 - 0x0000000056c90000 	C:\Program Files\Java\jre1.8.0_311\bin\server\jvm.dll
0x00007ff94bb10000 - 0x00007ff94bb18000 	C:\WINDOWS\System32\PSAPI.DLL
0x00007ff938300000 - 0x00007ff938327000 	C:\WINDOWS\SYSTEM32\WINMM.dll
0x00007ff93fb30000 - 0x00007ff93fb3a000 	C:\WINDOWS\SYSTEM32\VERSION.dll
0x00007ff92da80000 - 0x00007ff92da89000 	C:\WINDOWS\SYSTEM32\WSOCK32.dll
0x00007ff94c1a0000 - 0x00007ff94c20b000 	C:\WINDOWS\System32\WS2_32.dll
0x00007ff948680000 - 0x00007ff948692000 	C:\WINDOWS\SYSTEM32\kernel.appcore.dll
0x00007ff91def0000 - 0x00007ff91df00000 	C:\Program Files\Java\jre1.8.0_311\bin\verify.dll
0x00007ff90be20000 - 0x00007ff90be4b000 	C:\Program Files\Java\jre1.8.0_311\bin\java.dll
0x00007ff909ab0000 - 0x00007ff909ae0000 	C:\Program Files\Java\jre1.8.0_311\bin\instrument.dll
0x00007ff90b180000 - 0x00007ff90b198000 	C:\Program Files\Java\jre1.8.0_311\bin\zip.dll
0x00007ff94c210000 - 0x00007ff94c97f000 	C:\WINDOWS\System32\SHELL32.dll
0x00007ff948880000 - 0x00007ff949023000 	C:\WINDOWS\SYSTEM32\windows.storage.dll
0x00007ff94b3f0000 - 0x00007ff94b745000 	C:\WINDOWS\System32\combase.dll
0x00007ff94a230000 - 0x00007ff94a25b000 	C:\WINDOWS\SYSTEM32\Wldp.dll
0x00007ff94b320000 - 0x00007ff94b3ed000 	C:\WINDOWS\System32\OLEAUT32.dll
0x00007ff94b890000 - 0x00007ff94b93d000 	C:\WINDOWS\System32\SHCORE.dll
0x00007ff94ba50000 - 0x00007ff94baa5000 	C:\WINDOWS\System32\shlwapi.dll
0x00007ff94a730000 - 0x00007ff94a755000 	C:\WINDOWS\SYSTEM32\profapi.dll
0x00007ff909d90000 - 0x00007ff909dac000 	C:\Program Files\Java\jre1.8.0_311\bin\net.dll
0x00007ff949f90000 - 0x00007ff949ffc000 	C:\WINDOWS\system32\mswsock.dll
0x00007ff909d70000 - 0x00007ff909d83000 	C:\Program Files\Java\jre1.8.0_311\bin\nio.dll
0x00007ff921ab0000 - 0x00007ff921ad7000 	C:\Users\Clement\.gradle\native\1def1411415f61bf3af743bc5b6707747c0891f09f0c88961ee8f79bc544acac\windows-amd64\native-platform.dll
0x00007ff915330000 - 0x00007ff9153a8000 	C:\Users\Clement\.gradle\native\0.2.7\x86_64-windows-gnu\gradle-fileevents.dll
0x00007ff911430000 - 0x00007ff91143d000 	C:\Program Files\Java\jre1.8.0_311\bin\management.dll
0x00007ff949c20000 - 0x00007ff949c5b000 	C:\WINDOWS\SYSTEM32\IPHLPAPI.DLL
0x00007ff94be50000 - 0x00007ff94be58000 	C:\WINDOWS\System32\NSI.dll
0x00007ff944450000 - 0x00007ff944467000 	C:\WINDOWS\SYSTEM32\dhcpcsvc6.DLL
0x00007ff943b30000 - 0x00007ff943b4d000 	C:\WINDOWS\SYSTEM32\dhcpcsvc.DLL
0x00007ff949c70000 - 0x00007ff949d3a000 	C:\WINDOWS\SYSTEM32\DNSAPI.dll
0x00007ff94a180000 - 0x00007ff94a198000 	C:\WINDOWS\SYSTEM32\CRYPTSP.dll
0x00007ff949840000 - 0x00007ff949878000 	C:\WINDOWS\system32\rsaenh.dll
0x00007ff94a6b0000 - 0x00007ff94a6de000 	C:\WINDOWS\SYSTEM32\USERENV.dll
0x00007ff94b100000 - 0x00007ff94b182000 	C:\WINDOWS\System32\bcryptprimitives.dll
0x00007ff94a1a0000 - 0x00007ff94a1ac000 	C:\WINDOWS\SYSTEM32\CRYPTBASE.dll
0x00007ff948000000 - 0x00007ff9481e4000 	C:\WINDOWS\SYSTEM32\dbghelp.dll

VM Arguments:
jvm_args: -XX:MaxMetaspaceSize=384m -XX:+HeapDumpOnOutOfMemoryError -Xms256m -Xmx512m -Dfile.encoding=windows-1252 -Duser.country=AU -Duser.language=en -Duser.variant -javaagent:C:\Users\Clement\.gradle\wrapper\dists\gradle-8.13-bin\5xuhj0ry160q40clulazy9h7d\gradle-8.13\lib\agents\gradle-instrumentation-agent-8.13.jar 
java_command: org.gradle.launcher.daemon.bootstrap.GradleDaemon 8.13
java_class_path (initial): C:\Users\Clement\.gradle\wrapper\dists\gradle-8.13-bin\5xuhj0ry160q40clulazy9h7d\gradle-8.13\lib\gradle-daemon-main-8.13.jar;C:\Users\Clement\.gradle\wrapper\dists\gradle-8.13-bin\5xuhj0ry160q40clulazy9h7d\gradle-8.13\lib\agents\gradle-instrumentation-agent-8.13.jar
Launcher Type: SUN_STANDARD

Environment Variables:
CLASSPATH=C:\Users\Clement\IdeaProjects\demo\\gradle\wrapper\gradle-wrapper.jar
PATH=C:\Program Files (x86)\Common Files\Oracle\Java\javapath;C:\WINDOWS\system32;C:\WINDOWS;C:\WINDOWS\System32\Wbem;C:\WINDOWS\System32\WindowsPowerShell\v1.0\;C:\WINDOWS\System32\OpenSSH\;C:\Program Files\PuTTY\;C:\Program Files\Microsoft SQL Server\Client SDK\ODBC\170\Tools\Binn\;C:\Program Files (x86)\Microsoft SQL Server\150\Tools\Binn\;C:\Program Files\Microsoft SQL Server\150\Tools\Binn\;C:\Program Files\Microsoft SQL Server\150\DTS\Binn\;C:\Users\Clement\AppData\Local\Microsoft\WindowsApps;
USERNAME=Clement
OS=Windows_NT
PROCESSOR_IDENTIFIER=Intel64 Family 6 Model 69 Stepping 1, GenuineIntel



---------------  S Y S T E M  ---------------

OS: Windows 10.0 , 64 bit Build 19041 (10.0.19041.5678)

CPU:total 4 (initial active 4) (2 cores per cpu, 2 threads per core) family 6 model 69 stepping 1, cmov, cx8, fxsr, mmx, sse, sse2, sse3, ssse3, sse4.1, sse4.2, popcnt, avx, avx2, aes, clmul, erms, lzcnt, ht, tsc, tscinvbit, bmi1, bmi2

Memory: 4k page, physical 15412332k(1401480k free), swap 15412332k(10064k free)

vm_info: Java HotSpot(TM) 64-Bit Server VM (25.311-b11) for windows-amd64 JRE (1.8.0_311-b11), built on Sep 27 2021 05:15:14 by "java_re" with MS VC++ 15.9 (VS2017)

time: Thu May  1 16:17:08 2025
timezone: AUS Eastern Standard Time
elapsed time: 8.300883 seconds (0d 0h 0m 8s)

